[2025-12-04T11:48:06.325+0000] {local_task_job_runner.py:120} INFO - ::group::Pre task execution logs
[2025-12-04T11:48:06.354+0000] {taskinstance.py:2076} INFO - Dependencies all met for dep_context=non-requeueable deps ti=<TaskInstance: minio_to_snowflake.download_minio scheduled__2025-12-04T11:47:00+00:00 [queued]>
[2025-12-04T11:48:06.363+0000] {taskinstance.py:2076} INFO - Dependencies all met for dep_context=requeueable deps ti=<TaskInstance: minio_to_snowflake.download_minio scheduled__2025-12-04T11:47:00+00:00 [queued]>
[2025-12-04T11:48:06.367+0000] {taskinstance.py:2306} INFO - Starting attempt 1 of 2
[2025-12-04T11:48:06.387+0000] {taskinstance.py:2330} INFO - Executing <Task(PythonOperator): download_minio> on 2025-12-04 11:47:00+00:00
[2025-12-04T11:48:06.398+0000] {standard_task_runner.py:90} INFO - Running: ['***', 'tasks', 'run', 'minio_to_snowflake', 'download_minio', 'scheduled__2025-12-04T11:47:00+00:00', '--job-id', '281', '--raw', '--subdir', 'DAGS_FOLDER/minio_to_snowflake.py', '--cfg-path', '/tmp/tmpj22nwm4y']
[2025-12-04T11:48:06.401+0000] {logging_mixin.py:188} WARNING - /home/***/.local/lib/python3.12/site-packages/***/task/task_runner/standard_task_runner.py:62 DeprecationWarning: This process (pid=9405) is multi-threaded, use of fork() may lead to deadlocks in the child.
[2025-12-04T11:48:06.402+0000] {standard_task_runner.py:91} INFO - Job 281: Subtask download_minio
[2025-12-04T11:48:06.402+0000] {standard_task_runner.py:64} INFO - Started process 9411 to run task
[2025-12-04T11:48:06.462+0000] {task_command.py:426} INFO - Running <TaskInstance: minio_to_snowflake.download_minio scheduled__2025-12-04T11:47:00+00:00 [running]> on host 9f4d3c62d25a
[2025-12-04T11:48:06.579+0000] {taskinstance.py:2648} INFO - Exporting env vars: AIRFLOW_CTX_DAG_OWNER='***' AIRFLOW_CTX_DAG_ID='minio_to_snowflake' AIRFLOW_CTX_TASK_ID='download_minio' AIRFLOW_CTX_EXECUTION_DATE='2025-12-04T11:47:00+00:00' AIRFLOW_CTX_TRY_NUMBER='1' AIRFLOW_CTX_DAG_RUN_ID='scheduled__2025-12-04T11:47:00+00:00'
[2025-12-04T11:48:06.584+0000] {taskinstance.py:430} INFO - ::endgroup::
[2025-12-04T11:48:06.760+0000] {logging_mixin.py:188} INFO - Downloaded AAPL/1764839409.json -> /tmp/minio_downloads/1764839409.json
[2025-12-04T11:48:06.997+0000] {logging_mixin.py:188} INFO - Downloaded AAPL/1764839419.json -> /tmp/minio_downloads/1764839419.json
[2025-12-04T11:48:07.008+0000] {logging_mixin.py:188} INFO - Downloaded AAPL/1764839429.json -> /tmp/minio_downloads/1764839429.json
[2025-12-04T11:48:07.019+0000] {logging_mixin.py:188} INFO - Downloaded AAPL/1764839438.json -> /tmp/minio_downloads/1764839438.json
[2025-12-04T11:48:07.033+0000] {logging_mixin.py:188} INFO - Downloaded AMZN/1764839412.json -> /tmp/minio_downloads/1764839412.json
[2025-12-04T11:48:07.042+0000] {logging_mixin.py:188} INFO - Downloaded AMZN/1764839422.json -> /tmp/minio_downloads/1764839422.json
[2025-12-04T11:48:07.054+0000] {logging_mixin.py:188} INFO - Downloaded AMZN/1764839432.json -> /tmp/minio_downloads/1764839432.json
[2025-12-04T11:48:07.065+0000] {logging_mixin.py:188} INFO - Downloaded AMZN/1764839441.json -> /tmp/minio_downloads/1764839441.json
[2025-12-04T11:48:07.076+0000] {logging_mixin.py:188} INFO - Downloaded GOOGL/1764839412.json -> /tmp/minio_downloads/1764839412.json
[2025-12-04T11:48:07.086+0000] {logging_mixin.py:188} INFO - Downloaded GOOGL/1764839421.json -> /tmp/minio_downloads/1764839421.json
[2025-12-04T11:48:07.100+0000] {logging_mixin.py:188} INFO - Downloaded GOOGL/1764839431.json -> /tmp/minio_downloads/1764839431.json
[2025-12-04T11:48:07.114+0000] {logging_mixin.py:188} INFO - Downloaded GOOGL/1764839440.json -> /tmp/minio_downloads/1764839440.json
[2025-12-04T11:48:07.131+0000] {logging_mixin.py:188} INFO - Downloaded MSFT/1764839410.json -> /tmp/minio_downloads/1764839410.json
[2025-12-04T11:48:07.150+0000] {logging_mixin.py:188} INFO - Downloaded MSFT/1764839420.json -> /tmp/minio_downloads/1764839420.json
[2025-12-04T11:48:07.163+0000] {logging_mixin.py:188} INFO - Downloaded MSFT/1764839429.json -> /tmp/minio_downloads/1764839429.json
[2025-12-04T11:48:07.180+0000] {logging_mixin.py:188} INFO - Downloaded MSFT/1764839439.json -> /tmp/minio_downloads/1764839439.json
[2025-12-04T11:48:07.199+0000] {logging_mixin.py:188} INFO - Downloaded TSLA/1764839411.json -> /tmp/minio_downloads/1764839411.json
[2025-12-04T11:48:07.212+0000] {logging_mixin.py:188} INFO - Downloaded TSLA/1764839421.json -> /tmp/minio_downloads/1764839421.json
[2025-12-04T11:48:07.222+0000] {logging_mixin.py:188} INFO - Downloaded TSLA/1764839430.json -> /tmp/minio_downloads/1764839430.json
[2025-12-04T11:48:07.233+0000] {logging_mixin.py:188} INFO - Downloaded TSLA/1764839439.json -> /tmp/minio_downloads/1764839439.json
[2025-12-04T11:48:07.234+0000] {python.py:237} INFO - Done. Returned value was: ['/tmp/minio_downloads/1764839409.json', '/tmp/minio_downloads/1764839419.json', '/tmp/minio_downloads/1764839429.json', '/tmp/minio_downloads/1764839438.json', '/tmp/minio_downloads/1764839412.json', '/tmp/minio_downloads/1764839422.json', '/tmp/minio_downloads/1764839432.json', '/tmp/minio_downloads/1764839441.json', '/tmp/minio_downloads/1764839412.json', '/tmp/minio_downloads/1764839421.json', '/tmp/minio_downloads/1764839431.json', '/tmp/minio_downloads/1764839440.json', '/tmp/minio_downloads/1764839410.json', '/tmp/minio_downloads/1764839420.json', '/tmp/minio_downloads/1764839429.json', '/tmp/minio_downloads/1764839439.json', '/tmp/minio_downloads/1764839411.json', '/tmp/minio_downloads/1764839421.json', '/tmp/minio_downloads/1764839430.json', '/tmp/minio_downloads/1764839439.json']
[2025-12-04T11:48:07.234+0000] {taskinstance.py:441} INFO - ::group::Post task execution logs
[2025-12-04T11:48:07.264+0000] {taskinstance.py:1206} INFO - Marking task as SUCCESS. dag_id=minio_to_snowflake, task_id=download_minio, run_id=scheduled__2025-12-04T11:47:00+00:00, execution_date=20251204T114700, start_date=20251204T114806, end_date=20251204T114807
[2025-12-04T11:48:07.300+0000] {local_task_job_runner.py:243} INFO - Task exited with return code 0
[2025-12-04T11:48:07.331+0000] {taskinstance.py:3503} INFO - 1 downstream tasks scheduled from follow-on schedule check
[2025-12-04T11:48:07.337+0000] {local_task_job_runner.py:222} INFO - ::endgroup::
