[2025-12-01T18:15:31.812+0000] {processor.py:161} INFO - Started process (PID=563) to work on /opt/airflow/dags/__pycache__/minio_to_snowflake.py
[2025-12-01T18:15:31.817+0000] {processor.py:830} INFO - Processing file /opt/airflow/dags/__pycache__/minio_to_snowflake.py for tasks to queue
[2025-12-01T18:15:31.832+0000] {logging_mixin.py:188} INFO - [2025-12-01T18:15:31.823+0000] {dagbag.py:545} INFO - Filling up the DagBag from /opt/airflow/dags/__pycache__/minio_to_snowflake.py
[2025-12-01T18:15:36.723+0000] {processor.py:840} INFO - DAG(s) 'minio_to_snowflake' retrieved from /opt/airflow/dags/__pycache__/minio_to_snowflake.py
[2025-12-01T18:15:36.953+0000] {logging_mixin.py:188} INFO - [2025-12-01T18:15:36.952+0000] {dag.py:3089} INFO - Sync 1 DAGs
[2025-12-01T18:15:36.966+0000] {logging_mixin.py:188} INFO - [2025-12-01T18:15:36.965+0000] {dag.py:3111} INFO - Creating ORM DAG for minio_to_snowflake
[2025-12-01T18:15:36.983+0000] {logging_mixin.py:188} INFO - [2025-12-01T18:15:36.983+0000] {dag.py:3947} INFO - Setting next_dagrun for minio_to_snowflake to 2025-12-02 00:00:00+00:00, run_after=2025-12-02 00:01:00+00:00
[2025-12-01T18:15:37.022+0000] {processor.py:183} INFO - Processing /opt/airflow/dags/__pycache__/minio_to_snowflake.py took 5.320 seconds
[2025-12-01T18:16:07.407+0000] {processor.py:161} INFO - Started process (PID=566) to work on /opt/airflow/dags/__pycache__/minio_to_snowflake.py
[2025-12-01T18:16:07.409+0000] {processor.py:830} INFO - Processing file /opt/airflow/dags/__pycache__/minio_to_snowflake.py for tasks to queue
[2025-12-01T18:16:07.412+0000] {logging_mixin.py:188} INFO - [2025-12-01T18:16:07.411+0000] {dagbag.py:545} INFO - Filling up the DagBag from /opt/airflow/dags/__pycache__/minio_to_snowflake.py
[2025-12-01T18:16:08.657+0000] {processor.py:840} INFO - DAG(s) 'minio_to_snowflake' retrieved from /opt/airflow/dags/__pycache__/minio_to_snowflake.py
[2025-12-01T18:16:08.698+0000] {logging_mixin.py:188} INFO - [2025-12-01T18:16:08.697+0000] {dag.py:3089} INFO - Sync 1 DAGs
[2025-12-01T18:16:08.728+0000] {logging_mixin.py:188} INFO - [2025-12-01T18:16:08.728+0000] {dag.py:3947} INFO - Setting next_dagrun for minio_to_snowflake to 2025-12-02 00:00:00+00:00, run_after=2025-12-02 00:01:00+00:00
[2025-12-01T18:16:08.767+0000] {processor.py:183} INFO - Processing /opt/airflow/dags/__pycache__/minio_to_snowflake.py took 1.374 seconds
[2025-12-01T18:16:39.206+0000] {processor.py:161} INFO - Started process (PID=569) to work on /opt/airflow/dags/__pycache__/minio_to_snowflake.py
[2025-12-01T18:16:39.208+0000] {processor.py:830} INFO - Processing file /opt/airflow/dags/__pycache__/minio_to_snowflake.py for tasks to queue
[2025-12-01T18:16:39.209+0000] {logging_mixin.py:188} INFO - [2025-12-01T18:16:39.209+0000] {dagbag.py:545} INFO - Filling up the DagBag from /opt/airflow/dags/__pycache__/minio_to_snowflake.py
[2025-12-01T18:16:40.403+0000] {processor.py:840} INFO - DAG(s) 'minio_to_snowflake' retrieved from /opt/airflow/dags/__pycache__/minio_to_snowflake.py
[2025-12-01T18:16:40.437+0000] {logging_mixin.py:188} INFO - [2025-12-01T18:16:40.437+0000] {dag.py:3089} INFO - Sync 1 DAGs
[2025-12-01T18:16:40.491+0000] {logging_mixin.py:188} INFO - [2025-12-01T18:16:40.491+0000] {dag.py:3947} INFO - Setting next_dagrun for minio_to_snowflake to 2025-12-02 00:00:00+00:00, run_after=2025-12-02 00:01:00+00:00
[2025-12-01T18:16:40.561+0000] {processor.py:183} INFO - Processing /opt/airflow/dags/__pycache__/minio_to_snowflake.py took 1.363 seconds
[2025-12-01T18:17:11.046+0000] {processor.py:161} INFO - Started process (PID=572) to work on /opt/airflow/dags/__pycache__/minio_to_snowflake.py
[2025-12-01T18:17:11.048+0000] {processor.py:830} INFO - Processing file /opt/airflow/dags/__pycache__/minio_to_snowflake.py for tasks to queue
[2025-12-01T18:17:11.050+0000] {logging_mixin.py:188} INFO - [2025-12-01T18:17:11.049+0000] {dagbag.py:545} INFO - Filling up the DagBag from /opt/airflow/dags/__pycache__/minio_to_snowflake.py
[2025-12-01T18:17:12.603+0000] {processor.py:840} INFO - DAG(s) 'minio_to_snowflake' retrieved from /opt/airflow/dags/__pycache__/minio_to_snowflake.py
[2025-12-01T18:17:12.636+0000] {logging_mixin.py:188} INFO - [2025-12-01T18:17:12.635+0000] {dag.py:3089} INFO - Sync 1 DAGs
[2025-12-01T18:17:12.660+0000] {logging_mixin.py:188} INFO - [2025-12-01T18:17:12.660+0000] {dag.py:3947} INFO - Setting next_dagrun for minio_to_snowflake to 2025-12-02 00:00:00+00:00, run_after=2025-12-02 00:01:00+00:00
[2025-12-01T18:17:12.684+0000] {processor.py:183} INFO - Processing /opt/airflow/dags/__pycache__/minio_to_snowflake.py took 1.653 seconds
[2025-12-01T18:17:42.938+0000] {processor.py:161} INFO - Started process (PID=575) to work on /opt/airflow/dags/__pycache__/minio_to_snowflake.py
[2025-12-01T18:17:42.940+0000] {processor.py:830} INFO - Processing file /opt/airflow/dags/__pycache__/minio_to_snowflake.py for tasks to queue
[2025-12-01T18:17:42.941+0000] {logging_mixin.py:188} INFO - [2025-12-01T18:17:42.941+0000] {dagbag.py:545} INFO - Filling up the DagBag from /opt/airflow/dags/__pycache__/minio_to_snowflake.py
[2025-12-01T18:17:44.168+0000] {processor.py:840} INFO - DAG(s) 'minio_to_snowflake' retrieved from /opt/airflow/dags/__pycache__/minio_to_snowflake.py
[2025-12-01T18:17:44.206+0000] {logging_mixin.py:188} INFO - [2025-12-01T18:17:44.205+0000] {dag.py:3089} INFO - Sync 1 DAGs
[2025-12-01T18:17:44.277+0000] {logging_mixin.py:188} INFO - [2025-12-01T18:17:44.276+0000] {dag.py:3947} INFO - Setting next_dagrun for minio_to_snowflake to 2025-12-02 00:00:00+00:00, run_after=2025-12-02 00:01:00+00:00
[2025-12-01T18:17:44.340+0000] {processor.py:183} INFO - Processing /opt/airflow/dags/__pycache__/minio_to_snowflake.py took 1.411 seconds
[2025-12-01T18:18:15.643+0000] {processor.py:161} INFO - Started process (PID=578) to work on /opt/airflow/dags/__pycache__/minio_to_snowflake.py
[2025-12-01T18:18:15.665+0000] {processor.py:830} INFO - Processing file /opt/airflow/dags/__pycache__/minio_to_snowflake.py for tasks to queue
[2025-12-01T18:18:15.703+0000] {logging_mixin.py:188} INFO - [2025-12-01T18:18:15.690+0000] {dagbag.py:545} INFO - Filling up the DagBag from /opt/airflow/dags/__pycache__/minio_to_snowflake.py
[2025-12-01T18:18:24.690+0000] {processor.py:840} INFO - DAG(s) 'minio_to_snowflake' retrieved from /opt/airflow/dags/__pycache__/minio_to_snowflake.py
[2025-12-01T18:18:24.817+0000] {logging_mixin.py:188} INFO - [2025-12-01T18:18:24.815+0000] {dag.py:3089} INFO - Sync 1 DAGs
[2025-12-01T18:18:24.909+0000] {logging_mixin.py:188} INFO - [2025-12-01T18:18:24.908+0000] {dag.py:3947} INFO - Setting next_dagrun for minio_to_snowflake to 2025-12-02 00:00:00+00:00, run_after=2025-12-02 00:01:00+00:00
[2025-12-01T18:18:24.982+0000] {processor.py:183} INFO - Processing /opt/airflow/dags/__pycache__/minio_to_snowflake.py took 9.555 seconds
