[2025-12-02T06:47:43.063+0000] {processor.py:161} INFO - Started process (PID=108) to work on /opt/airflow/dags/minio_to_snowflake.py
[2025-12-02T06:47:43.074+0000] {processor.py:830} INFO - Processing file /opt/airflow/dags/minio_to_snowflake.py for tasks to queue
[2025-12-02T06:47:43.089+0000] {logging_mixin.py:188} INFO - [2025-12-02T06:47:43.081+0000] {dagbag.py:545} INFO - Filling up the DagBag from /opt/airflow/dags/minio_to_snowflake.py
[2025-12-02T06:47:49.391+0000] {processor.py:840} INFO - DAG(s) 'minio_to_snowflake' retrieved from /opt/airflow/dags/minio_to_snowflake.py
[2025-12-02T06:47:49.861+0000] {logging_mixin.py:188} INFO - [2025-12-02T06:47:49.861+0000] {dag.py:3089} INFO - Sync 1 DAGs
[2025-12-02T06:47:49.894+0000] {logging_mixin.py:188} INFO - [2025-12-02T06:47:49.894+0000] {dag.py:3947} INFO - Setting next_dagrun for minio_to_snowflake to 2025-12-02 06:46:00+00:00, run_after=2025-12-02 06:47:00+00:00
[2025-12-02T06:47:49.940+0000] {processor.py:183} INFO - Processing /opt/airflow/dags/minio_to_snowflake.py took 6.965 seconds
[2025-12-02T06:48:20.743+0000] {processor.py:161} INFO - Started process (PID=111) to work on /opt/airflow/dags/minio_to_snowflake.py
[2025-12-02T06:48:20.748+0000] {processor.py:830} INFO - Processing file /opt/airflow/dags/minio_to_snowflake.py for tasks to queue
[2025-12-02T06:48:20.756+0000] {logging_mixin.py:188} INFO - [2025-12-02T06:48:20.753+0000] {dagbag.py:545} INFO - Filling up the DagBag from /opt/airflow/dags/minio_to_snowflake.py
[2025-12-02T06:50:54.233+0000] {processor.py:161} INFO - Started process (PID=21) to work on /opt/airflow/dags/minio_to_snowflake.py
[2025-12-02T06:50:54.246+0000] {processor.py:830} INFO - Processing file /opt/airflow/dags/minio_to_snowflake.py for tasks to queue
[2025-12-02T06:50:54.251+0000] {logging_mixin.py:188} INFO - [2025-12-02T06:50:54.250+0000] {dagbag.py:545} INFO - Filling up the DagBag from /opt/airflow/dags/minio_to_snowflake.py
[2025-12-02T06:50:59.535+0000] {processor.py:840} INFO - DAG(s) 'minio_to_snowflake' retrieved from /opt/airflow/dags/minio_to_snowflake.py
[2025-12-02T06:50:59.671+0000] {logging_mixin.py:188} INFO - [2025-12-02T06:50:59.670+0000] {dag.py:3089} INFO - Sync 1 DAGs
[2025-12-02T06:50:59.706+0000] {logging_mixin.py:188} INFO - [2025-12-02T06:50:59.705+0000] {dag.py:3947} INFO - Setting next_dagrun for minio_to_snowflake to 2025-12-02 06:49:00+00:00, run_after=2025-12-02 06:50:00+00:00
[2025-12-02T06:50:59.735+0000] {processor.py:183} INFO - Processing /opt/airflow/dags/minio_to_snowflake.py took 5.519 seconds
[2025-12-02T06:51:30.031+0000] {processor.py:161} INFO - Started process (PID=24) to work on /opt/airflow/dags/minio_to_snowflake.py
[2025-12-02T06:51:30.033+0000] {processor.py:830} INFO - Processing file /opt/airflow/dags/minio_to_snowflake.py for tasks to queue
[2025-12-02T06:51:30.036+0000] {logging_mixin.py:188} INFO - [2025-12-02T06:51:30.036+0000] {dagbag.py:545} INFO - Filling up the DagBag from /opt/airflow/dags/minio_to_snowflake.py
[2025-12-02T06:51:32.195+0000] {processor.py:840} INFO - DAG(s) 'minio_to_snowflake' retrieved from /opt/airflow/dags/minio_to_snowflake.py
[2025-12-02T06:51:32.289+0000] {logging_mixin.py:188} INFO - [2025-12-02T06:51:32.288+0000] {dag.py:3089} INFO - Sync 1 DAGs
[2025-12-02T06:51:32.443+0000] {logging_mixin.py:188} INFO - [2025-12-02T06:51:32.434+0000] {dag.py:3947} INFO - Setting next_dagrun for minio_to_snowflake to 2025-12-02 06:50:00+00:00, run_after=2025-12-02 06:51:00+00:00
[2025-12-02T06:51:32.532+0000] {processor.py:183} INFO - Processing /opt/airflow/dags/minio_to_snowflake.py took 2.514 seconds
[2025-12-02T06:52:02.810+0000] {processor.py:161} INFO - Started process (PID=27) to work on /opt/airflow/dags/minio_to_snowflake.py
[2025-12-02T06:52:02.812+0000] {processor.py:830} INFO - Processing file /opt/airflow/dags/minio_to_snowflake.py for tasks to queue
[2025-12-02T06:52:02.822+0000] {logging_mixin.py:188} INFO - [2025-12-02T06:52:02.821+0000] {dagbag.py:545} INFO - Filling up the DagBag from /opt/airflow/dags/minio_to_snowflake.py
[2025-12-02T06:52:03.873+0000] {processor.py:840} INFO - DAG(s) 'minio_to_snowflake' retrieved from /opt/airflow/dags/minio_to_snowflake.py
[2025-12-02T06:52:03.922+0000] {logging_mixin.py:188} INFO - [2025-12-02T06:52:03.921+0000] {dag.py:3089} INFO - Sync 1 DAGs
[2025-12-02T06:52:03.949+0000] {logging_mixin.py:188} INFO - [2025-12-02T06:52:03.949+0000] {dag.py:3947} INFO - Setting next_dagrun for minio_to_snowflake to 2025-12-02 06:51:00+00:00, run_after=2025-12-02 06:52:00+00:00
[2025-12-02T06:52:03.982+0000] {processor.py:183} INFO - Processing /opt/airflow/dags/minio_to_snowflake.py took 1.183 seconds
[2025-12-02T06:52:35.040+0000] {processor.py:161} INFO - Started process (PID=30) to work on /opt/airflow/dags/minio_to_snowflake.py
[2025-12-02T06:52:35.044+0000] {processor.py:830} INFO - Processing file /opt/airflow/dags/minio_to_snowflake.py for tasks to queue
[2025-12-02T06:52:35.054+0000] {logging_mixin.py:188} INFO - [2025-12-02T06:52:35.053+0000] {dagbag.py:545} INFO - Filling up the DagBag from /opt/airflow/dags/minio_to_snowflake.py
[2025-12-02T06:52:37.696+0000] {processor.py:840} INFO - DAG(s) 'minio_to_snowflake' retrieved from /opt/airflow/dags/minio_to_snowflake.py
[2025-12-02T06:52:37.942+0000] {logging_mixin.py:188} INFO - [2025-12-02T06:52:37.941+0000] {dag.py:3089} INFO - Sync 1 DAGs
[2025-12-02T06:52:37.984+0000] {logging_mixin.py:188} INFO - [2025-12-02T06:52:37.984+0000] {dag.py:3947} INFO - Setting next_dagrun for minio_to_snowflake to 2025-12-02 06:51:00+00:00, run_after=2025-12-02 06:52:00+00:00
[2025-12-02T06:52:38.020+0000] {processor.py:183} INFO - Processing /opt/airflow/dags/minio_to_snowflake.py took 3.118 seconds
[2025-12-02T06:53:08.219+0000] {processor.py:161} INFO - Started process (PID=33) to work on /opt/airflow/dags/minio_to_snowflake.py
[2025-12-02T06:53:08.221+0000] {processor.py:830} INFO - Processing file /opt/airflow/dags/minio_to_snowflake.py for tasks to queue
[2025-12-02T06:53:08.225+0000] {logging_mixin.py:188} INFO - [2025-12-02T06:53:08.225+0000] {dagbag.py:545} INFO - Filling up the DagBag from /opt/airflow/dags/minio_to_snowflake.py
[2025-12-02T06:53:09.424+0000] {processor.py:840} INFO - DAG(s) 'minio_to_snowflake' retrieved from /opt/airflow/dags/minio_to_snowflake.py
[2025-12-02T06:53:09.544+0000] {logging_mixin.py:188} INFO - [2025-12-02T06:53:09.541+0000] {dag.py:3089} INFO - Sync 1 DAGs
[2025-12-02T06:53:09.636+0000] {logging_mixin.py:188} INFO - [2025-12-02T06:53:09.635+0000] {dag.py:3947} INFO - Setting next_dagrun for minio_to_snowflake to 2025-12-02 06:52:00+00:00, run_after=2025-12-02 06:53:00+00:00
[2025-12-02T06:53:09.711+0000] {processor.py:183} INFO - Processing /opt/airflow/dags/minio_to_snowflake.py took 1.498 seconds
[2025-12-02T06:53:39.963+0000] {processor.py:161} INFO - Started process (PID=36) to work on /opt/airflow/dags/minio_to_snowflake.py
[2025-12-02T06:53:39.964+0000] {processor.py:830} INFO - Processing file /opt/airflow/dags/minio_to_snowflake.py for tasks to queue
[2025-12-02T06:53:39.969+0000] {logging_mixin.py:188} INFO - [2025-12-02T06:53:39.968+0000] {dagbag.py:545} INFO - Filling up the DagBag from /opt/airflow/dags/minio_to_snowflake.py
[2025-12-02T06:53:40.679+0000] {processor.py:840} INFO - DAG(s) 'minio_to_snowflake' retrieved from /opt/airflow/dags/minio_to_snowflake.py
[2025-12-02T06:53:40.704+0000] {logging_mixin.py:188} INFO - [2025-12-02T06:53:40.703+0000] {dag.py:3089} INFO - Sync 1 DAGs
[2025-12-02T06:53:40.724+0000] {logging_mixin.py:188} INFO - [2025-12-02T06:53:40.723+0000] {dag.py:3947} INFO - Setting next_dagrun for minio_to_snowflake to 2025-12-02 06:52:00+00:00, run_after=2025-12-02 06:53:00+00:00
[2025-12-02T06:53:40.750+0000] {processor.py:183} INFO - Processing /opt/airflow/dags/minio_to_snowflake.py took 0.794 seconds
[2025-12-02T06:54:11.169+0000] {processor.py:161} INFO - Started process (PID=39) to work on /opt/airflow/dags/minio_to_snowflake.py
[2025-12-02T06:54:11.171+0000] {processor.py:830} INFO - Processing file /opt/airflow/dags/minio_to_snowflake.py for tasks to queue
[2025-12-02T06:54:11.178+0000] {logging_mixin.py:188} INFO - [2025-12-02T06:54:11.177+0000] {dagbag.py:545} INFO - Filling up the DagBag from /opt/airflow/dags/minio_to_snowflake.py
[2025-12-02T06:54:12.901+0000] {processor.py:840} INFO - DAG(s) 'minio_to_snowflake' retrieved from /opt/airflow/dags/minio_to_snowflake.py
[2025-12-02T06:54:12.932+0000] {logging_mixin.py:188} INFO - [2025-12-02T06:54:12.931+0000] {dag.py:3089} INFO - Sync 1 DAGs
[2025-12-02T06:54:12.959+0000] {logging_mixin.py:188} INFO - [2025-12-02T06:54:12.958+0000] {dag.py:3947} INFO - Setting next_dagrun for minio_to_snowflake to 2025-12-02 06:53:00+00:00, run_after=2025-12-02 06:54:00+00:00
[2025-12-02T06:54:12.992+0000] {processor.py:183} INFO - Processing /opt/airflow/dags/minio_to_snowflake.py took 1.856 seconds
[2025-12-02T06:54:43.084+0000] {processor.py:161} INFO - Started process (PID=42) to work on /opt/airflow/dags/minio_to_snowflake.py
[2025-12-02T06:54:43.086+0000] {processor.py:830} INFO - Processing file /opt/airflow/dags/minio_to_snowflake.py for tasks to queue
[2025-12-02T06:54:43.088+0000] {logging_mixin.py:188} INFO - [2025-12-02T06:54:43.088+0000] {dagbag.py:545} INFO - Filling up the DagBag from /opt/airflow/dags/minio_to_snowflake.py
[2025-12-02T06:54:43.876+0000] {processor.py:840} INFO - DAG(s) 'minio_to_snowflake' retrieved from /opt/airflow/dags/minio_to_snowflake.py
[2025-12-02T06:54:43.899+0000] {logging_mixin.py:188} INFO - [2025-12-02T06:54:43.899+0000] {dag.py:3089} INFO - Sync 1 DAGs
[2025-12-02T06:54:43.939+0000] {logging_mixin.py:188} INFO - [2025-12-02T06:54:43.939+0000] {dag.py:3947} INFO - Setting next_dagrun for minio_to_snowflake to 2025-12-02 06:53:00+00:00, run_after=2025-12-02 06:54:00+00:00
[2025-12-02T06:54:43.978+0000] {processor.py:183} INFO - Processing /opt/airflow/dags/minio_to_snowflake.py took 0.901 seconds
[2025-12-02T06:55:14.296+0000] {processor.py:161} INFO - Started process (PID=45) to work on /opt/airflow/dags/minio_to_snowflake.py
[2025-12-02T06:55:14.298+0000] {processor.py:830} INFO - Processing file /opt/airflow/dags/minio_to_snowflake.py for tasks to queue
[2025-12-02T06:55:14.300+0000] {logging_mixin.py:188} INFO - [2025-12-02T06:55:14.300+0000] {dagbag.py:545} INFO - Filling up the DagBag from /opt/airflow/dags/minio_to_snowflake.py
[2025-12-02T06:55:16.391+0000] {processor.py:840} INFO - DAG(s) 'minio_to_snowflake' retrieved from /opt/airflow/dags/minio_to_snowflake.py
[2025-12-02T06:55:16.432+0000] {logging_mixin.py:188} INFO - [2025-12-02T06:55:16.432+0000] {dag.py:3089} INFO - Sync 1 DAGs
[2025-12-02T06:55:16.520+0000] {logging_mixin.py:188} INFO - [2025-12-02T06:55:16.520+0000] {dag.py:3947} INFO - Setting next_dagrun for minio_to_snowflake to 2025-12-02 06:54:00+00:00, run_after=2025-12-02 06:55:00+00:00
[2025-12-02T06:55:16.623+0000] {processor.py:183} INFO - Processing /opt/airflow/dags/minio_to_snowflake.py took 2.334 seconds
[2025-12-02T06:55:47.012+0000] {processor.py:161} INFO - Started process (PID=48) to work on /opt/airflow/dags/minio_to_snowflake.py
[2025-12-02T06:55:47.022+0000] {processor.py:830} INFO - Processing file /opt/airflow/dags/minio_to_snowflake.py for tasks to queue
[2025-12-02T06:55:47.029+0000] {logging_mixin.py:188} INFO - [2025-12-02T06:55:47.028+0000] {dagbag.py:545} INFO - Filling up the DagBag from /opt/airflow/dags/minio_to_snowflake.py
[2025-12-02T06:55:48.169+0000] {processor.py:840} INFO - DAG(s) 'minio_to_snowflake' retrieved from /opt/airflow/dags/minio_to_snowflake.py
[2025-12-02T06:55:48.205+0000] {logging_mixin.py:188} INFO - [2025-12-02T06:55:48.204+0000] {dag.py:3089} INFO - Sync 1 DAGs
[2025-12-02T06:55:48.240+0000] {logging_mixin.py:188} INFO - [2025-12-02T06:55:48.239+0000] {dag.py:3947} INFO - Setting next_dagrun for minio_to_snowflake to 2025-12-02 06:54:00+00:00, run_after=2025-12-02 06:55:00+00:00
[2025-12-02T06:55:48.266+0000] {processor.py:183} INFO - Processing /opt/airflow/dags/minio_to_snowflake.py took 1.280 seconds
[2025-12-02T06:56:18.577+0000] {processor.py:161} INFO - Started process (PID=51) to work on /opt/airflow/dags/minio_to_snowflake.py
[2025-12-02T06:56:18.579+0000] {processor.py:830} INFO - Processing file /opt/airflow/dags/minio_to_snowflake.py for tasks to queue
[2025-12-02T06:56:18.584+0000] {logging_mixin.py:188} INFO - [2025-12-02T06:56:18.583+0000] {dagbag.py:545} INFO - Filling up the DagBag from /opt/airflow/dags/minio_to_snowflake.py
[2025-12-02T06:56:20.249+0000] {processor.py:840} INFO - DAG(s) 'minio_to_snowflake' retrieved from /opt/airflow/dags/minio_to_snowflake.py
[2025-12-02T06:56:20.299+0000] {logging_mixin.py:188} INFO - [2025-12-02T06:56:20.298+0000] {dag.py:3089} INFO - Sync 1 DAGs
[2025-12-02T06:56:20.334+0000] {logging_mixin.py:188} INFO - [2025-12-02T06:56:20.334+0000] {dag.py:3947} INFO - Setting next_dagrun for minio_to_snowflake to 2025-12-02 06:55:00+00:00, run_after=2025-12-02 06:56:00+00:00
[2025-12-02T06:56:20.370+0000] {processor.py:183} INFO - Processing /opt/airflow/dags/minio_to_snowflake.py took 1.803 seconds
[2025-12-02T06:56:50.567+0000] {processor.py:161} INFO - Started process (PID=54) to work on /opt/airflow/dags/minio_to_snowflake.py
[2025-12-02T06:56:50.568+0000] {processor.py:830} INFO - Processing file /opt/airflow/dags/minio_to_snowflake.py for tasks to queue
[2025-12-02T06:56:50.570+0000] {logging_mixin.py:188} INFO - [2025-12-02T06:56:50.570+0000] {dagbag.py:545} INFO - Filling up the DagBag from /opt/airflow/dags/minio_to_snowflake.py
[2025-12-02T06:56:51.730+0000] {processor.py:840} INFO - DAG(s) 'minio_to_snowflake' retrieved from /opt/airflow/dags/minio_to_snowflake.py
[2025-12-02T06:56:51.772+0000] {logging_mixin.py:188} INFO - [2025-12-02T06:56:51.772+0000] {dag.py:3089} INFO - Sync 1 DAGs
[2025-12-02T06:56:51.803+0000] {logging_mixin.py:188} INFO - [2025-12-02T06:56:51.803+0000] {dag.py:3947} INFO - Setting next_dagrun for minio_to_snowflake to 2025-12-02 06:55:00+00:00, run_after=2025-12-02 06:56:00+00:00
[2025-12-02T06:56:51.888+0000] {processor.py:183} INFO - Processing /opt/airflow/dags/minio_to_snowflake.py took 1.332 seconds
[2025-12-02T06:57:22.253+0000] {processor.py:161} INFO - Started process (PID=57) to work on /opt/airflow/dags/minio_to_snowflake.py
[2025-12-02T06:57:22.256+0000] {processor.py:830} INFO - Processing file /opt/airflow/dags/minio_to_snowflake.py for tasks to queue
[2025-12-02T06:57:22.264+0000] {logging_mixin.py:188} INFO - [2025-12-02T06:57:22.263+0000] {dagbag.py:545} INFO - Filling up the DagBag from /opt/airflow/dags/minio_to_snowflake.py
[2025-12-02T06:57:23.295+0000] {processor.py:840} INFO - DAG(s) 'minio_to_snowflake' retrieved from /opt/airflow/dags/minio_to_snowflake.py
[2025-12-02T06:57:23.359+0000] {logging_mixin.py:188} INFO - [2025-12-02T06:57:23.358+0000] {dag.py:3089} INFO - Sync 1 DAGs
[2025-12-02T06:57:23.397+0000] {logging_mixin.py:188} INFO - [2025-12-02T06:57:23.397+0000] {dag.py:3947} INFO - Setting next_dagrun for minio_to_snowflake to 2025-12-02 06:56:00+00:00, run_after=2025-12-02 06:57:00+00:00
[2025-12-02T06:57:23.422+0000] {processor.py:183} INFO - Processing /opt/airflow/dags/minio_to_snowflake.py took 1.207 seconds
[2025-12-02T06:57:53.526+0000] {processor.py:161} INFO - Started process (PID=60) to work on /opt/airflow/dags/minio_to_snowflake.py
[2025-12-02T06:57:53.528+0000] {processor.py:830} INFO - Processing file /opt/airflow/dags/minio_to_snowflake.py for tasks to queue
[2025-12-02T06:57:53.531+0000] {logging_mixin.py:188} INFO - [2025-12-02T06:57:53.530+0000] {dagbag.py:545} INFO - Filling up the DagBag from /opt/airflow/dags/minio_to_snowflake.py
[2025-12-02T06:57:54.345+0000] {processor.py:840} INFO - DAG(s) 'minio_to_snowflake' retrieved from /opt/airflow/dags/minio_to_snowflake.py
[2025-12-02T06:57:54.368+0000] {logging_mixin.py:188} INFO - [2025-12-02T06:57:54.367+0000] {dag.py:3089} INFO - Sync 1 DAGs
[2025-12-02T06:57:54.387+0000] {logging_mixin.py:188} INFO - [2025-12-02T06:57:54.386+0000] {dag.py:3947} INFO - Setting next_dagrun for minio_to_snowflake to 2025-12-02 06:56:00+00:00, run_after=2025-12-02 06:57:00+00:00
[2025-12-02T06:57:54.419+0000] {processor.py:183} INFO - Processing /opt/airflow/dags/minio_to_snowflake.py took 0.899 seconds
[2025-12-02T06:58:25.762+0000] {processor.py:161} INFO - Started process (PID=63) to work on /opt/airflow/dags/minio_to_snowflake.py
[2025-12-02T06:58:25.794+0000] {processor.py:830} INFO - Processing file /opt/airflow/dags/minio_to_snowflake.py for tasks to queue
[2025-12-02T06:58:25.970+0000] {logging_mixin.py:188} INFO - [2025-12-02T06:58:25.967+0000] {dagbag.py:545} INFO - Filling up the DagBag from /opt/airflow/dags/minio_to_snowflake.py
[2025-12-02T07:00:29.333+0000] {processor.py:161} INFO - Started process (PID=21) to work on /opt/airflow/dags/minio_to_snowflake.py
[2025-12-02T07:00:29.335+0000] {processor.py:830} INFO - Processing file /opt/airflow/dags/minio_to_snowflake.py for tasks to queue
[2025-12-02T07:00:29.338+0000] {logging_mixin.py:188} INFO - [2025-12-02T07:00:29.338+0000] {dagbag.py:545} INFO - Filling up the DagBag from /opt/airflow/dags/minio_to_snowflake.py
[2025-12-02T07:00:34.181+0000] {processor.py:840} INFO - DAG(s) 'minio_to_snowflake' retrieved from /opt/airflow/dags/minio_to_snowflake.py
[2025-12-02T07:00:34.266+0000] {logging_mixin.py:188} INFO - [2025-12-02T07:00:34.266+0000] {dag.py:3089} INFO - Sync 1 DAGs
[2025-12-02T07:00:34.296+0000] {logging_mixin.py:188} INFO - [2025-12-02T07:00:34.296+0000] {dag.py:3947} INFO - Setting next_dagrun for minio_to_snowflake to 2025-12-02 06:59:00+00:00, run_after=2025-12-02 07:00:00+00:00
[2025-12-02T07:00:34.324+0000] {processor.py:183} INFO - Processing /opt/airflow/dags/minio_to_snowflake.py took 4.999 seconds
[2025-12-02T07:01:05.124+0000] {processor.py:161} INFO - Started process (PID=24) to work on /opt/airflow/dags/minio_to_snowflake.py
[2025-12-02T07:01:05.125+0000] {processor.py:830} INFO - Processing file /opt/airflow/dags/minio_to_snowflake.py for tasks to queue
[2025-12-02T07:01:05.129+0000] {logging_mixin.py:188} INFO - [2025-12-02T07:01:05.128+0000] {dagbag.py:545} INFO - Filling up the DagBag from /opt/airflow/dags/minio_to_snowflake.py
[2025-12-02T07:01:05.945+0000] {processor.py:840} INFO - DAG(s) 'minio_to_snowflake' retrieved from /opt/airflow/dags/minio_to_snowflake.py
[2025-12-02T07:01:05.977+0000] {logging_mixin.py:188} INFO - [2025-12-02T07:01:05.976+0000] {dag.py:3089} INFO - Sync 1 DAGs
[2025-12-02T07:01:06.004+0000] {logging_mixin.py:188} INFO - [2025-12-02T07:01:06.002+0000] {dag.py:3947} INFO - Setting next_dagrun for minio_to_snowflake to 2025-12-02 07:00:00+00:00, run_after=2025-12-02 07:01:00+00:00
[2025-12-02T07:01:06.037+0000] {processor.py:183} INFO - Processing /opt/airflow/dags/minio_to_snowflake.py took 0.920 seconds
[2025-12-02T07:01:36.298+0000] {processor.py:161} INFO - Started process (PID=27) to work on /opt/airflow/dags/minio_to_snowflake.py
[2025-12-02T07:01:36.300+0000] {processor.py:830} INFO - Processing file /opt/airflow/dags/minio_to_snowflake.py for tasks to queue
[2025-12-02T07:01:36.302+0000] {logging_mixin.py:188} INFO - [2025-12-02T07:01:36.302+0000] {dagbag.py:545} INFO - Filling up the DagBag from /opt/airflow/dags/minio_to_snowflake.py
[2025-12-02T07:01:37.077+0000] {processor.py:840} INFO - DAG(s) 'minio_to_snowflake' retrieved from /opt/airflow/dags/minio_to_snowflake.py
[2025-12-02T07:01:37.101+0000] {logging_mixin.py:188} INFO - [2025-12-02T07:01:37.100+0000] {dag.py:3089} INFO - Sync 1 DAGs
[2025-12-02T07:01:37.121+0000] {logging_mixin.py:188} INFO - [2025-12-02T07:01:37.120+0000] {dag.py:3947} INFO - Setting next_dagrun for minio_to_snowflake to 2025-12-02 07:00:00+00:00, run_after=2025-12-02 07:01:00+00:00
[2025-12-02T07:01:37.148+0000] {processor.py:183} INFO - Processing /opt/airflow/dags/minio_to_snowflake.py took 0.857 seconds
[2025-12-02T07:02:07.464+0000] {processor.py:161} INFO - Started process (PID=30) to work on /opt/airflow/dags/minio_to_snowflake.py
[2025-12-02T07:02:07.465+0000] {processor.py:830} INFO - Processing file /opt/airflow/dags/minio_to_snowflake.py for tasks to queue
[2025-12-02T07:02:07.468+0000] {logging_mixin.py:188} INFO - [2025-12-02T07:02:07.468+0000] {dagbag.py:545} INFO - Filling up the DagBag from /opt/airflow/dags/minio_to_snowflake.py
[2025-12-02T07:02:09.602+0000] {processor.py:840} INFO - DAG(s) 'minio_to_snowflake' retrieved from /opt/airflow/dags/minio_to_snowflake.py
[2025-12-02T07:02:09.656+0000] {logging_mixin.py:188} INFO - [2025-12-02T07:02:09.655+0000] {dag.py:3089} INFO - Sync 1 DAGs
[2025-12-02T07:02:09.702+0000] {logging_mixin.py:188} INFO - [2025-12-02T07:02:09.701+0000] {dag.py:3947} INFO - Setting next_dagrun for minio_to_snowflake to 2025-12-02 07:01:00+00:00, run_after=2025-12-02 07:02:00+00:00
[2025-12-02T07:02:09.767+0000] {processor.py:183} INFO - Processing /opt/airflow/dags/minio_to_snowflake.py took 2.312 seconds
[2025-12-02T07:02:29.579+0000] {processor.py:161} INFO - Started process (PID=21) to work on /opt/airflow/dags/minio_to_snowflake.py
[2025-12-02T07:02:29.581+0000] {processor.py:830} INFO - Processing file /opt/airflow/dags/minio_to_snowflake.py for tasks to queue
[2025-12-02T07:02:29.585+0000] {logging_mixin.py:188} INFO - [2025-12-02T07:02:29.584+0000] {dagbag.py:545} INFO - Filling up the DagBag from /opt/airflow/dags/minio_to_snowflake.py
[2025-12-02T07:02:30.649+0000] {processor.py:840} INFO - DAG(s) 'minio_to_snowflake' retrieved from /opt/airflow/dags/minio_to_snowflake.py
[2025-12-02T07:02:30.688+0000] {logging_mixin.py:188} INFO - [2025-12-02T07:02:30.687+0000] {dag.py:3089} INFO - Sync 1 DAGs
[2025-12-02T07:02:30.707+0000] {logging_mixin.py:188} INFO - [2025-12-02T07:02:30.706+0000] {dag.py:3947} INFO - Setting next_dagrun for minio_to_snowflake to 2025-12-02 07:01:00+00:00, run_after=2025-12-02 07:02:00+00:00
[2025-12-02T07:02:30.737+0000] {processor.py:183} INFO - Processing /opt/airflow/dags/minio_to_snowflake.py took 1.165 seconds
[2025-12-02T07:03:00.964+0000] {processor.py:161} INFO - Started process (PID=24) to work on /opt/airflow/dags/minio_to_snowflake.py
[2025-12-02T07:03:00.967+0000] {processor.py:830} INFO - Processing file /opt/airflow/dags/minio_to_snowflake.py for tasks to queue
[2025-12-02T07:03:00.974+0000] {logging_mixin.py:188} INFO - [2025-12-02T07:03:00.973+0000] {dagbag.py:545} INFO - Filling up the DagBag from /opt/airflow/dags/minio_to_snowflake.py
[2025-12-02T07:03:01.932+0000] {processor.py:840} INFO - DAG(s) 'minio_to_snowflake' retrieved from /opt/airflow/dags/minio_to_snowflake.py
[2025-12-02T07:03:01.958+0000] {logging_mixin.py:188} INFO - [2025-12-02T07:03:01.958+0000] {dag.py:3089} INFO - Sync 1 DAGs
[2025-12-02T07:03:01.995+0000] {logging_mixin.py:188} INFO - [2025-12-02T07:03:01.994+0000] {dag.py:3947} INFO - Setting next_dagrun for minio_to_snowflake to 2025-12-02 07:02:00+00:00, run_after=2025-12-02 07:03:00+00:00
[2025-12-02T07:03:02.025+0000] {processor.py:183} INFO - Processing /opt/airflow/dags/minio_to_snowflake.py took 1.081 seconds
[2025-12-02T07:03:44.386+0000] {processor.py:161} INFO - Started process (PID=21) to work on /opt/airflow/dags/minio_to_snowflake.py
[2025-12-02T07:03:44.390+0000] {processor.py:830} INFO - Processing file /opt/airflow/dags/minio_to_snowflake.py for tasks to queue
[2025-12-02T07:03:44.400+0000] {logging_mixin.py:188} INFO - [2025-12-02T07:03:44.399+0000] {dagbag.py:545} INFO - Filling up the DagBag from /opt/airflow/dags/minio_to_snowflake.py
[2025-12-02T07:03:45.570+0000] {processor.py:840} INFO - DAG(s) 'minio_to_snowflake' retrieved from /opt/airflow/dags/minio_to_snowflake.py
[2025-12-02T07:03:45.618+0000] {logging_mixin.py:188} INFO - [2025-12-02T07:03:45.617+0000] {dag.py:3089} INFO - Sync 1 DAGs
[2025-12-02T07:03:45.641+0000] {logging_mixin.py:188} INFO - [2025-12-02T07:03:45.641+0000] {dag.py:3947} INFO - Setting next_dagrun for minio_to_snowflake to 2025-12-02 07:02:00+00:00, run_after=2025-12-02 07:03:00+00:00
[2025-12-02T07:03:45.671+0000] {processor.py:183} INFO - Processing /opt/airflow/dags/minio_to_snowflake.py took 1.328 seconds
[2025-12-02T07:04:16.024+0000] {processor.py:161} INFO - Started process (PID=24) to work on /opt/airflow/dags/minio_to_snowflake.py
[2025-12-02T07:04:16.026+0000] {processor.py:830} INFO - Processing file /opt/airflow/dags/minio_to_snowflake.py for tasks to queue
[2025-12-02T07:04:16.029+0000] {logging_mixin.py:188} INFO - [2025-12-02T07:04:16.029+0000] {dagbag.py:545} INFO - Filling up the DagBag from /opt/airflow/dags/minio_to_snowflake.py
[2025-12-02T07:04:16.917+0000] {processor.py:840} INFO - DAG(s) 'minio_to_snowflake' retrieved from /opt/airflow/dags/minio_to_snowflake.py
[2025-12-02T07:04:16.940+0000] {logging_mixin.py:188} INFO - [2025-12-02T07:04:16.940+0000] {dag.py:3089} INFO - Sync 1 DAGs
[2025-12-02T07:04:16.963+0000] {logging_mixin.py:188} INFO - [2025-12-02T07:04:16.963+0000] {dag.py:3947} INFO - Setting next_dagrun for minio_to_snowflake to 2025-12-02 07:03:00+00:00, run_after=2025-12-02 07:04:00+00:00
[2025-12-02T07:04:16.990+0000] {processor.py:183} INFO - Processing /opt/airflow/dags/minio_to_snowflake.py took 0.974 seconds
[2025-12-02T07:04:47.258+0000] {processor.py:161} INFO - Started process (PID=27) to work on /opt/airflow/dags/minio_to_snowflake.py
[2025-12-02T07:04:47.260+0000] {processor.py:830} INFO - Processing file /opt/airflow/dags/minio_to_snowflake.py for tasks to queue
[2025-12-02T07:04:47.262+0000] {logging_mixin.py:188} INFO - [2025-12-02T07:04:47.262+0000] {dagbag.py:545} INFO - Filling up the DagBag from /opt/airflow/dags/minio_to_snowflake.py
[2025-12-02T07:04:48.249+0000] {processor.py:840} INFO - DAG(s) 'minio_to_snowflake' retrieved from /opt/airflow/dags/minio_to_snowflake.py
[2025-12-02T07:04:48.279+0000] {logging_mixin.py:188} INFO - [2025-12-02T07:04:48.277+0000] {dag.py:3089} INFO - Sync 1 DAGs
[2025-12-02T07:04:48.300+0000] {logging_mixin.py:188} INFO - [2025-12-02T07:04:48.299+0000] {dag.py:3947} INFO - Setting next_dagrun for minio_to_snowflake to 2025-12-02 07:03:00+00:00, run_after=2025-12-02 07:04:00+00:00
[2025-12-02T07:04:48.327+0000] {processor.py:183} INFO - Processing /opt/airflow/dags/minio_to_snowflake.py took 1.077 seconds
[2025-12-02T07:05:18.496+0000] {processor.py:161} INFO - Started process (PID=30) to work on /opt/airflow/dags/minio_to_snowflake.py
[2025-12-02T07:05:18.497+0000] {processor.py:830} INFO - Processing file /opt/airflow/dags/minio_to_snowflake.py for tasks to queue
[2025-12-02T07:05:18.499+0000] {logging_mixin.py:188} INFO - [2025-12-02T07:05:18.499+0000] {dagbag.py:545} INFO - Filling up the DagBag from /opt/airflow/dags/minio_to_snowflake.py
[2025-12-02T07:05:19.469+0000] {processor.py:840} INFO - DAG(s) 'minio_to_snowflake' retrieved from /opt/airflow/dags/minio_to_snowflake.py
[2025-12-02T07:05:19.503+0000] {logging_mixin.py:188} INFO - [2025-12-02T07:05:19.502+0000] {dag.py:3089} INFO - Sync 1 DAGs
[2025-12-02T07:05:19.525+0000] {logging_mixin.py:188} INFO - [2025-12-02T07:05:19.525+0000] {dag.py:3947} INFO - Setting next_dagrun for minio_to_snowflake to 2025-12-02 07:04:00+00:00, run_after=2025-12-02 07:05:00+00:00
[2025-12-02T07:05:19.547+0000] {processor.py:183} INFO - Processing /opt/airflow/dags/minio_to_snowflake.py took 1.057 seconds
[2025-12-02T07:05:49.832+0000] {processor.py:161} INFO - Started process (PID=33) to work on /opt/airflow/dags/minio_to_snowflake.py
[2025-12-02T07:05:49.834+0000] {processor.py:830} INFO - Processing file /opt/airflow/dags/minio_to_snowflake.py for tasks to queue
[2025-12-02T07:05:49.838+0000] {logging_mixin.py:188} INFO - [2025-12-02T07:05:49.837+0000] {dagbag.py:545} INFO - Filling up the DagBag from /opt/airflow/dags/minio_to_snowflake.py
[2025-12-02T07:05:50.634+0000] {processor.py:840} INFO - DAG(s) 'minio_to_snowflake' retrieved from /opt/airflow/dags/minio_to_snowflake.py
[2025-12-02T07:05:50.657+0000] {logging_mixin.py:188} INFO - [2025-12-02T07:05:50.656+0000] {dag.py:3089} INFO - Sync 1 DAGs
[2025-12-02T07:05:50.675+0000] {logging_mixin.py:188} INFO - [2025-12-02T07:05:50.675+0000] {dag.py:3947} INFO - Setting next_dagrun for minio_to_snowflake to 2025-12-02 07:04:00+00:00, run_after=2025-12-02 07:05:00+00:00
[2025-12-02T07:05:50.702+0000] {processor.py:183} INFO - Processing /opt/airflow/dags/minio_to_snowflake.py took 0.878 seconds
[2025-12-02T07:06:21.068+0000] {processor.py:161} INFO - Started process (PID=36) to work on /opt/airflow/dags/minio_to_snowflake.py
[2025-12-02T07:06:21.071+0000] {processor.py:830} INFO - Processing file /opt/airflow/dags/minio_to_snowflake.py for tasks to queue
[2025-12-02T07:06:21.076+0000] {logging_mixin.py:188} INFO - [2025-12-02T07:06:21.075+0000] {dagbag.py:545} INFO - Filling up the DagBag from /opt/airflow/dags/minio_to_snowflake.py
[2025-12-02T07:06:22.227+0000] {processor.py:840} INFO - DAG(s) 'minio_to_snowflake' retrieved from /opt/airflow/dags/minio_to_snowflake.py
[2025-12-02T07:06:22.252+0000] {logging_mixin.py:188} INFO - [2025-12-02T07:06:22.251+0000] {dag.py:3089} INFO - Sync 1 DAGs
[2025-12-02T07:06:22.276+0000] {logging_mixin.py:188} INFO - [2025-12-02T07:06:22.275+0000] {dag.py:3947} INFO - Setting next_dagrun for minio_to_snowflake to 2025-12-02 07:05:00+00:00, run_after=2025-12-02 07:06:00+00:00
[2025-12-02T07:06:22.306+0000] {processor.py:183} INFO - Processing /opt/airflow/dags/minio_to_snowflake.py took 1.253 seconds
[2025-12-02T07:06:52.406+0000] {processor.py:161} INFO - Started process (PID=39) to work on /opt/airflow/dags/minio_to_snowflake.py
[2025-12-02T07:06:52.407+0000] {processor.py:830} INFO - Processing file /opt/airflow/dags/minio_to_snowflake.py for tasks to queue
[2025-12-02T07:06:52.409+0000] {logging_mixin.py:188} INFO - [2025-12-02T07:06:52.409+0000] {dagbag.py:545} INFO - Filling up the DagBag from /opt/airflow/dags/minio_to_snowflake.py
[2025-12-02T07:06:53.782+0000] {processor.py:840} INFO - DAG(s) 'minio_to_snowflake' retrieved from /opt/airflow/dags/minio_to_snowflake.py
[2025-12-02T07:06:53.809+0000] {logging_mixin.py:188} INFO - [2025-12-02T07:06:53.808+0000] {dag.py:3089} INFO - Sync 1 DAGs
[2025-12-02T07:06:53.842+0000] {logging_mixin.py:188} INFO - [2025-12-02T07:06:53.842+0000] {dag.py:3947} INFO - Setting next_dagrun for minio_to_snowflake to 2025-12-02 07:05:00+00:00, run_after=2025-12-02 07:06:00+00:00
[2025-12-02T07:06:53.870+0000] {processor.py:183} INFO - Processing /opt/airflow/dags/minio_to_snowflake.py took 1.470 seconds
[2025-12-02T07:07:24.029+0000] {processor.py:161} INFO - Started process (PID=42) to work on /opt/airflow/dags/minio_to_snowflake.py
[2025-12-02T07:07:24.031+0000] {processor.py:830} INFO - Processing file /opt/airflow/dags/minio_to_snowflake.py for tasks to queue
[2025-12-02T07:07:24.033+0000] {logging_mixin.py:188} INFO - [2025-12-02T07:07:24.032+0000] {dagbag.py:545} INFO - Filling up the DagBag from /opt/airflow/dags/minio_to_snowflake.py
[2025-12-02T07:07:24.776+0000] {processor.py:840} INFO - DAG(s) 'minio_to_snowflake' retrieved from /opt/airflow/dags/minio_to_snowflake.py
[2025-12-02T07:07:24.809+0000] {logging_mixin.py:188} INFO - [2025-12-02T07:07:24.809+0000] {dag.py:3089} INFO - Sync 1 DAGs
[2025-12-02T07:07:24.836+0000] {logging_mixin.py:188} INFO - [2025-12-02T07:07:24.835+0000] {dag.py:3947} INFO - Setting next_dagrun for minio_to_snowflake to 2025-12-02 07:06:00+00:00, run_after=2025-12-02 07:07:00+00:00
[2025-12-02T07:07:24.878+0000] {processor.py:183} INFO - Processing /opt/airflow/dags/minio_to_snowflake.py took 0.855 seconds
[2025-12-02T07:07:55.339+0000] {processor.py:161} INFO - Started process (PID=45) to work on /opt/airflow/dags/minio_to_snowflake.py
[2025-12-02T07:07:55.340+0000] {processor.py:830} INFO - Processing file /opt/airflow/dags/minio_to_snowflake.py for tasks to queue
[2025-12-02T07:07:55.342+0000] {logging_mixin.py:188} INFO - [2025-12-02T07:07:55.342+0000] {dagbag.py:545} INFO - Filling up the DagBag from /opt/airflow/dags/minio_to_snowflake.py
[2025-12-02T07:07:56.222+0000] {processor.py:840} INFO - DAG(s) 'minio_to_snowflake' retrieved from /opt/airflow/dags/minio_to_snowflake.py
[2025-12-02T07:07:56.252+0000] {logging_mixin.py:188} INFO - [2025-12-02T07:07:56.251+0000] {dag.py:3089} INFO - Sync 1 DAGs
[2025-12-02T07:07:56.275+0000] {logging_mixin.py:188} INFO - [2025-12-02T07:07:56.275+0000] {dag.py:3947} INFO - Setting next_dagrun for minio_to_snowflake to 2025-12-02 07:06:00+00:00, run_after=2025-12-02 07:07:00+00:00
[2025-12-02T07:07:56.303+0000] {processor.py:183} INFO - Processing /opt/airflow/dags/minio_to_snowflake.py took 0.974 seconds
[2025-12-02T07:08:26.767+0000] {processor.py:161} INFO - Started process (PID=48) to work on /opt/airflow/dags/minio_to_snowflake.py
[2025-12-02T07:08:26.769+0000] {processor.py:830} INFO - Processing file /opt/airflow/dags/minio_to_snowflake.py for tasks to queue
[2025-12-02T07:08:26.782+0000] {logging_mixin.py:188} INFO - [2025-12-02T07:08:26.781+0000] {dagbag.py:545} INFO - Filling up the DagBag from /opt/airflow/dags/minio_to_snowflake.py
[2025-12-02T07:08:27.621+0000] {processor.py:840} INFO - DAG(s) 'minio_to_snowflake' retrieved from /opt/airflow/dags/minio_to_snowflake.py
[2025-12-02T07:08:27.651+0000] {logging_mixin.py:188} INFO - [2025-12-02T07:08:27.650+0000] {dag.py:3089} INFO - Sync 1 DAGs
[2025-12-02T07:08:27.674+0000] {logging_mixin.py:188} INFO - [2025-12-02T07:08:27.674+0000] {dag.py:3947} INFO - Setting next_dagrun for minio_to_snowflake to 2025-12-02 07:07:00+00:00, run_after=2025-12-02 07:08:00+00:00
[2025-12-02T07:08:27.705+0000] {processor.py:183} INFO - Processing /opt/airflow/dags/minio_to_snowflake.py took 0.946 seconds
[2025-12-02T07:08:57.998+0000] {processor.py:161} INFO - Started process (PID=51) to work on /opt/airflow/dags/minio_to_snowflake.py
[2025-12-02T07:08:58.000+0000] {processor.py:830} INFO - Processing file /opt/airflow/dags/minio_to_snowflake.py for tasks to queue
[2025-12-02T07:08:58.002+0000] {logging_mixin.py:188} INFO - [2025-12-02T07:08:58.002+0000] {dagbag.py:545} INFO - Filling up the DagBag from /opt/airflow/dags/minio_to_snowflake.py
[2025-12-02T07:08:58.874+0000] {processor.py:840} INFO - DAG(s) 'minio_to_snowflake' retrieved from /opt/airflow/dags/minio_to_snowflake.py
[2025-12-02T07:08:58.897+0000] {logging_mixin.py:188} INFO - [2025-12-02T07:08:58.897+0000] {dag.py:3089} INFO - Sync 1 DAGs
[2025-12-02T07:08:58.923+0000] {logging_mixin.py:188} INFO - [2025-12-02T07:08:58.922+0000] {dag.py:3947} INFO - Setting next_dagrun for minio_to_snowflake to 2025-12-02 07:07:00+00:00, run_after=2025-12-02 07:08:00+00:00
[2025-12-02T07:08:58.950+0000] {processor.py:183} INFO - Processing /opt/airflow/dags/minio_to_snowflake.py took 0.957 seconds
[2025-12-02T07:09:29.291+0000] {processor.py:161} INFO - Started process (PID=54) to work on /opt/airflow/dags/minio_to_snowflake.py
[2025-12-02T07:09:29.293+0000] {processor.py:830} INFO - Processing file /opt/airflow/dags/minio_to_snowflake.py for tasks to queue
[2025-12-02T07:09:29.295+0000] {logging_mixin.py:188} INFO - [2025-12-02T07:09:29.295+0000] {dagbag.py:545} INFO - Filling up the DagBag from /opt/airflow/dags/minio_to_snowflake.py
[2025-12-02T07:09:30.471+0000] {processor.py:840} INFO - DAG(s) 'minio_to_snowflake' retrieved from /opt/airflow/dags/minio_to_snowflake.py
[2025-12-02T07:09:30.523+0000] {logging_mixin.py:188} INFO - [2025-12-02T07:09:30.522+0000] {dag.py:3089} INFO - Sync 1 DAGs
[2025-12-02T07:09:30.558+0000] {logging_mixin.py:188} INFO - [2025-12-02T07:09:30.558+0000] {dag.py:3947} INFO - Setting next_dagrun for minio_to_snowflake to 2025-12-02 07:08:00+00:00, run_after=2025-12-02 07:09:00+00:00
[2025-12-02T07:09:30.582+0000] {processor.py:183} INFO - Processing /opt/airflow/dags/minio_to_snowflake.py took 1.302 seconds
[2025-12-02T07:10:00.763+0000] {processor.py:161} INFO - Started process (PID=57) to work on /opt/airflow/dags/minio_to_snowflake.py
[2025-12-02T07:10:00.765+0000] {processor.py:830} INFO - Processing file /opt/airflow/dags/minio_to_snowflake.py for tasks to queue
[2025-12-02T07:10:00.767+0000] {logging_mixin.py:188} INFO - [2025-12-02T07:10:00.767+0000] {dagbag.py:545} INFO - Filling up the DagBag from /opt/airflow/dags/minio_to_snowflake.py
[2025-12-02T07:10:01.700+0000] {processor.py:840} INFO - DAG(s) 'minio_to_snowflake' retrieved from /opt/airflow/dags/minio_to_snowflake.py
[2025-12-02T07:10:01.730+0000] {logging_mixin.py:188} INFO - [2025-12-02T07:10:01.729+0000] {dag.py:3089} INFO - Sync 1 DAGs
[2025-12-02T07:10:01.753+0000] {logging_mixin.py:188} INFO - [2025-12-02T07:10:01.752+0000] {dag.py:3947} INFO - Setting next_dagrun for minio_to_snowflake to 2025-12-02 07:09:00+00:00, run_after=2025-12-02 07:10:00+00:00
[2025-12-02T07:10:01.790+0000] {processor.py:183} INFO - Processing /opt/airflow/dags/minio_to_snowflake.py took 1.035 seconds
[2025-12-02T07:10:32.045+0000] {processor.py:161} INFO - Started process (PID=60) to work on /opt/airflow/dags/minio_to_snowflake.py
[2025-12-02T07:10:32.047+0000] {processor.py:830} INFO - Processing file /opt/airflow/dags/minio_to_snowflake.py for tasks to queue
[2025-12-02T07:10:32.051+0000] {logging_mixin.py:188} INFO - [2025-12-02T07:10:32.051+0000] {dagbag.py:545} INFO - Filling up the DagBag from /opt/airflow/dags/minio_to_snowflake.py
[2025-12-02T07:10:33.328+0000] {processor.py:840} INFO - DAG(s) 'minio_to_snowflake' retrieved from /opt/airflow/dags/minio_to_snowflake.py
[2025-12-02T07:10:33.393+0000] {logging_mixin.py:188} INFO - [2025-12-02T07:10:33.392+0000] {dag.py:3089} INFO - Sync 1 DAGs
[2025-12-02T07:10:33.443+0000] {logging_mixin.py:188} INFO - [2025-12-02T07:10:33.442+0000] {dag.py:3947} INFO - Setting next_dagrun for minio_to_snowflake to 2025-12-02 07:09:00+00:00, run_after=2025-12-02 07:10:00+00:00
[2025-12-02T07:10:33.473+0000] {processor.py:183} INFO - Processing /opt/airflow/dags/minio_to_snowflake.py took 1.438 seconds
[2025-12-02T07:11:03.602+0000] {processor.py:161} INFO - Started process (PID=63) to work on /opt/airflow/dags/minio_to_snowflake.py
[2025-12-02T07:11:03.608+0000] {processor.py:830} INFO - Processing file /opt/airflow/dags/minio_to_snowflake.py for tasks to queue
[2025-12-02T07:11:03.613+0000] {logging_mixin.py:188} INFO - [2025-12-02T07:11:03.612+0000] {dagbag.py:545} INFO - Filling up the DagBag from /opt/airflow/dags/minio_to_snowflake.py
[2025-12-02T07:11:04.857+0000] {processor.py:840} INFO - DAG(s) 'minio_to_snowflake' retrieved from /opt/airflow/dags/minio_to_snowflake.py
[2025-12-02T07:11:04.902+0000] {logging_mixin.py:188} INFO - [2025-12-02T07:11:04.899+0000] {dag.py:3089} INFO - Sync 1 DAGs
[2025-12-02T07:11:04.939+0000] {logging_mixin.py:188} INFO - [2025-12-02T07:11:04.939+0000] {dag.py:3947} INFO - Setting next_dagrun for minio_to_snowflake to 2025-12-02 07:10:00+00:00, run_after=2025-12-02 07:11:00+00:00
[2025-12-02T07:11:04.971+0000] {processor.py:183} INFO - Processing /opt/airflow/dags/minio_to_snowflake.py took 1.377 seconds
[2025-12-02T07:11:35.132+0000] {processor.py:161} INFO - Started process (PID=66) to work on /opt/airflow/dags/minio_to_snowflake.py
[2025-12-02T07:11:35.135+0000] {processor.py:830} INFO - Processing file /opt/airflow/dags/minio_to_snowflake.py for tasks to queue
[2025-12-02T07:11:35.141+0000] {logging_mixin.py:188} INFO - [2025-12-02T07:11:35.140+0000] {dagbag.py:545} INFO - Filling up the DagBag from /opt/airflow/dags/minio_to_snowflake.py
[2025-12-02T07:11:36.173+0000] {processor.py:840} INFO - DAG(s) 'minio_to_snowflake' retrieved from /opt/airflow/dags/minio_to_snowflake.py
[2025-12-02T07:11:36.205+0000] {logging_mixin.py:188} INFO - [2025-12-02T07:11:36.204+0000] {dag.py:3089} INFO - Sync 1 DAGs
[2025-12-02T07:11:36.251+0000] {logging_mixin.py:188} INFO - [2025-12-02T07:11:36.250+0000] {dag.py:3947} INFO - Setting next_dagrun for minio_to_snowflake to 2025-12-02 07:10:00+00:00, run_after=2025-12-02 07:11:00+00:00
[2025-12-02T07:11:36.320+0000] {processor.py:183} INFO - Processing /opt/airflow/dags/minio_to_snowflake.py took 1.199 seconds
[2025-12-02T07:12:06.645+0000] {processor.py:161} INFO - Started process (PID=69) to work on /opt/airflow/dags/minio_to_snowflake.py
[2025-12-02T07:12:06.647+0000] {processor.py:830} INFO - Processing file /opt/airflow/dags/minio_to_snowflake.py for tasks to queue
[2025-12-02T07:12:06.650+0000] {logging_mixin.py:188} INFO - [2025-12-02T07:12:06.649+0000] {dagbag.py:545} INFO - Filling up the DagBag from /opt/airflow/dags/minio_to_snowflake.py
[2025-12-02T07:12:07.760+0000] {processor.py:840} INFO - DAG(s) 'minio_to_snowflake' retrieved from /opt/airflow/dags/minio_to_snowflake.py
[2025-12-02T07:12:07.794+0000] {logging_mixin.py:188} INFO - [2025-12-02T07:12:07.793+0000] {dag.py:3089} INFO - Sync 1 DAGs
[2025-12-02T07:12:07.818+0000] {logging_mixin.py:188} INFO - [2025-12-02T07:12:07.818+0000] {dag.py:3947} INFO - Setting next_dagrun for minio_to_snowflake to 2025-12-02 07:11:00+00:00, run_after=2025-12-02 07:12:00+00:00
[2025-12-02T07:12:07.843+0000] {processor.py:183} INFO - Processing /opt/airflow/dags/minio_to_snowflake.py took 1.209 seconds
[2025-12-02T07:12:37.943+0000] {processor.py:161} INFO - Started process (PID=72) to work on /opt/airflow/dags/minio_to_snowflake.py
[2025-12-02T07:12:37.944+0000] {processor.py:830} INFO - Processing file /opt/airflow/dags/minio_to_snowflake.py for tasks to queue
[2025-12-02T07:12:37.947+0000] {logging_mixin.py:188} INFO - [2025-12-02T07:12:37.946+0000] {dagbag.py:545} INFO - Filling up the DagBag from /opt/airflow/dags/minio_to_snowflake.py
[2025-12-02T07:12:38.988+0000] {processor.py:840} INFO - DAG(s) 'minio_to_snowflake' retrieved from /opt/airflow/dags/minio_to_snowflake.py
[2025-12-02T07:12:39.015+0000] {logging_mixin.py:188} INFO - [2025-12-02T07:12:39.014+0000] {dag.py:3089} INFO - Sync 1 DAGs
[2025-12-02T07:12:39.040+0000] {logging_mixin.py:188} INFO - [2025-12-02T07:12:39.039+0000] {dag.py:3947} INFO - Setting next_dagrun for minio_to_snowflake to 2025-12-02 07:11:00+00:00, run_after=2025-12-02 07:12:00+00:00
[2025-12-02T07:12:39.063+0000] {processor.py:183} INFO - Processing /opt/airflow/dags/minio_to_snowflake.py took 1.127 seconds
[2025-12-02T07:13:09.303+0000] {processor.py:161} INFO - Started process (PID=75) to work on /opt/airflow/dags/minio_to_snowflake.py
[2025-12-02T07:13:09.305+0000] {processor.py:830} INFO - Processing file /opt/airflow/dags/minio_to_snowflake.py for tasks to queue
[2025-12-02T07:13:09.308+0000] {logging_mixin.py:188} INFO - [2025-12-02T07:13:09.308+0000] {dagbag.py:545} INFO - Filling up the DagBag from /opt/airflow/dags/minio_to_snowflake.py
[2025-12-02T07:13:10.243+0000] {processor.py:840} INFO - DAG(s) 'minio_to_snowflake' retrieved from /opt/airflow/dags/minio_to_snowflake.py
[2025-12-02T07:13:10.268+0000] {logging_mixin.py:188} INFO - [2025-12-02T07:13:10.267+0000] {dag.py:3089} INFO - Sync 1 DAGs
[2025-12-02T07:13:10.294+0000] {logging_mixin.py:188} INFO - [2025-12-02T07:13:10.293+0000] {dag.py:3947} INFO - Setting next_dagrun for minio_to_snowflake to 2025-12-02 07:12:00+00:00, run_after=2025-12-02 07:13:00+00:00
[2025-12-02T07:13:10.330+0000] {processor.py:183} INFO - Processing /opt/airflow/dags/minio_to_snowflake.py took 1.034 seconds
[2025-12-02T07:13:40.533+0000] {processor.py:161} INFO - Started process (PID=78) to work on /opt/airflow/dags/minio_to_snowflake.py
[2025-12-02T07:13:40.534+0000] {processor.py:830} INFO - Processing file /opt/airflow/dags/minio_to_snowflake.py for tasks to queue
[2025-12-02T07:13:40.537+0000] {logging_mixin.py:188} INFO - [2025-12-02T07:13:40.537+0000] {dagbag.py:545} INFO - Filling up the DagBag from /opt/airflow/dags/minio_to_snowflake.py
[2025-12-02T07:13:41.572+0000] {processor.py:840} INFO - DAG(s) 'minio_to_snowflake' retrieved from /opt/airflow/dags/minio_to_snowflake.py
[2025-12-02T07:13:41.602+0000] {logging_mixin.py:188} INFO - [2025-12-02T07:13:41.601+0000] {dag.py:3089} INFO - Sync 1 DAGs
[2025-12-02T07:13:41.624+0000] {logging_mixin.py:188} INFO - [2025-12-02T07:13:41.624+0000] {dag.py:3947} INFO - Setting next_dagrun for minio_to_snowflake to 2025-12-02 07:12:00+00:00, run_after=2025-12-02 07:13:00+00:00
[2025-12-02T07:13:41.653+0000] {processor.py:183} INFO - Processing /opt/airflow/dags/minio_to_snowflake.py took 1.127 seconds
[2025-12-02T07:14:12.030+0000] {processor.py:161} INFO - Started process (PID=81) to work on /opt/airflow/dags/minio_to_snowflake.py
[2025-12-02T07:14:12.034+0000] {processor.py:830} INFO - Processing file /opt/airflow/dags/minio_to_snowflake.py for tasks to queue
[2025-12-02T07:14:12.037+0000] {logging_mixin.py:188} INFO - [2025-12-02T07:14:12.037+0000] {dagbag.py:545} INFO - Filling up the DagBag from /opt/airflow/dags/minio_to_snowflake.py
[2025-12-02T07:14:13.442+0000] {processor.py:840} INFO - DAG(s) 'minio_to_snowflake' retrieved from /opt/airflow/dags/minio_to_snowflake.py
[2025-12-02T07:14:13.512+0000] {logging_mixin.py:188} INFO - [2025-12-02T07:14:13.511+0000] {dag.py:3089} INFO - Sync 1 DAGs
[2025-12-02T07:14:13.561+0000] {logging_mixin.py:188} INFO - [2025-12-02T07:14:13.561+0000] {dag.py:3947} INFO - Setting next_dagrun for minio_to_snowflake to 2025-12-02 07:13:00+00:00, run_after=2025-12-02 07:14:00+00:00
[2025-12-02T07:14:13.604+0000] {processor.py:183} INFO - Processing /opt/airflow/dags/minio_to_snowflake.py took 1.586 seconds
[2025-12-02T07:14:43.987+0000] {processor.py:161} INFO - Started process (PID=84) to work on /opt/airflow/dags/minio_to_snowflake.py
[2025-12-02T07:14:43.989+0000] {processor.py:830} INFO - Processing file /opt/airflow/dags/minio_to_snowflake.py for tasks to queue
[2025-12-02T07:14:43.993+0000] {logging_mixin.py:188} INFO - [2025-12-02T07:14:43.993+0000] {dagbag.py:545} INFO - Filling up the DagBag from /opt/airflow/dags/minio_to_snowflake.py
[2025-12-02T07:14:44.908+0000] {processor.py:840} INFO - DAG(s) 'minio_to_snowflake' retrieved from /opt/airflow/dags/minio_to_snowflake.py
[2025-12-02T07:14:44.951+0000] {logging_mixin.py:188} INFO - [2025-12-02T07:14:44.950+0000] {dag.py:3089} INFO - Sync 1 DAGs
[2025-12-02T07:14:44.993+0000] {logging_mixin.py:188} INFO - [2025-12-02T07:14:44.992+0000] {dag.py:3947} INFO - Setting next_dagrun for minio_to_snowflake to 2025-12-02 07:13:00+00:00, run_after=2025-12-02 07:14:00+00:00
[2025-12-02T07:14:45.031+0000] {processor.py:183} INFO - Processing /opt/airflow/dags/minio_to_snowflake.py took 1.049 seconds
[2025-12-02T07:15:15.214+0000] {processor.py:161} INFO - Started process (PID=87) to work on /opt/airflow/dags/minio_to_snowflake.py
[2025-12-02T07:15:15.218+0000] {processor.py:830} INFO - Processing file /opt/airflow/dags/minio_to_snowflake.py for tasks to queue
[2025-12-02T07:15:15.223+0000] {logging_mixin.py:188} INFO - [2025-12-02T07:15:15.222+0000] {dagbag.py:545} INFO - Filling up the DagBag from /opt/airflow/dags/minio_to_snowflake.py
[2025-12-02T07:15:16.321+0000] {processor.py:840} INFO - DAG(s) 'minio_to_snowflake' retrieved from /opt/airflow/dags/minio_to_snowflake.py
[2025-12-02T07:15:16.366+0000] {logging_mixin.py:188} INFO - [2025-12-02T07:15:16.365+0000] {dag.py:3089} INFO - Sync 1 DAGs
[2025-12-02T07:15:16.395+0000] {logging_mixin.py:188} INFO - [2025-12-02T07:15:16.394+0000] {dag.py:3947} INFO - Setting next_dagrun for minio_to_snowflake to 2025-12-02 07:14:00+00:00, run_after=2025-12-02 07:15:00+00:00
[2025-12-02T07:15:16.440+0000] {processor.py:183} INFO - Processing /opt/airflow/dags/minio_to_snowflake.py took 1.249 seconds
[2025-12-02T07:15:46.796+0000] {processor.py:161} INFO - Started process (PID=90) to work on /opt/airflow/dags/minio_to_snowflake.py
[2025-12-02T07:15:46.798+0000] {processor.py:830} INFO - Processing file /opt/airflow/dags/minio_to_snowflake.py for tasks to queue
[2025-12-02T07:15:46.801+0000] {logging_mixin.py:188} INFO - [2025-12-02T07:15:46.800+0000] {dagbag.py:545} INFO - Filling up the DagBag from /opt/airflow/dags/minio_to_snowflake.py
[2025-12-02T07:15:47.985+0000] {processor.py:840} INFO - DAG(s) 'minio_to_snowflake' retrieved from /opt/airflow/dags/minio_to_snowflake.py
[2025-12-02T07:15:48.023+0000] {logging_mixin.py:188} INFO - [2025-12-02T07:15:48.022+0000] {dag.py:3089} INFO - Sync 1 DAGs
[2025-12-02T07:15:48.054+0000] {logging_mixin.py:188} INFO - [2025-12-02T07:15:48.054+0000] {dag.py:3947} INFO - Setting next_dagrun for minio_to_snowflake to 2025-12-02 07:14:00+00:00, run_after=2025-12-02 07:15:00+00:00
[2025-12-02T07:15:48.120+0000] {processor.py:183} INFO - Processing /opt/airflow/dags/minio_to_snowflake.py took 1.335 seconds
[2025-12-02T07:16:18.407+0000] {processor.py:161} INFO - Started process (PID=93) to work on /opt/airflow/dags/minio_to_snowflake.py
[2025-12-02T07:16:18.409+0000] {processor.py:830} INFO - Processing file /opt/airflow/dags/minio_to_snowflake.py for tasks to queue
[2025-12-02T07:16:18.413+0000] {logging_mixin.py:188} INFO - [2025-12-02T07:16:18.412+0000] {dagbag.py:545} INFO - Filling up the DagBag from /opt/airflow/dags/minio_to_snowflake.py
[2025-12-02T07:16:19.787+0000] {processor.py:840} INFO - DAG(s) 'minio_to_snowflake' retrieved from /opt/airflow/dags/minio_to_snowflake.py
[2025-12-02T07:16:19.816+0000] {logging_mixin.py:188} INFO - [2025-12-02T07:16:19.816+0000] {dag.py:3089} INFO - Sync 1 DAGs
[2025-12-02T07:16:19.856+0000] {logging_mixin.py:188} INFO - [2025-12-02T07:16:19.855+0000] {dag.py:3947} INFO - Setting next_dagrun for minio_to_snowflake to 2025-12-02 07:15:00+00:00, run_after=2025-12-02 07:16:00+00:00
[2025-12-02T07:16:19.887+0000] {processor.py:183} INFO - Processing /opt/airflow/dags/minio_to_snowflake.py took 1.495 seconds
[2025-12-02T07:16:50.166+0000] {processor.py:161} INFO - Started process (PID=96) to work on /opt/airflow/dags/minio_to_snowflake.py
[2025-12-02T07:16:50.167+0000] {processor.py:830} INFO - Processing file /opt/airflow/dags/minio_to_snowflake.py for tasks to queue
[2025-12-02T07:16:50.170+0000] {logging_mixin.py:188} INFO - [2025-12-02T07:16:50.170+0000] {dagbag.py:545} INFO - Filling up the DagBag from /opt/airflow/dags/minio_to_snowflake.py
[2025-12-02T07:16:50.994+0000] {processor.py:840} INFO - DAG(s) 'minio_to_snowflake' retrieved from /opt/airflow/dags/minio_to_snowflake.py
[2025-12-02T07:16:51.053+0000] {logging_mixin.py:188} INFO - [2025-12-02T07:16:51.052+0000] {dag.py:3089} INFO - Sync 1 DAGs
[2025-12-02T07:16:51.096+0000] {logging_mixin.py:188} INFO - [2025-12-02T07:16:51.095+0000] {dag.py:3947} INFO - Setting next_dagrun for minio_to_snowflake to 2025-12-02 07:15:00+00:00, run_after=2025-12-02 07:16:00+00:00
[2025-12-02T07:16:51.220+0000] {processor.py:183} INFO - Processing /opt/airflow/dags/minio_to_snowflake.py took 1.065 seconds
[2025-12-02T07:17:21.425+0000] {processor.py:161} INFO - Started process (PID=99) to work on /opt/airflow/dags/minio_to_snowflake.py
[2025-12-02T07:17:21.426+0000] {processor.py:830} INFO - Processing file /opt/airflow/dags/minio_to_snowflake.py for tasks to queue
[2025-12-02T07:17:21.428+0000] {logging_mixin.py:188} INFO - [2025-12-02T07:17:21.428+0000] {dagbag.py:545} INFO - Filling up the DagBag from /opt/airflow/dags/minio_to_snowflake.py
[2025-12-02T07:17:22.242+0000] {processor.py:840} INFO - DAG(s) 'minio_to_snowflake' retrieved from /opt/airflow/dags/minio_to_snowflake.py
[2025-12-02T07:17:22.272+0000] {logging_mixin.py:188} INFO - [2025-12-02T07:17:22.271+0000] {dag.py:3089} INFO - Sync 1 DAGs
[2025-12-02T07:17:22.295+0000] {logging_mixin.py:188} INFO - [2025-12-02T07:17:22.294+0000] {dag.py:3947} INFO - Setting next_dagrun for minio_to_snowflake to 2025-12-02 07:16:00+00:00, run_after=2025-12-02 07:17:00+00:00
[2025-12-02T07:17:22.325+0000] {processor.py:183} INFO - Processing /opt/airflow/dags/minio_to_snowflake.py took 0.908 seconds
[2025-12-02T07:17:52.584+0000] {processor.py:161} INFO - Started process (PID=102) to work on /opt/airflow/dags/minio_to_snowflake.py
[2025-12-02T07:17:52.587+0000] {processor.py:830} INFO - Processing file /opt/airflow/dags/minio_to_snowflake.py for tasks to queue
[2025-12-02T07:17:52.589+0000] {logging_mixin.py:188} INFO - [2025-12-02T07:17:52.589+0000] {dagbag.py:545} INFO - Filling up the DagBag from /opt/airflow/dags/minio_to_snowflake.py
[2025-12-02T07:17:53.414+0000] {processor.py:840} INFO - DAG(s) 'minio_to_snowflake' retrieved from /opt/airflow/dags/minio_to_snowflake.py
[2025-12-02T07:17:53.447+0000] {logging_mixin.py:188} INFO - [2025-12-02T07:17:53.446+0000] {dag.py:3089} INFO - Sync 1 DAGs
[2025-12-02T07:17:53.467+0000] {logging_mixin.py:188} INFO - [2025-12-02T07:17:53.467+0000] {dag.py:3947} INFO - Setting next_dagrun for minio_to_snowflake to 2025-12-02 07:16:00+00:00, run_after=2025-12-02 07:17:00+00:00
[2025-12-02T07:17:53.500+0000] {processor.py:183} INFO - Processing /opt/airflow/dags/minio_to_snowflake.py took 0.925 seconds
[2025-12-02T07:18:23.755+0000] {processor.py:161} INFO - Started process (PID=105) to work on /opt/airflow/dags/minio_to_snowflake.py
[2025-12-02T07:18:23.757+0000] {processor.py:830} INFO - Processing file /opt/airflow/dags/minio_to_snowflake.py for tasks to queue
[2025-12-02T07:18:23.761+0000] {logging_mixin.py:188} INFO - [2025-12-02T07:18:23.760+0000] {dagbag.py:545} INFO - Filling up the DagBag from /opt/airflow/dags/minio_to_snowflake.py
[2025-12-02T07:18:24.653+0000] {processor.py:840} INFO - DAG(s) 'minio_to_snowflake' retrieved from /opt/airflow/dags/minio_to_snowflake.py
[2025-12-02T07:18:24.687+0000] {logging_mixin.py:188} INFO - [2025-12-02T07:18:24.687+0000] {dag.py:3089} INFO - Sync 1 DAGs
[2025-12-02T07:18:24.722+0000] {logging_mixin.py:188} INFO - [2025-12-02T07:18:24.721+0000] {dag.py:3947} INFO - Setting next_dagrun for minio_to_snowflake to 2025-12-02 07:17:00+00:00, run_after=2025-12-02 07:18:00+00:00
[2025-12-02T07:18:24.751+0000] {processor.py:183} INFO - Processing /opt/airflow/dags/minio_to_snowflake.py took 1.003 seconds
[2025-12-02T07:18:55.382+0000] {processor.py:161} INFO - Started process (PID=108) to work on /opt/airflow/dags/minio_to_snowflake.py
[2025-12-02T07:18:55.386+0000] {processor.py:830} INFO - Processing file /opt/airflow/dags/minio_to_snowflake.py for tasks to queue
[2025-12-02T07:18:55.393+0000] {logging_mixin.py:188} INFO - [2025-12-02T07:18:55.392+0000] {dagbag.py:545} INFO - Filling up the DagBag from /opt/airflow/dags/minio_to_snowflake.py
[2025-12-02T07:18:56.777+0000] {processor.py:840} INFO - DAG(s) 'minio_to_snowflake' retrieved from /opt/airflow/dags/minio_to_snowflake.py
[2025-12-02T07:18:56.805+0000] {logging_mixin.py:188} INFO - [2025-12-02T07:18:56.804+0000] {dag.py:3089} INFO - Sync 1 DAGs
[2025-12-02T07:18:56.829+0000] {logging_mixin.py:188} INFO - [2025-12-02T07:18:56.829+0000] {dag.py:3947} INFO - Setting next_dagrun for minio_to_snowflake to 2025-12-02 07:17:00+00:00, run_after=2025-12-02 07:18:00+00:00
[2025-12-02T07:18:56.860+0000] {processor.py:183} INFO - Processing /opt/airflow/dags/minio_to_snowflake.py took 1.491 seconds
[2025-12-02T07:34:02.599+0000] {processor.py:161} INFO - Started process (PID=21) to work on /opt/airflow/dags/minio_to_snowflake.py
[2025-12-02T07:34:02.604+0000] {processor.py:830} INFO - Processing file /opt/airflow/dags/minio_to_snowflake.py for tasks to queue
[2025-12-02T07:34:02.609+0000] {logging_mixin.py:188} INFO - [2025-12-02T07:34:02.608+0000] {dagbag.py:545} INFO - Filling up the DagBag from /opt/airflow/dags/minio_to_snowflake.py
[2025-12-02T07:34:08.537+0000] {processor.py:840} INFO - DAG(s) 'minio_to_snowflake' retrieved from /opt/airflow/dags/minio_to_snowflake.py
[2025-12-02T07:34:08.641+0000] {logging_mixin.py:188} INFO - [2025-12-02T07:34:08.640+0000] {dag.py:3089} INFO - Sync 1 DAGs
[2025-12-02T07:34:08.690+0000] {logging_mixin.py:188} INFO - [2025-12-02T07:34:08.689+0000] {dag.py:3947} INFO - Setting next_dagrun for minio_to_snowflake to 2025-12-02 07:33:00+00:00, run_after=2025-12-02 07:34:00+00:00
[2025-12-02T07:34:08.732+0000] {processor.py:183} INFO - Processing /opt/airflow/dags/minio_to_snowflake.py took 6.143 seconds
[2025-12-02T07:34:39.014+0000] {processor.py:161} INFO - Started process (PID=24) to work on /opt/airflow/dags/minio_to_snowflake.py
[2025-12-02T07:34:39.022+0000] {processor.py:830} INFO - Processing file /opt/airflow/dags/minio_to_snowflake.py for tasks to queue
[2025-12-02T07:34:39.030+0000] {logging_mixin.py:188} INFO - [2025-12-02T07:34:39.029+0000] {dagbag.py:545} INFO - Filling up the DagBag from /opt/airflow/dags/minio_to_snowflake.py
[2025-12-02T07:34:41.028+0000] {processor.py:840} INFO - DAG(s) 'minio_to_snowflake' retrieved from /opt/airflow/dags/minio_to_snowflake.py
[2025-12-02T07:34:41.073+0000] {logging_mixin.py:188} INFO - [2025-12-02T07:34:41.072+0000] {dag.py:3089} INFO - Sync 1 DAGs
[2025-12-02T07:34:41.101+0000] {logging_mixin.py:188} INFO - [2025-12-02T07:34:41.101+0000] {dag.py:3947} INFO - Setting next_dagrun for minio_to_snowflake to 2025-12-02 07:33:00+00:00, run_after=2025-12-02 07:34:00+00:00
[2025-12-02T07:34:41.133+0000] {processor.py:183} INFO - Processing /opt/airflow/dags/minio_to_snowflake.py took 2.139 seconds
[2025-12-02T07:35:11.477+0000] {processor.py:161} INFO - Started process (PID=27) to work on /opt/airflow/dags/minio_to_snowflake.py
[2025-12-02T07:35:11.479+0000] {processor.py:830} INFO - Processing file /opt/airflow/dags/minio_to_snowflake.py for tasks to queue
[2025-12-02T07:35:11.482+0000] {logging_mixin.py:188} INFO - [2025-12-02T07:35:11.481+0000] {dagbag.py:545} INFO - Filling up the DagBag from /opt/airflow/dags/minio_to_snowflake.py
[2025-12-02T07:35:12.405+0000] {processor.py:840} INFO - DAG(s) 'minio_to_snowflake' retrieved from /opt/airflow/dags/minio_to_snowflake.py
[2025-12-02T07:35:12.431+0000] {logging_mixin.py:188} INFO - [2025-12-02T07:35:12.431+0000] {dag.py:3089} INFO - Sync 1 DAGs
[2025-12-02T07:35:12.455+0000] {logging_mixin.py:188} INFO - [2025-12-02T07:35:12.455+0000] {dag.py:3947} INFO - Setting next_dagrun for minio_to_snowflake to 2025-12-02 07:34:00+00:00, run_after=2025-12-02 07:35:00+00:00
[2025-12-02T07:35:12.484+0000] {processor.py:183} INFO - Processing /opt/airflow/dags/minio_to_snowflake.py took 1.016 seconds
[2025-12-02T07:35:42.771+0000] {processor.py:161} INFO - Started process (PID=30) to work on /opt/airflow/dags/minio_to_snowflake.py
[2025-12-02T07:35:42.773+0000] {processor.py:830} INFO - Processing file /opt/airflow/dags/minio_to_snowflake.py for tasks to queue
[2025-12-02T07:35:42.778+0000] {logging_mixin.py:188} INFO - [2025-12-02T07:35:42.777+0000] {dagbag.py:545} INFO - Filling up the DagBag from /opt/airflow/dags/minio_to_snowflake.py
[2025-12-02T07:35:43.668+0000] {processor.py:840} INFO - DAG(s) 'minio_to_snowflake' retrieved from /opt/airflow/dags/minio_to_snowflake.py
[2025-12-02T07:35:43.699+0000] {logging_mixin.py:188} INFO - [2025-12-02T07:35:43.698+0000] {dag.py:3089} INFO - Sync 1 DAGs
[2025-12-02T07:35:43.732+0000] {logging_mixin.py:188} INFO - [2025-12-02T07:35:43.732+0000] {dag.py:3947} INFO - Setting next_dagrun for minio_to_snowflake to 2025-12-02 07:34:00+00:00, run_after=2025-12-02 07:35:00+00:00
[2025-12-02T07:35:43.764+0000] {processor.py:183} INFO - Processing /opt/airflow/dags/minio_to_snowflake.py took 0.998 seconds
[2025-12-02T07:36:14.006+0000] {processor.py:161} INFO - Started process (PID=33) to work on /opt/airflow/dags/minio_to_snowflake.py
[2025-12-02T07:36:14.008+0000] {processor.py:830} INFO - Processing file /opt/airflow/dags/minio_to_snowflake.py for tasks to queue
[2025-12-02T07:36:14.011+0000] {logging_mixin.py:188} INFO - [2025-12-02T07:36:14.011+0000] {dagbag.py:545} INFO - Filling up the DagBag from /opt/airflow/dags/minio_to_snowflake.py
[2025-12-02T07:36:14.879+0000] {processor.py:840} INFO - DAG(s) 'minio_to_snowflake' retrieved from /opt/airflow/dags/minio_to_snowflake.py
[2025-12-02T07:36:14.907+0000] {logging_mixin.py:188} INFO - [2025-12-02T07:36:14.906+0000] {dag.py:3089} INFO - Sync 1 DAGs
[2025-12-02T07:36:14.928+0000] {logging_mixin.py:188} INFO - [2025-12-02T07:36:14.928+0000] {dag.py:3947} INFO - Setting next_dagrun for minio_to_snowflake to 2025-12-02 07:35:00+00:00, run_after=2025-12-02 07:36:00+00:00
[2025-12-02T07:36:15.468+0000] {processor.py:183} INFO - Processing /opt/airflow/dags/minio_to_snowflake.py took 1.472 seconds
[2025-12-02T07:36:45.810+0000] {processor.py:161} INFO - Started process (PID=36) to work on /opt/airflow/dags/minio_to_snowflake.py
[2025-12-02T07:36:45.812+0000] {processor.py:830} INFO - Processing file /opt/airflow/dags/minio_to_snowflake.py for tasks to queue
[2025-12-02T07:36:45.815+0000] {logging_mixin.py:188} INFO - [2025-12-02T07:36:45.814+0000] {dagbag.py:545} INFO - Filling up the DagBag from /opt/airflow/dags/minio_to_snowflake.py
[2025-12-02T07:36:46.903+0000] {processor.py:840} INFO - DAG(s) 'minio_to_snowflake' retrieved from /opt/airflow/dags/minio_to_snowflake.py
[2025-12-02T07:36:46.931+0000] {logging_mixin.py:188} INFO - [2025-12-02T07:36:46.931+0000] {dag.py:3089} INFO - Sync 1 DAGs
[2025-12-02T07:36:46.952+0000] {logging_mixin.py:188} INFO - [2025-12-02T07:36:46.952+0000] {dag.py:3947} INFO - Setting next_dagrun for minio_to_snowflake to 2025-12-02 07:35:00+00:00, run_after=2025-12-02 07:36:00+00:00
[2025-12-02T07:36:46.984+0000] {processor.py:183} INFO - Processing /opt/airflow/dags/minio_to_snowflake.py took 1.183 seconds
[2025-12-02T07:37:17.077+0000] {processor.py:161} INFO - Started process (PID=39) to work on /opt/airflow/dags/minio_to_snowflake.py
[2025-12-02T07:37:17.079+0000] {processor.py:830} INFO - Processing file /opt/airflow/dags/minio_to_snowflake.py for tasks to queue
[2025-12-02T07:37:17.082+0000] {logging_mixin.py:188} INFO - [2025-12-02T07:37:17.082+0000] {dagbag.py:545} INFO - Filling up the DagBag from /opt/airflow/dags/minio_to_snowflake.py
[2025-12-02T07:37:18.345+0000] {processor.py:840} INFO - DAG(s) 'minio_to_snowflake' retrieved from /opt/airflow/dags/minio_to_snowflake.py
[2025-12-02T07:37:18.378+0000] {logging_mixin.py:188} INFO - [2025-12-02T07:37:18.377+0000] {dag.py:3089} INFO - Sync 1 DAGs
[2025-12-02T07:37:18.408+0000] {logging_mixin.py:188} INFO - [2025-12-02T07:37:18.408+0000] {dag.py:3947} INFO - Setting next_dagrun for minio_to_snowflake to 2025-12-02 07:36:00+00:00, run_after=2025-12-02 07:37:00+00:00
[2025-12-02T07:37:18.437+0000] {processor.py:183} INFO - Processing /opt/airflow/dags/minio_to_snowflake.py took 1.369 seconds
[2025-12-02T07:37:48.816+0000] {processor.py:161} INFO - Started process (PID=42) to work on /opt/airflow/dags/minio_to_snowflake.py
[2025-12-02T07:37:48.818+0000] {processor.py:830} INFO - Processing file /opt/airflow/dags/minio_to_snowflake.py for tasks to queue
[2025-12-02T07:37:48.821+0000] {logging_mixin.py:188} INFO - [2025-12-02T07:37:48.820+0000] {dagbag.py:545} INFO - Filling up the DagBag from /opt/airflow/dags/minio_to_snowflake.py
[2025-12-02T07:37:49.688+0000] {processor.py:840} INFO - DAG(s) 'minio_to_snowflake' retrieved from /opt/airflow/dags/minio_to_snowflake.py
[2025-12-02T07:37:49.717+0000] {logging_mixin.py:188} INFO - [2025-12-02T07:37:49.716+0000] {dag.py:3089} INFO - Sync 1 DAGs
[2025-12-02T07:37:49.739+0000] {logging_mixin.py:188} INFO - [2025-12-02T07:37:49.738+0000] {dag.py:3947} INFO - Setting next_dagrun for minio_to_snowflake to 2025-12-02 07:36:00+00:00, run_after=2025-12-02 07:37:00+00:00
[2025-12-02T07:37:49.772+0000] {processor.py:183} INFO - Processing /opt/airflow/dags/minio_to_snowflake.py took 0.968 seconds
[2025-12-02T07:38:20.015+0000] {processor.py:161} INFO - Started process (PID=45) to work on /opt/airflow/dags/minio_to_snowflake.py
[2025-12-02T07:38:20.016+0000] {processor.py:830} INFO - Processing file /opt/airflow/dags/minio_to_snowflake.py for tasks to queue
[2025-12-02T07:38:20.019+0000] {logging_mixin.py:188} INFO - [2025-12-02T07:38:20.018+0000] {dagbag.py:545} INFO - Filling up the DagBag from /opt/airflow/dags/minio_to_snowflake.py
[2025-12-02T07:38:20.995+0000] {processor.py:840} INFO - DAG(s) 'minio_to_snowflake' retrieved from /opt/airflow/dags/minio_to_snowflake.py
[2025-12-02T07:38:21.032+0000] {logging_mixin.py:188} INFO - [2025-12-02T07:38:21.031+0000] {dag.py:3089} INFO - Sync 1 DAGs
[2025-12-02T07:38:21.087+0000] {logging_mixin.py:188} INFO - [2025-12-02T07:38:21.086+0000] {dag.py:3947} INFO - Setting next_dagrun for minio_to_snowflake to 2025-12-02 07:37:00+00:00, run_after=2025-12-02 07:38:00+00:00
[2025-12-02T07:38:21.168+0000] {processor.py:183} INFO - Processing /opt/airflow/dags/minio_to_snowflake.py took 1.169 seconds
[2025-12-02T07:38:51.265+0000] {processor.py:161} INFO - Started process (PID=48) to work on /opt/airflow/dags/minio_to_snowflake.py
[2025-12-02T07:38:51.267+0000] {processor.py:830} INFO - Processing file /opt/airflow/dags/minio_to_snowflake.py for tasks to queue
[2025-12-02T07:38:51.270+0000] {logging_mixin.py:188} INFO - [2025-12-02T07:38:51.270+0000] {dagbag.py:545} INFO - Filling up the DagBag from /opt/airflow/dags/minio_to_snowflake.py
[2025-12-02T07:38:52.087+0000] {processor.py:840} INFO - DAG(s) 'minio_to_snowflake' retrieved from /opt/airflow/dags/minio_to_snowflake.py
[2025-12-02T07:38:52.112+0000] {logging_mixin.py:188} INFO - [2025-12-02T07:38:52.112+0000] {dag.py:3089} INFO - Sync 1 DAGs
[2025-12-02T07:38:52.136+0000] {logging_mixin.py:188} INFO - [2025-12-02T07:38:52.135+0000] {dag.py:3947} INFO - Setting next_dagrun for minio_to_snowflake to 2025-12-02 07:37:00+00:00, run_after=2025-12-02 07:38:00+00:00
[2025-12-02T07:38:52.166+0000] {processor.py:183} INFO - Processing /opt/airflow/dags/minio_to_snowflake.py took 0.909 seconds
[2025-12-02T07:39:22.466+0000] {processor.py:161} INFO - Started process (PID=51) to work on /opt/airflow/dags/minio_to_snowflake.py
[2025-12-02T07:39:22.468+0000] {processor.py:830} INFO - Processing file /opt/airflow/dags/minio_to_snowflake.py for tasks to queue
[2025-12-02T07:39:22.472+0000] {logging_mixin.py:188} INFO - [2025-12-02T07:39:22.471+0000] {dagbag.py:545} INFO - Filling up the DagBag from /opt/airflow/dags/minio_to_snowflake.py
[2025-12-02T07:39:23.683+0000] {processor.py:840} INFO - DAG(s) 'minio_to_snowflake' retrieved from /opt/airflow/dags/minio_to_snowflake.py
[2025-12-02T07:39:23.812+0000] {logging_mixin.py:188} INFO - [2025-12-02T07:39:23.812+0000] {dag.py:3089} INFO - Sync 1 DAGs
[2025-12-02T07:39:24.006+0000] {logging_mixin.py:188} INFO - [2025-12-02T07:39:24.006+0000] {dag.py:3947} INFO - Setting next_dagrun for minio_to_snowflake to 2025-12-02 07:38:00+00:00, run_after=2025-12-02 07:39:00+00:00
[2025-12-02T07:39:24.299+0000] {processor.py:183} INFO - Processing /opt/airflow/dags/minio_to_snowflake.py took 1.844 seconds
[2025-12-02T07:39:54.726+0000] {processor.py:161} INFO - Started process (PID=54) to work on /opt/airflow/dags/minio_to_snowflake.py
[2025-12-02T07:39:54.728+0000] {processor.py:830} INFO - Processing file /opt/airflow/dags/minio_to_snowflake.py for tasks to queue
[2025-12-02T07:39:54.742+0000] {logging_mixin.py:188} INFO - [2025-12-02T07:39:54.732+0000] {dagbag.py:545} INFO - Filling up the DagBag from /opt/airflow/dags/minio_to_snowflake.py
[2025-12-02T07:39:55.859+0000] {processor.py:840} INFO - DAG(s) 'minio_to_snowflake' retrieved from /opt/airflow/dags/minio_to_snowflake.py
[2025-12-02T07:39:55.903+0000] {logging_mixin.py:188} INFO - [2025-12-02T07:39:55.902+0000] {dag.py:3089} INFO - Sync 1 DAGs
[2025-12-02T07:39:55.943+0000] {logging_mixin.py:188} INFO - [2025-12-02T07:39:55.942+0000] {dag.py:3947} INFO - Setting next_dagrun for minio_to_snowflake to 2025-12-02 07:38:00+00:00, run_after=2025-12-02 07:39:00+00:00
[2025-12-02T07:39:56.017+0000] {processor.py:183} INFO - Processing /opt/airflow/dags/minio_to_snowflake.py took 1.311 seconds
[2025-12-02T07:40:26.569+0000] {processor.py:161} INFO - Started process (PID=57) to work on /opt/airflow/dags/minio_to_snowflake.py
[2025-12-02T07:40:26.575+0000] {processor.py:830} INFO - Processing file /opt/airflow/dags/minio_to_snowflake.py for tasks to queue
[2025-12-02T07:40:26.580+0000] {logging_mixin.py:188} INFO - [2025-12-02T07:40:26.579+0000] {dagbag.py:545} INFO - Filling up the DagBag from /opt/airflow/dags/minio_to_snowflake.py
[2025-12-02T07:40:27.816+0000] {processor.py:840} INFO - DAG(s) 'minio_to_snowflake' retrieved from /opt/airflow/dags/minio_to_snowflake.py
[2025-12-02T07:40:27.845+0000] {logging_mixin.py:188} INFO - [2025-12-02T07:40:27.845+0000] {dag.py:3089} INFO - Sync 1 DAGs
[2025-12-02T07:40:27.868+0000] {logging_mixin.py:188} INFO - [2025-12-02T07:40:27.868+0000] {dag.py:3947} INFO - Setting next_dagrun for minio_to_snowflake to 2025-12-02 07:39:00+00:00, run_after=2025-12-02 07:40:00+00:00
[2025-12-02T07:40:27.915+0000] {processor.py:183} INFO - Processing /opt/airflow/dags/minio_to_snowflake.py took 1.368 seconds
[2025-12-02T07:40:58.236+0000] {processor.py:161} INFO - Started process (PID=60) to work on /opt/airflow/dags/minio_to_snowflake.py
[2025-12-02T07:40:58.238+0000] {processor.py:830} INFO - Processing file /opt/airflow/dags/minio_to_snowflake.py for tasks to queue
[2025-12-02T07:40:58.242+0000] {logging_mixin.py:188} INFO - [2025-12-02T07:40:58.242+0000] {dagbag.py:545} INFO - Filling up the DagBag from /opt/airflow/dags/minio_to_snowflake.py
[2025-12-02T07:40:59.701+0000] {processor.py:840} INFO - DAG(s) 'minio_to_snowflake' retrieved from /opt/airflow/dags/minio_to_snowflake.py
[2025-12-02T07:40:59.790+0000] {logging_mixin.py:188} INFO - [2025-12-02T07:40:59.789+0000] {dag.py:3089} INFO - Sync 1 DAGs
[2025-12-02T07:40:59.892+0000] {logging_mixin.py:188} INFO - [2025-12-02T07:40:59.892+0000] {dag.py:3947} INFO - Setting next_dagrun for minio_to_snowflake to 2025-12-02 07:39:00+00:00, run_after=2025-12-02 07:40:00+00:00
[2025-12-02T07:41:00.246+0000] {processor.py:183} INFO - Processing /opt/airflow/dags/minio_to_snowflake.py took 2.020 seconds
[2025-12-02T07:41:30.716+0000] {processor.py:161} INFO - Started process (PID=63) to work on /opt/airflow/dags/minio_to_snowflake.py
[2025-12-02T07:41:30.719+0000] {processor.py:830} INFO - Processing file /opt/airflow/dags/minio_to_snowflake.py for tasks to queue
[2025-12-02T07:41:30.724+0000] {logging_mixin.py:188} INFO - [2025-12-02T07:41:30.723+0000] {dagbag.py:545} INFO - Filling up the DagBag from /opt/airflow/dags/minio_to_snowflake.py
[2025-12-02T07:41:33.234+0000] {processor.py:840} INFO - DAG(s) 'minio_to_snowflake' retrieved from /opt/airflow/dags/minio_to_snowflake.py
[2025-12-02T07:41:33.326+0000] {logging_mixin.py:188} INFO - [2025-12-02T07:41:33.325+0000] {dag.py:3089} INFO - Sync 1 DAGs
[2025-12-02T07:41:33.433+0000] {logging_mixin.py:188} INFO - [2025-12-02T07:41:33.432+0000] {dag.py:3947} INFO - Setting next_dagrun for minio_to_snowflake to 2025-12-02 07:40:00+00:00, run_after=2025-12-02 07:41:00+00:00
[2025-12-02T07:41:33.485+0000] {processor.py:183} INFO - Processing /opt/airflow/dags/minio_to_snowflake.py took 2.823 seconds
[2025-12-02T07:42:03.946+0000] {processor.py:161} INFO - Started process (PID=66) to work on /opt/airflow/dags/minio_to_snowflake.py
[2025-12-02T07:42:03.949+0000] {processor.py:830} INFO - Processing file /opt/airflow/dags/minio_to_snowflake.py for tasks to queue
[2025-12-02T07:42:03.952+0000] {logging_mixin.py:188} INFO - [2025-12-02T07:42:03.951+0000] {dagbag.py:545} INFO - Filling up the DagBag from /opt/airflow/dags/minio_to_snowflake.py
[2025-12-02T07:42:05.210+0000] {processor.py:840} INFO - DAG(s) 'minio_to_snowflake' retrieved from /opt/airflow/dags/minio_to_snowflake.py
[2025-12-02T07:42:05.244+0000] {logging_mixin.py:188} INFO - [2025-12-02T07:42:05.243+0000] {dag.py:3089} INFO - Sync 1 DAGs
[2025-12-02T07:42:05.271+0000] {logging_mixin.py:188} INFO - [2025-12-02T07:42:05.271+0000] {dag.py:3947} INFO - Setting next_dagrun for minio_to_snowflake to 2025-12-02 07:41:00+00:00, run_after=2025-12-02 07:42:00+00:00
[2025-12-02T07:42:05.304+0000] {processor.py:183} INFO - Processing /opt/airflow/dags/minio_to_snowflake.py took 1.412 seconds
[2025-12-02T07:42:35.542+0000] {processor.py:161} INFO - Started process (PID=69) to work on /opt/airflow/dags/minio_to_snowflake.py
[2025-12-02T07:42:35.543+0000] {processor.py:830} INFO - Processing file /opt/airflow/dags/minio_to_snowflake.py for tasks to queue
[2025-12-02T07:42:35.546+0000] {logging_mixin.py:188} INFO - [2025-12-02T07:42:35.545+0000] {dagbag.py:545} INFO - Filling up the DagBag from /opt/airflow/dags/minio_to_snowflake.py
[2025-12-02T07:42:36.339+0000] {processor.py:840} INFO - DAG(s) 'minio_to_snowflake' retrieved from /opt/airflow/dags/minio_to_snowflake.py
[2025-12-02T07:42:36.367+0000] {logging_mixin.py:188} INFO - [2025-12-02T07:42:36.367+0000] {dag.py:3089} INFO - Sync 1 DAGs
[2025-12-02T07:42:36.390+0000] {logging_mixin.py:188} INFO - [2025-12-02T07:42:36.390+0000] {dag.py:3947} INFO - Setting next_dagrun for minio_to_snowflake to 2025-12-02 07:41:00+00:00, run_after=2025-12-02 07:42:00+00:00
[2025-12-02T07:42:36.424+0000] {processor.py:183} INFO - Processing /opt/airflow/dags/minio_to_snowflake.py took 0.891 seconds
[2025-12-02T07:43:06.653+0000] {processor.py:161} INFO - Started process (PID=72) to work on /opt/airflow/dags/minio_to_snowflake.py
[2025-12-02T07:43:06.655+0000] {processor.py:830} INFO - Processing file /opt/airflow/dags/minio_to_snowflake.py for tasks to queue
[2025-12-02T07:43:06.658+0000] {logging_mixin.py:188} INFO - [2025-12-02T07:43:06.657+0000] {dagbag.py:545} INFO - Filling up the DagBag from /opt/airflow/dags/minio_to_snowflake.py
[2025-12-02T07:43:07.688+0000] {processor.py:840} INFO - DAG(s) 'minio_to_snowflake' retrieved from /opt/airflow/dags/minio_to_snowflake.py
[2025-12-02T07:43:07.727+0000] {logging_mixin.py:188} INFO - [2025-12-02T07:43:07.727+0000] {dag.py:3089} INFO - Sync 1 DAGs
[2025-12-02T07:43:07.752+0000] {logging_mixin.py:188} INFO - [2025-12-02T07:43:07.752+0000] {dag.py:3947} INFO - Setting next_dagrun for minio_to_snowflake to 2025-12-02 07:42:00+00:00, run_after=2025-12-02 07:43:00+00:00
[2025-12-02T07:43:07.802+0000] {processor.py:183} INFO - Processing /opt/airflow/dags/minio_to_snowflake.py took 1.159 seconds
[2025-12-02T07:43:38.002+0000] {processor.py:161} INFO - Started process (PID=75) to work on /opt/airflow/dags/minio_to_snowflake.py
[2025-12-02T07:43:38.004+0000] {processor.py:830} INFO - Processing file /opt/airflow/dags/minio_to_snowflake.py for tasks to queue
[2025-12-02T07:43:38.007+0000] {logging_mixin.py:188} INFO - [2025-12-02T07:43:38.007+0000] {dagbag.py:545} INFO - Filling up the DagBag from /opt/airflow/dags/minio_to_snowflake.py
[2025-12-02T07:43:39.052+0000] {processor.py:840} INFO - DAG(s) 'minio_to_snowflake' retrieved from /opt/airflow/dags/minio_to_snowflake.py
[2025-12-02T07:43:39.081+0000] {logging_mixin.py:188} INFO - [2025-12-02T07:43:39.080+0000] {dag.py:3089} INFO - Sync 1 DAGs
[2025-12-02T07:43:39.104+0000] {logging_mixin.py:188} INFO - [2025-12-02T07:43:39.104+0000] {dag.py:3947} INFO - Setting next_dagrun for minio_to_snowflake to 2025-12-02 07:42:00+00:00, run_after=2025-12-02 07:43:00+00:00
[2025-12-02T07:43:39.133+0000] {processor.py:183} INFO - Processing /opt/airflow/dags/minio_to_snowflake.py took 1.149 seconds
[2025-12-02T07:44:09.372+0000] {processor.py:161} INFO - Started process (PID=78) to work on /opt/airflow/dags/minio_to_snowflake.py
[2025-12-02T07:44:09.374+0000] {processor.py:830} INFO - Processing file /opt/airflow/dags/minio_to_snowflake.py for tasks to queue
[2025-12-02T07:44:09.377+0000] {logging_mixin.py:188} INFO - [2025-12-02T07:44:09.377+0000] {dagbag.py:545} INFO - Filling up the DagBag from /opt/airflow/dags/minio_to_snowflake.py
[2025-12-02T07:44:10.096+0000] {processor.py:840} INFO - DAG(s) 'minio_to_snowflake' retrieved from /opt/airflow/dags/minio_to_snowflake.py
[2025-12-02T07:44:10.120+0000] {logging_mixin.py:188} INFO - [2025-12-02T07:44:10.119+0000] {dag.py:3089} INFO - Sync 1 DAGs
[2025-12-02T07:44:10.147+0000] {logging_mixin.py:188} INFO - [2025-12-02T07:44:10.147+0000] {dag.py:3947} INFO - Setting next_dagrun for minio_to_snowflake to 2025-12-02 07:43:00+00:00, run_after=2025-12-02 07:44:00+00:00
[2025-12-02T07:44:11.255+0000] {processor.py:183} INFO - Processing /opt/airflow/dags/minio_to_snowflake.py took 1.889 seconds
[2025-12-02T07:44:41.542+0000] {processor.py:161} INFO - Started process (PID=81) to work on /opt/airflow/dags/minio_to_snowflake.py
[2025-12-02T07:44:41.543+0000] {processor.py:830} INFO - Processing file /opt/airflow/dags/minio_to_snowflake.py for tasks to queue
[2025-12-02T07:44:41.553+0000] {logging_mixin.py:188} INFO - [2025-12-02T07:44:41.552+0000] {dagbag.py:545} INFO - Filling up the DagBag from /opt/airflow/dags/minio_to_snowflake.py
[2025-12-02T07:44:42.825+0000] {processor.py:840} INFO - DAG(s) 'minio_to_snowflake' retrieved from /opt/airflow/dags/minio_to_snowflake.py
[2025-12-02T07:44:42.872+0000] {logging_mixin.py:188} INFO - [2025-12-02T07:44:42.871+0000] {dag.py:3089} INFO - Sync 1 DAGs
[2025-12-02T07:44:42.926+0000] {logging_mixin.py:188} INFO - [2025-12-02T07:44:42.925+0000] {dag.py:3947} INFO - Setting next_dagrun for minio_to_snowflake to 2025-12-02 07:43:00+00:00, run_after=2025-12-02 07:44:00+00:00
[2025-12-02T07:44:42.991+0000] {processor.py:183} INFO - Processing /opt/airflow/dags/minio_to_snowflake.py took 1.458 seconds
[2025-12-02T07:45:18.099+0000] {processor.py:161} INFO - Started process (PID=84) to work on /opt/airflow/dags/minio_to_snowflake.py
[2025-12-02T08:56:16.248+0000] {processor.py:161} INFO - Started process (PID=21) to work on /opt/airflow/dags/minio_to_snowflake.py
[2025-12-02T08:56:16.251+0000] {processor.py:830} INFO - Processing file /opt/airflow/dags/minio_to_snowflake.py for tasks to queue
[2025-12-02T08:56:16.254+0000] {logging_mixin.py:188} INFO - [2025-12-02T08:56:16.254+0000] {dagbag.py:545} INFO - Filling up the DagBag from /opt/airflow/dags/minio_to_snowflake.py
[2025-12-02T08:56:21.774+0000] {processor.py:840} INFO - DAG(s) 'minio_to_snowflake' retrieved from /opt/airflow/dags/minio_to_snowflake.py
[2025-12-02T08:56:21.873+0000] {logging_mixin.py:188} INFO - [2025-12-02T08:56:21.872+0000] {dag.py:3089} INFO - Sync 1 DAGs
[2025-12-02T08:56:21.927+0000] {logging_mixin.py:188} INFO - [2025-12-02T08:56:21.927+0000] {dag.py:3947} INFO - Setting next_dagrun for minio_to_snowflake to 2025-12-02 08:55:00+00:00, run_after=2025-12-02 08:56:00+00:00
[2025-12-02T08:56:21.973+0000] {processor.py:183} INFO - Processing /opt/airflow/dags/minio_to_snowflake.py took 5.737 seconds
[2025-12-02T08:56:52.268+0000] {processor.py:161} INFO - Started process (PID=24) to work on /opt/airflow/dags/minio_to_snowflake.py
[2025-12-02T08:56:52.271+0000] {processor.py:830} INFO - Processing file /opt/airflow/dags/minio_to_snowflake.py for tasks to queue
[2025-12-02T08:56:52.274+0000] {logging_mixin.py:188} INFO - [2025-12-02T08:56:52.274+0000] {dagbag.py:545} INFO - Filling up the DagBag from /opt/airflow/dags/minio_to_snowflake.py
[2025-12-02T08:56:53.642+0000] {processor.py:840} INFO - DAG(s) 'minio_to_snowflake' retrieved from /opt/airflow/dags/minio_to_snowflake.py
[2025-12-02T08:56:53.669+0000] {logging_mixin.py:188} INFO - [2025-12-02T08:56:53.668+0000] {dag.py:3089} INFO - Sync 1 DAGs
[2025-12-02T08:56:53.699+0000] {logging_mixin.py:188} INFO - [2025-12-02T08:56:53.698+0000] {dag.py:3947} INFO - Setting next_dagrun for minio_to_snowflake to 2025-12-02 08:55:00+00:00, run_after=2025-12-02 08:56:00+00:00
[2025-12-02T08:56:53.922+0000] {processor.py:183} INFO - Processing /opt/airflow/dags/minio_to_snowflake.py took 1.662 seconds
[2025-12-02T08:57:24.419+0000] {processor.py:161} INFO - Started process (PID=27) to work on /opt/airflow/dags/minio_to_snowflake.py
[2025-12-02T08:57:24.422+0000] {processor.py:830} INFO - Processing file /opt/airflow/dags/minio_to_snowflake.py for tasks to queue
[2025-12-02T08:57:24.425+0000] {logging_mixin.py:188} INFO - [2025-12-02T08:57:24.424+0000] {dagbag.py:545} INFO - Filling up the DagBag from /opt/airflow/dags/minio_to_snowflake.py
[2025-12-02T08:57:25.784+0000] {processor.py:840} INFO - DAG(s) 'minio_to_snowflake' retrieved from /opt/airflow/dags/minio_to_snowflake.py
[2025-12-02T08:57:25.824+0000] {logging_mixin.py:188} INFO - [2025-12-02T08:57:25.824+0000] {dag.py:3089} INFO - Sync 1 DAGs
[2025-12-02T08:57:25.861+0000] {logging_mixin.py:188} INFO - [2025-12-02T08:57:25.860+0000] {dag.py:3947} INFO - Setting next_dagrun for minio_to_snowflake to 2025-12-02 08:56:00+00:00, run_after=2025-12-02 08:57:00+00:00
[2025-12-02T08:57:25.894+0000] {processor.py:183} INFO - Processing /opt/airflow/dags/minio_to_snowflake.py took 1.487 seconds
[2025-12-02T08:57:56.252+0000] {processor.py:161} INFO - Started process (PID=30) to work on /opt/airflow/dags/minio_to_snowflake.py
[2025-12-02T08:57:56.255+0000] {processor.py:830} INFO - Processing file /opt/airflow/dags/minio_to_snowflake.py for tasks to queue
[2025-12-02T08:57:56.259+0000] {logging_mixin.py:188} INFO - [2025-12-02T08:57:56.258+0000] {dagbag.py:545} INFO - Filling up the DagBag from /opt/airflow/dags/minio_to_snowflake.py
[2025-12-02T08:57:57.204+0000] {processor.py:840} INFO - DAG(s) 'minio_to_snowflake' retrieved from /opt/airflow/dags/minio_to_snowflake.py
[2025-12-02T08:57:57.233+0000] {logging_mixin.py:188} INFO - [2025-12-02T08:57:57.232+0000] {dag.py:3089} INFO - Sync 1 DAGs
[2025-12-02T08:57:57.256+0000] {logging_mixin.py:188} INFO - [2025-12-02T08:57:57.255+0000] {dag.py:3947} INFO - Setting next_dagrun for minio_to_snowflake to 2025-12-02 08:56:00+00:00, run_after=2025-12-02 08:57:00+00:00
[2025-12-02T08:57:57.284+0000] {processor.py:183} INFO - Processing /opt/airflow/dags/minio_to_snowflake.py took 1.041 seconds
[2025-12-02T08:58:27.557+0000] {processor.py:161} INFO - Started process (PID=33) to work on /opt/airflow/dags/minio_to_snowflake.py
[2025-12-02T08:58:27.561+0000] {processor.py:830} INFO - Processing file /opt/airflow/dags/minio_to_snowflake.py for tasks to queue
[2025-12-02T08:58:27.564+0000] {logging_mixin.py:188} INFO - [2025-12-02T08:58:27.564+0000] {dagbag.py:545} INFO - Filling up the DagBag from /opt/airflow/dags/minio_to_snowflake.py
[2025-12-02T08:58:28.354+0000] {processor.py:840} INFO - DAG(s) 'minio_to_snowflake' retrieved from /opt/airflow/dags/minio_to_snowflake.py
[2025-12-02T08:58:28.384+0000] {logging_mixin.py:188} INFO - [2025-12-02T08:58:28.384+0000] {dag.py:3089} INFO - Sync 1 DAGs
[2025-12-02T08:58:28.415+0000] {logging_mixin.py:188} INFO - [2025-12-02T08:58:28.414+0000] {dag.py:3947} INFO - Setting next_dagrun for minio_to_snowflake to 2025-12-02 08:57:00+00:00, run_after=2025-12-02 08:58:00+00:00
[2025-12-02T08:58:28.442+0000] {processor.py:183} INFO - Processing /opt/airflow/dags/minio_to_snowflake.py took 0.901 seconds
[2025-12-02T08:58:58.818+0000] {processor.py:161} INFO - Started process (PID=36) to work on /opt/airflow/dags/minio_to_snowflake.py
[2025-12-02T08:58:58.820+0000] {processor.py:830} INFO - Processing file /opt/airflow/dags/minio_to_snowflake.py for tasks to queue
[2025-12-02T08:58:58.822+0000] {logging_mixin.py:188} INFO - [2025-12-02T08:58:58.822+0000] {dagbag.py:545} INFO - Filling up the DagBag from /opt/airflow/dags/minio_to_snowflake.py
[2025-12-02T08:58:59.817+0000] {processor.py:840} INFO - DAG(s) 'minio_to_snowflake' retrieved from /opt/airflow/dags/minio_to_snowflake.py
[2025-12-02T08:58:59.853+0000] {logging_mixin.py:188} INFO - [2025-12-02T08:58:59.853+0000] {dag.py:3089} INFO - Sync 1 DAGs
[2025-12-02T08:58:59.887+0000] {logging_mixin.py:188} INFO - [2025-12-02T08:58:59.886+0000] {dag.py:3947} INFO - Setting next_dagrun for minio_to_snowflake to 2025-12-02 08:57:00+00:00, run_after=2025-12-02 08:58:00+00:00
[2025-12-02T08:58:59.939+0000] {processor.py:183} INFO - Processing /opt/airflow/dags/minio_to_snowflake.py took 1.129 seconds
[2025-12-02T08:59:30.452+0000] {processor.py:161} INFO - Started process (PID=39) to work on /opt/airflow/dags/minio_to_snowflake.py
[2025-12-02T08:59:30.454+0000] {processor.py:830} INFO - Processing file /opt/airflow/dags/minio_to_snowflake.py for tasks to queue
[2025-12-02T08:59:30.458+0000] {logging_mixin.py:188} INFO - [2025-12-02T08:59:30.456+0000] {dagbag.py:545} INFO - Filling up the DagBag from /opt/airflow/dags/minio_to_snowflake.py
[2025-12-02T08:59:31.682+0000] {processor.py:840} INFO - DAG(s) 'minio_to_snowflake' retrieved from /opt/airflow/dags/minio_to_snowflake.py
[2025-12-02T08:59:32.208+0000] {logging_mixin.py:188} INFO - [2025-12-02T08:59:32.207+0000] {dag.py:3089} INFO - Sync 1 DAGs
[2025-12-02T08:59:32.356+0000] {logging_mixin.py:188} INFO - [2025-12-02T08:59:32.356+0000] {dag.py:3947} INFO - Setting next_dagrun for minio_to_snowflake to 2025-12-02 08:58:00+00:00, run_after=2025-12-02 08:59:00+00:00
[2025-12-02T08:59:32.386+0000] {processor.py:183} INFO - Processing /opt/airflow/dags/minio_to_snowflake.py took 1.947 seconds
[2025-12-02T09:00:02.801+0000] {processor.py:161} INFO - Started process (PID=42) to work on /opt/airflow/dags/minio_to_snowflake.py
[2025-12-02T09:00:02.803+0000] {processor.py:830} INFO - Processing file /opt/airflow/dags/minio_to_snowflake.py for tasks to queue
[2025-12-02T09:00:02.808+0000] {logging_mixin.py:188} INFO - [2025-12-02T09:00:02.807+0000] {dagbag.py:545} INFO - Filling up the DagBag from /opt/airflow/dags/minio_to_snowflake.py
[2025-12-02T09:00:03.727+0000] {processor.py:840} INFO - DAG(s) 'minio_to_snowflake' retrieved from /opt/airflow/dags/minio_to_snowflake.py
[2025-12-02T09:00:03.755+0000] {logging_mixin.py:188} INFO - [2025-12-02T09:00:03.754+0000] {dag.py:3089} INFO - Sync 1 DAGs
[2025-12-02T09:00:03.779+0000] {logging_mixin.py:188} INFO - [2025-12-02T09:00:03.779+0000] {dag.py:3947} INFO - Setting next_dagrun for minio_to_snowflake to 2025-12-02 08:59:00+00:00, run_after=2025-12-02 09:00:00+00:00
[2025-12-02T09:00:03.808+0000] {processor.py:183} INFO - Processing /opt/airflow/dags/minio_to_snowflake.py took 1.019 seconds
[2025-12-02T09:00:34.179+0000] {processor.py:161} INFO - Started process (PID=45) to work on /opt/airflow/dags/minio_to_snowflake.py
[2025-12-02T09:00:34.181+0000] {processor.py:830} INFO - Processing file /opt/airflow/dags/minio_to_snowflake.py for tasks to queue
[2025-12-02T09:00:34.187+0000] {logging_mixin.py:188} INFO - [2025-12-02T09:00:34.186+0000] {dagbag.py:545} INFO - Filling up the DagBag from /opt/airflow/dags/minio_to_snowflake.py
[2025-12-02T09:00:36.097+0000] {processor.py:840} INFO - DAG(s) 'minio_to_snowflake' retrieved from /opt/airflow/dags/minio_to_snowflake.py
[2025-12-02T09:00:36.142+0000] {logging_mixin.py:188} INFO - [2025-12-02T09:00:36.141+0000] {dag.py:3089} INFO - Sync 1 DAGs
[2025-12-02T09:00:36.209+0000] {logging_mixin.py:188} INFO - [2025-12-02T09:00:36.208+0000] {dag.py:3947} INFO - Setting next_dagrun for minio_to_snowflake to 2025-12-02 08:59:00+00:00, run_after=2025-12-02 09:00:00+00:00
[2025-12-02T09:00:36.233+0000] {processor.py:183} INFO - Processing /opt/airflow/dags/minio_to_snowflake.py took 2.063 seconds
[2025-12-02T09:01:06.997+0000] {processor.py:161} INFO - Started process (PID=48) to work on /opt/airflow/dags/minio_to_snowflake.py
[2025-12-02T09:01:06.999+0000] {processor.py:830} INFO - Processing file /opt/airflow/dags/minio_to_snowflake.py for tasks to queue
[2025-12-02T09:01:07.003+0000] {logging_mixin.py:188} INFO - [2025-12-02T09:01:07.002+0000] {dagbag.py:545} INFO - Filling up the DagBag from /opt/airflow/dags/minio_to_snowflake.py
[2025-12-02T09:01:07.879+0000] {processor.py:840} INFO - DAG(s) 'minio_to_snowflake' retrieved from /opt/airflow/dags/minio_to_snowflake.py
[2025-12-02T09:01:07.921+0000] {logging_mixin.py:188} INFO - [2025-12-02T09:01:07.919+0000] {dag.py:3089} INFO - Sync 1 DAGs
[2025-12-02T09:01:08.055+0000] {logging_mixin.py:188} INFO - [2025-12-02T09:01:08.054+0000] {dag.py:3947} INFO - Setting next_dagrun for minio_to_snowflake to 2025-12-02 09:00:00+00:00, run_after=2025-12-02 09:01:00+00:00
[2025-12-02T09:01:08.114+0000] {processor.py:183} INFO - Processing /opt/airflow/dags/minio_to_snowflake.py took 1.125 seconds
[2025-12-02T09:01:40.094+0000] {processor.py:161} INFO - Started process (PID=51) to work on /opt/airflow/dags/minio_to_snowflake.py
[2025-12-02T09:01:40.098+0000] {processor.py:830} INFO - Processing file /opt/airflow/dags/minio_to_snowflake.py for tasks to queue
[2025-12-02T09:01:40.107+0000] {logging_mixin.py:188} INFO - [2025-12-02T09:01:40.102+0000] {dagbag.py:545} INFO - Filling up the DagBag from /opt/airflow/dags/minio_to_snowflake.py
[2025-12-02T09:01:45.582+0000] {processor.py:840} INFO - DAG(s) 'minio_to_snowflake' retrieved from /opt/airflow/dags/minio_to_snowflake.py
[2025-12-02T09:01:45.717+0000] {logging_mixin.py:188} INFO - [2025-12-02T09:01:45.715+0000] {dag.py:3089} INFO - Sync 1 DAGs
[2025-12-02T09:01:45.924+0000] {logging_mixin.py:188} INFO - [2025-12-02T09:01:45.923+0000] {dag.py:3947} INFO - Setting next_dagrun for minio_to_snowflake to 2025-12-02 09:00:00+00:00, run_after=2025-12-02 09:01:00+00:00
[2025-12-02T09:01:46.046+0000] {processor.py:183} INFO - Processing /opt/airflow/dags/minio_to_snowflake.py took 6.098 seconds
[2025-12-02T09:54:51.828+0000] {processor.py:161} INFO - Started process (PID=21) to work on /opt/airflow/dags/minio_to_snowflake.py
[2025-12-02T09:54:51.843+0000] {processor.py:830} INFO - Processing file /opt/airflow/dags/minio_to_snowflake.py for tasks to queue
[2025-12-02T09:54:51.893+0000] {logging_mixin.py:188} INFO - [2025-12-02T09:54:51.881+0000] {dagbag.py:545} INFO - Filling up the DagBag from /opt/airflow/dags/minio_to_snowflake.py
[2025-12-02T09:55:15.340+0000] {processor.py:840} INFO - DAG(s) 'minio_to_snowflake' retrieved from /opt/airflow/dags/minio_to_snowflake.py
[2025-12-02T09:55:17.248+0000] {logging_mixin.py:188} INFO - [2025-12-02T09:55:17.201+0000] {override.py:1858} INFO - Created Permission View: can read on DAG:minio_to_snowflake
[2025-12-02T09:55:17.333+0000] {logging_mixin.py:188} INFO - [2025-12-02T09:55:17.332+0000] {override.py:1858} INFO - Created Permission View: can edit on DAG:minio_to_snowflake
[2025-12-02T09:55:17.376+0000] {logging_mixin.py:188} INFO - [2025-12-02T09:55:17.376+0000] {override.py:1858} INFO - Created Permission View: can delete on DAG:minio_to_snowflake
[2025-12-02T09:55:17.380+0000] {logging_mixin.py:188} INFO - [2025-12-02T09:55:17.378+0000] {dag.py:3089} INFO - Sync 1 DAGs
[2025-12-02T09:55:17.637+0000] {logging_mixin.py:188} INFO - [2025-12-02T09:55:17.636+0000] {dag.py:3111} INFO - Creating ORM DAG for minio_to_snowflake
[2025-12-02T09:55:17.920+0000] {logging_mixin.py:188} INFO - [2025-12-02T09:55:17.918+0000] {dag.py:3947} INFO - Setting next_dagrun for minio_to_snowflake to 2025-12-02 09:54:00+00:00, run_after=2025-12-02 09:55:00+00:00
[2025-12-02T09:55:18.251+0000] {processor.py:183} INFO - Processing /opt/airflow/dags/minio_to_snowflake.py took 26.510 seconds
[2025-12-02T09:55:49.009+0000] {processor.py:161} INFO - Started process (PID=24) to work on /opt/airflow/dags/minio_to_snowflake.py
[2025-12-02T09:55:49.020+0000] {processor.py:830} INFO - Processing file /opt/airflow/dags/minio_to_snowflake.py for tasks to queue
[2025-12-02T09:55:49.046+0000] {logging_mixin.py:188} INFO - [2025-12-02T09:55:49.036+0000] {dagbag.py:545} INFO - Filling up the DagBag from /opt/airflow/dags/minio_to_snowflake.py
[2025-12-02T09:55:57.372+0000] {processor.py:840} INFO - DAG(s) 'minio_to_snowflake' retrieved from /opt/airflow/dags/minio_to_snowflake.py
[2025-12-02T09:55:57.492+0000] {logging_mixin.py:188} INFO - [2025-12-02T09:55:57.490+0000] {dag.py:3089} INFO - Sync 1 DAGs
[2025-12-02T09:55:57.573+0000] {logging_mixin.py:188} INFO - [2025-12-02T09:55:57.573+0000] {dag.py:3947} INFO - Setting next_dagrun for minio_to_snowflake to 2025-12-02 09:54:00+00:00, run_after=2025-12-02 09:55:00+00:00
[2025-12-02T09:55:57.628+0000] {processor.py:183} INFO - Processing /opt/airflow/dags/minio_to_snowflake.py took 8.716 seconds
[2025-12-02T09:56:27.744+0000] {processor.py:161} INFO - Started process (PID=27) to work on /opt/airflow/dags/minio_to_snowflake.py
[2025-12-02T09:56:27.746+0000] {processor.py:830} INFO - Processing file /opt/airflow/dags/minio_to_snowflake.py for tasks to queue
[2025-12-02T09:56:27.749+0000] {logging_mixin.py:188} INFO - [2025-12-02T09:56:27.748+0000] {dagbag.py:545} INFO - Filling up the DagBag from /opt/airflow/dags/minio_to_snowflake.py
[2025-12-02T09:56:29.572+0000] {processor.py:840} INFO - DAG(s) 'minio_to_snowflake' retrieved from /opt/airflow/dags/minio_to_snowflake.py
[2025-12-02T09:56:29.656+0000] {logging_mixin.py:188} INFO - [2025-12-02T09:56:29.654+0000] {dag.py:3089} INFO - Sync 1 DAGs
[2025-12-02T09:56:29.712+0000] {logging_mixin.py:188} INFO - [2025-12-02T09:56:29.712+0000] {dag.py:3947} INFO - Setting next_dagrun for minio_to_snowflake to 2025-12-02 09:55:00+00:00, run_after=2025-12-02 09:56:00+00:00
[2025-12-02T09:56:29.751+0000] {processor.py:183} INFO - Processing /opt/airflow/dags/minio_to_snowflake.py took 2.013 seconds
[2025-12-02T09:57:00.257+0000] {processor.py:161} INFO - Started process (PID=30) to work on /opt/airflow/dags/minio_to_snowflake.py
[2025-12-02T09:57:00.259+0000] {processor.py:830} INFO - Processing file /opt/airflow/dags/minio_to_snowflake.py for tasks to queue
[2025-12-02T09:57:00.267+0000] {logging_mixin.py:188} INFO - [2025-12-02T09:57:00.266+0000] {dagbag.py:545} INFO - Filling up the DagBag from /opt/airflow/dags/minio_to_snowflake.py
[2025-12-02T09:57:01.596+0000] {processor.py:840} INFO - DAG(s) 'minio_to_snowflake' retrieved from /opt/airflow/dags/minio_to_snowflake.py
[2025-12-02T09:57:01.650+0000] {logging_mixin.py:188} INFO - [2025-12-02T09:57:01.646+0000] {dag.py:3089} INFO - Sync 1 DAGs
[2025-12-02T09:57:01.692+0000] {logging_mixin.py:188} INFO - [2025-12-02T09:57:01.692+0000] {dag.py:3947} INFO - Setting next_dagrun for minio_to_snowflake to 2025-12-02 09:56:00+00:00, run_after=2025-12-02 09:57:00+00:00
[2025-12-02T09:57:01.726+0000] {processor.py:183} INFO - Processing /opt/airflow/dags/minio_to_snowflake.py took 1.479 seconds
[2025-12-02T09:57:57.516+0000] {processor.py:161} INFO - Started process (PID=20) to work on /opt/airflow/dags/minio_to_snowflake.py
[2025-12-02T09:57:57.519+0000] {processor.py:830} INFO - Processing file /opt/airflow/dags/minio_to_snowflake.py for tasks to queue
[2025-12-02T09:57:57.528+0000] {logging_mixin.py:188} INFO - [2025-12-02T09:57:57.528+0000] {dagbag.py:545} INFO - Filling up the DagBag from /opt/airflow/dags/minio_to_snowflake.py
[2025-12-02T09:57:58.922+0000] {processor.py:840} INFO - DAG(s) 'minio_to_snowflake' retrieved from /opt/airflow/dags/minio_to_snowflake.py
[2025-12-02T09:57:59.006+0000] {logging_mixin.py:188} INFO - [2025-12-02T09:57:59.005+0000] {dag.py:3089} INFO - Sync 1 DAGs
[2025-12-02T09:57:59.132+0000] {logging_mixin.py:188} INFO - [2025-12-02T09:57:59.131+0000] {dag.py:3947} INFO - Setting next_dagrun for minio_to_snowflake to 2025-12-02 09:56:00+00:00, run_after=2025-12-02 09:57:00+00:00
[2025-12-02T09:57:59.172+0000] {processor.py:183} INFO - Processing /opt/airflow/dags/minio_to_snowflake.py took 1.671 seconds
[2025-12-02T09:58:30.132+0000] {processor.py:161} INFO - Started process (PID=23) to work on /opt/airflow/dags/minio_to_snowflake.py
[2025-12-02T09:58:30.134+0000] {processor.py:830} INFO - Processing file /opt/airflow/dags/minio_to_snowflake.py for tasks to queue
[2025-12-02T09:58:30.137+0000] {logging_mixin.py:188} INFO - [2025-12-02T09:58:30.136+0000] {dagbag.py:545} INFO - Filling up the DagBag from /opt/airflow/dags/minio_to_snowflake.py
[2025-12-02T09:58:31.361+0000] {processor.py:840} INFO - DAG(s) 'minio_to_snowflake' retrieved from /opt/airflow/dags/minio_to_snowflake.py
[2025-12-02T09:58:31.414+0000] {logging_mixin.py:188} INFO - [2025-12-02T09:58:31.413+0000] {dag.py:3089} INFO - Sync 1 DAGs
[2025-12-02T09:58:31.442+0000] {logging_mixin.py:188} INFO - [2025-12-02T09:58:31.441+0000] {dag.py:3947} INFO - Setting next_dagrun for minio_to_snowflake to 2025-12-02 09:57:00+00:00, run_after=2025-12-02 09:58:00+00:00
[2025-12-02T09:58:31.471+0000] {processor.py:183} INFO - Processing /opt/airflow/dags/minio_to_snowflake.py took 1.351 seconds
[2025-12-02T09:59:01.798+0000] {processor.py:161} INFO - Started process (PID=26) to work on /opt/airflow/dags/minio_to_snowflake.py
[2025-12-02T09:59:01.800+0000] {processor.py:830} INFO - Processing file /opt/airflow/dags/minio_to_snowflake.py for tasks to queue
[2025-12-02T09:59:01.803+0000] {logging_mixin.py:188} INFO - [2025-12-02T09:59:01.802+0000] {dagbag.py:545} INFO - Filling up the DagBag from /opt/airflow/dags/minio_to_snowflake.py
[2025-12-02T09:59:02.883+0000] {processor.py:840} INFO - DAG(s) 'minio_to_snowflake' retrieved from /opt/airflow/dags/minio_to_snowflake.py
[2025-12-02T09:59:02.922+0000] {logging_mixin.py:188} INFO - [2025-12-02T09:59:02.919+0000] {dag.py:3089} INFO - Sync 1 DAGs
[2025-12-02T09:59:02.945+0000] {logging_mixin.py:188} INFO - [2025-12-02T09:59:02.944+0000] {dag.py:3947} INFO - Setting next_dagrun for minio_to_snowflake to 2025-12-02 09:58:00+00:00, run_after=2025-12-02 09:59:00+00:00
[2025-12-02T09:59:02.973+0000] {processor.py:183} INFO - Processing /opt/airflow/dags/minio_to_snowflake.py took 1.184 seconds
