[2025-12-02T06:24:58.003+0000] {processor.py:161} INFO - Started process (PID=20) to work on /opt/airflow/dags/__pycache__/minio_to_snowflake.py
[2025-12-02T06:24:58.015+0000] {processor.py:830} INFO - Processing file /opt/airflow/dags/__pycache__/minio_to_snowflake.py for tasks to queue
[2025-12-02T06:24:58.019+0000] {logging_mixin.py:188} INFO - [2025-12-02T06:24:58.019+0000] {dagbag.py:545} INFO - Filling up the DagBag from /opt/airflow/dags/__pycache__/minio_to_snowflake.py
[2025-12-02T06:25:02.441+0000] {processor.py:840} INFO - DAG(s) 'minio_to_snowflake' retrieved from /opt/airflow/dags/__pycache__/minio_to_snowflake.py
[2025-12-02T06:25:02.632+0000] {logging_mixin.py:188} INFO - [2025-12-02T06:25:02.632+0000] {dag.py:3089} INFO - Sync 1 DAGs
[2025-12-02T06:25:02.780+0000] {logging_mixin.py:188} INFO - [2025-12-02T06:25:02.779+0000] {dag.py:3947} INFO - Setting next_dagrun for minio_to_snowflake to 2025-12-02 06:24:00+00:00, run_after=2025-12-02 06:25:00+00:00
[2025-12-02T06:25:02.863+0000] {processor.py:183} INFO - Processing /opt/airflow/dags/__pycache__/minio_to_snowflake.py took 4.873 seconds
[2025-12-02T06:27:41.348+0000] {processor.py:161} INFO - Started process (PID=21) to work on /opt/airflow/dags/__pycache__/minio_to_snowflake.py
[2025-12-02T06:27:41.351+0000] {processor.py:830} INFO - Processing file /opt/airflow/dags/__pycache__/minio_to_snowflake.py for tasks to queue
[2025-12-02T06:27:41.359+0000] {logging_mixin.py:188} INFO - [2025-12-02T06:27:41.358+0000] {dagbag.py:545} INFO - Filling up the DagBag from /opt/airflow/dags/__pycache__/minio_to_snowflake.py
[2025-12-02T06:27:44.319+0000] {processor.py:840} INFO - DAG(s) 'minio_to_snowflake' retrieved from /opt/airflow/dags/__pycache__/minio_to_snowflake.py
[2025-12-02T06:27:44.448+0000] {logging_mixin.py:188} INFO - [2025-12-02T06:27:44.447+0000] {dag.py:3089} INFO - Sync 1 DAGs
[2025-12-02T06:27:44.544+0000] {logging_mixin.py:188} INFO - [2025-12-02T06:27:44.543+0000] {dag.py:3947} INFO - Setting next_dagrun for minio_to_snowflake to 2025-12-02 06:26:00+00:00, run_after=2025-12-02 06:27:00+00:00
[2025-12-02T06:27:44.700+0000] {processor.py:183} INFO - Processing /opt/airflow/dags/__pycache__/minio_to_snowflake.py took 3.367 seconds
[2025-12-02T06:28:14.842+0000] {processor.py:161} INFO - Started process (PID=24) to work on /opt/airflow/dags/__pycache__/minio_to_snowflake.py
[2025-12-02T06:28:14.844+0000] {processor.py:830} INFO - Processing file /opt/airflow/dags/__pycache__/minio_to_snowflake.py for tasks to queue
[2025-12-02T06:28:14.846+0000] {logging_mixin.py:188} INFO - [2025-12-02T06:28:14.846+0000] {dagbag.py:545} INFO - Filling up the DagBag from /opt/airflow/dags/__pycache__/minio_to_snowflake.py
[2025-12-02T06:28:15.727+0000] {processor.py:840} INFO - DAG(s) 'minio_to_snowflake' retrieved from /opt/airflow/dags/__pycache__/minio_to_snowflake.py
[2025-12-02T06:28:15.755+0000] {logging_mixin.py:188} INFO - [2025-12-02T06:28:15.755+0000] {dag.py:3089} INFO - Sync 1 DAGs
[2025-12-02T06:28:15.801+0000] {logging_mixin.py:188} INFO - [2025-12-02T06:28:15.801+0000] {dag.py:3947} INFO - Setting next_dagrun for minio_to_snowflake to 2025-12-02 06:27:00+00:00, run_after=2025-12-02 06:28:00+00:00
[2025-12-02T06:28:15.825+0000] {processor.py:183} INFO - Processing /opt/airflow/dags/__pycache__/minio_to_snowflake.py took 0.990 seconds
[2025-12-02T06:28:46.138+0000] {processor.py:161} INFO - Started process (PID=27) to work on /opt/airflow/dags/__pycache__/minio_to_snowflake.py
[2025-12-02T06:28:46.140+0000] {processor.py:830} INFO - Processing file /opt/airflow/dags/__pycache__/minio_to_snowflake.py for tasks to queue
[2025-12-02T06:28:46.142+0000] {logging_mixin.py:188} INFO - [2025-12-02T06:28:46.142+0000] {dagbag.py:545} INFO - Filling up the DagBag from /opt/airflow/dags/__pycache__/minio_to_snowflake.py
[2025-12-02T06:28:46.984+0000] {processor.py:840} INFO - DAG(s) 'minio_to_snowflake' retrieved from /opt/airflow/dags/__pycache__/minio_to_snowflake.py
[2025-12-02T06:28:47.025+0000] {logging_mixin.py:188} INFO - [2025-12-02T06:28:47.024+0000] {dag.py:3089} INFO - Sync 1 DAGs
[2025-12-02T06:28:47.045+0000] {logging_mixin.py:188} INFO - [2025-12-02T06:28:47.045+0000] {dag.py:3947} INFO - Setting next_dagrun for minio_to_snowflake to 2025-12-02 06:27:00+00:00, run_after=2025-12-02 06:28:00+00:00
[2025-12-02T06:28:47.064+0000] {processor.py:183} INFO - Processing /opt/airflow/dags/__pycache__/minio_to_snowflake.py took 0.932 seconds
[2025-12-02T06:29:17.560+0000] {processor.py:161} INFO - Started process (PID=30) to work on /opt/airflow/dags/__pycache__/minio_to_snowflake.py
[2025-12-02T06:29:17.562+0000] {processor.py:830} INFO - Processing file /opt/airflow/dags/__pycache__/minio_to_snowflake.py for tasks to queue
[2025-12-02T06:29:17.564+0000] {logging_mixin.py:188} INFO - [2025-12-02T06:29:17.564+0000] {dagbag.py:545} INFO - Filling up the DagBag from /opt/airflow/dags/__pycache__/minio_to_snowflake.py
[2025-12-02T06:29:18.312+0000] {processor.py:840} INFO - DAG(s) 'minio_to_snowflake' retrieved from /opt/airflow/dags/__pycache__/minio_to_snowflake.py
[2025-12-02T06:29:18.344+0000] {logging_mixin.py:188} INFO - [2025-12-02T06:29:18.344+0000] {dag.py:3089} INFO - Sync 1 DAGs
[2025-12-02T06:29:18.365+0000] {logging_mixin.py:188} INFO - [2025-12-02T06:29:18.364+0000] {dag.py:3947} INFO - Setting next_dagrun for minio_to_snowflake to 2025-12-02 06:28:00+00:00, run_after=2025-12-02 06:29:00+00:00
[2025-12-02T06:29:18.385+0000] {processor.py:183} INFO - Processing /opt/airflow/dags/__pycache__/minio_to_snowflake.py took 0.832 seconds
[2025-12-02T06:29:48.727+0000] {processor.py:161} INFO - Started process (PID=33) to work on /opt/airflow/dags/__pycache__/minio_to_snowflake.py
[2025-12-02T06:29:48.729+0000] {processor.py:830} INFO - Processing file /opt/airflow/dags/__pycache__/minio_to_snowflake.py for tasks to queue
[2025-12-02T06:29:48.734+0000] {logging_mixin.py:188} INFO - [2025-12-02T06:29:48.733+0000] {dagbag.py:545} INFO - Filling up the DagBag from /opt/airflow/dags/__pycache__/minio_to_snowflake.py
[2025-12-02T06:29:49.530+0000] {processor.py:840} INFO - DAG(s) 'minio_to_snowflake' retrieved from /opt/airflow/dags/__pycache__/minio_to_snowflake.py
[2025-12-02T06:29:49.556+0000] {logging_mixin.py:188} INFO - [2025-12-02T06:29:49.555+0000] {dag.py:3089} INFO - Sync 1 DAGs
[2025-12-02T06:29:49.583+0000] {logging_mixin.py:188} INFO - [2025-12-02T06:29:49.583+0000] {dag.py:3947} INFO - Setting next_dagrun for minio_to_snowflake to 2025-12-02 06:28:00+00:00, run_after=2025-12-02 06:29:00+00:00
[2025-12-02T06:29:49.610+0000] {processor.py:183} INFO - Processing /opt/airflow/dags/__pycache__/minio_to_snowflake.py took 0.890 seconds
[2025-12-02T06:30:19.915+0000] {processor.py:161} INFO - Started process (PID=36) to work on /opt/airflow/dags/__pycache__/minio_to_snowflake.py
[2025-12-02T06:30:19.919+0000] {processor.py:830} INFO - Processing file /opt/airflow/dags/__pycache__/minio_to_snowflake.py for tasks to queue
[2025-12-02T06:30:19.926+0000] {logging_mixin.py:188} INFO - [2025-12-02T06:30:19.925+0000] {dagbag.py:545} INFO - Filling up the DagBag from /opt/airflow/dags/__pycache__/minio_to_snowflake.py
[2025-12-02T06:30:21.142+0000] {processor.py:840} INFO - DAG(s) 'minio_to_snowflake' retrieved from /opt/airflow/dags/__pycache__/minio_to_snowflake.py
[2025-12-02T06:30:21.205+0000] {logging_mixin.py:188} INFO - [2025-12-02T06:30:21.203+0000] {dag.py:3089} INFO - Sync 1 DAGs
[2025-12-02T06:30:21.248+0000] {logging_mixin.py:188} INFO - [2025-12-02T06:30:21.248+0000] {dag.py:3947} INFO - Setting next_dagrun for minio_to_snowflake to 2025-12-02 06:29:00+00:00, run_after=2025-12-02 06:30:00+00:00
[2025-12-02T06:30:21.275+0000] {processor.py:183} INFO - Processing /opt/airflow/dags/__pycache__/minio_to_snowflake.py took 1.372 seconds
[2025-12-02T06:30:51.560+0000] {processor.py:161} INFO - Started process (PID=39) to work on /opt/airflow/dags/__pycache__/minio_to_snowflake.py
[2025-12-02T06:30:51.561+0000] {processor.py:830} INFO - Processing file /opt/airflow/dags/__pycache__/minio_to_snowflake.py for tasks to queue
[2025-12-02T06:30:51.563+0000] {logging_mixin.py:188} INFO - [2025-12-02T06:30:51.563+0000] {dagbag.py:545} INFO - Filling up the DagBag from /opt/airflow/dags/__pycache__/minio_to_snowflake.py
[2025-12-02T06:30:52.586+0000] {processor.py:840} INFO - DAG(s) 'minio_to_snowflake' retrieved from /opt/airflow/dags/__pycache__/minio_to_snowflake.py
[2025-12-02T06:30:52.637+0000] {logging_mixin.py:188} INFO - [2025-12-02T06:30:52.636+0000] {dag.py:3089} INFO - Sync 1 DAGs
[2025-12-02T06:30:52.666+0000] {logging_mixin.py:188} INFO - [2025-12-02T06:30:52.666+0000] {dag.py:3947} INFO - Setting next_dagrun for minio_to_snowflake to 2025-12-02 06:29:00+00:00, run_after=2025-12-02 06:30:00+00:00
[2025-12-02T06:30:52.693+0000] {processor.py:183} INFO - Processing /opt/airflow/dags/__pycache__/minio_to_snowflake.py took 1.138 seconds
[2025-12-02T06:31:23.287+0000] {processor.py:161} INFO - Started process (PID=42) to work on /opt/airflow/dags/__pycache__/minio_to_snowflake.py
[2025-12-02T06:31:23.290+0000] {processor.py:830} INFO - Processing file /opt/airflow/dags/__pycache__/minio_to_snowflake.py for tasks to queue
[2025-12-02T06:31:23.292+0000] {logging_mixin.py:188} INFO - [2025-12-02T06:31:23.292+0000] {dagbag.py:545} INFO - Filling up the DagBag from /opt/airflow/dags/__pycache__/minio_to_snowflake.py
[2025-12-02T06:31:24.804+0000] {processor.py:840} INFO - DAG(s) 'minio_to_snowflake' retrieved from /opt/airflow/dags/__pycache__/minio_to_snowflake.py
[2025-12-02T06:31:24.839+0000] {logging_mixin.py:188} INFO - [2025-12-02T06:31:24.838+0000] {dag.py:3089} INFO - Sync 1 DAGs
[2025-12-02T06:31:24.891+0000] {logging_mixin.py:188} INFO - [2025-12-02T06:31:24.890+0000] {dag.py:3947} INFO - Setting next_dagrun for minio_to_snowflake to 2025-12-02 06:30:00+00:00, run_after=2025-12-02 06:31:00+00:00
[2025-12-02T06:31:24.953+0000] {processor.py:183} INFO - Processing /opt/airflow/dags/__pycache__/minio_to_snowflake.py took 1.675 seconds
[2025-12-02T06:31:55.317+0000] {processor.py:161} INFO - Started process (PID=45) to work on /opt/airflow/dags/__pycache__/minio_to_snowflake.py
[2025-12-02T06:31:55.319+0000] {processor.py:830} INFO - Processing file /opt/airflow/dags/__pycache__/minio_to_snowflake.py for tasks to queue
[2025-12-02T06:31:55.323+0000] {logging_mixin.py:188} INFO - [2025-12-02T06:31:55.322+0000] {dagbag.py:545} INFO - Filling up the DagBag from /opt/airflow/dags/__pycache__/minio_to_snowflake.py
[2025-12-02T06:31:56.634+0000] {processor.py:840} INFO - DAG(s) 'minio_to_snowflake' retrieved from /opt/airflow/dags/__pycache__/minio_to_snowflake.py
[2025-12-02T06:31:56.663+0000] {logging_mixin.py:188} INFO - [2025-12-02T06:31:56.662+0000] {dag.py:3089} INFO - Sync 1 DAGs
[2025-12-02T06:31:56.686+0000] {logging_mixin.py:188} INFO - [2025-12-02T06:31:56.686+0000] {dag.py:3947} INFO - Setting next_dagrun for minio_to_snowflake to 2025-12-02 06:30:00+00:00, run_after=2025-12-02 06:31:00+00:00
[2025-12-02T06:31:56.714+0000] {processor.py:183} INFO - Processing /opt/airflow/dags/__pycache__/minio_to_snowflake.py took 1.404 seconds
[2025-12-02T06:32:26.789+0000] {processor.py:161} INFO - Started process (PID=48) to work on /opt/airflow/dags/__pycache__/minio_to_snowflake.py
[2025-12-02T06:32:26.791+0000] {processor.py:830} INFO - Processing file /opt/airflow/dags/__pycache__/minio_to_snowflake.py for tasks to queue
[2025-12-02T06:32:26.793+0000] {logging_mixin.py:188} INFO - [2025-12-02T06:32:26.793+0000] {dagbag.py:545} INFO - Filling up the DagBag from /opt/airflow/dags/__pycache__/minio_to_snowflake.py
[2025-12-02T06:32:27.574+0000] {processor.py:840} INFO - DAG(s) 'minio_to_snowflake' retrieved from /opt/airflow/dags/__pycache__/minio_to_snowflake.py
[2025-12-02T06:32:27.601+0000] {logging_mixin.py:188} INFO - [2025-12-02T06:32:27.600+0000] {dag.py:3089} INFO - Sync 1 DAGs
[2025-12-02T06:32:27.624+0000] {logging_mixin.py:188} INFO - [2025-12-02T06:32:27.624+0000] {dag.py:3947} INFO - Setting next_dagrun for minio_to_snowflake to 2025-12-02 06:31:00+00:00, run_after=2025-12-02 06:32:00+00:00
[2025-12-02T06:32:27.647+0000] {processor.py:183} INFO - Processing /opt/airflow/dags/__pycache__/minio_to_snowflake.py took 0.869 seconds
[2025-12-02T06:32:58.074+0000] {processor.py:161} INFO - Started process (PID=51) to work on /opt/airflow/dags/__pycache__/minio_to_snowflake.py
[2025-12-02T06:32:58.076+0000] {processor.py:830} INFO - Processing file /opt/airflow/dags/__pycache__/minio_to_snowflake.py for tasks to queue
[2025-12-02T06:32:58.078+0000] {logging_mixin.py:188} INFO - [2025-12-02T06:32:58.078+0000] {dagbag.py:545} INFO - Filling up the DagBag from /opt/airflow/dags/__pycache__/minio_to_snowflake.py
[2025-12-02T06:32:59.257+0000] {processor.py:840} INFO - DAG(s) 'minio_to_snowflake' retrieved from /opt/airflow/dags/__pycache__/minio_to_snowflake.py
[2025-12-02T06:32:59.290+0000] {logging_mixin.py:188} INFO - [2025-12-02T06:32:59.289+0000] {dag.py:3089} INFO - Sync 1 DAGs
[2025-12-02T06:32:59.309+0000] {logging_mixin.py:188} INFO - [2025-12-02T06:32:59.309+0000] {dag.py:3947} INFO - Setting next_dagrun for minio_to_snowflake to 2025-12-02 06:31:00+00:00, run_after=2025-12-02 06:32:00+00:00
[2025-12-02T06:32:59.339+0000] {processor.py:183} INFO - Processing /opt/airflow/dags/__pycache__/minio_to_snowflake.py took 1.274 seconds
[2025-12-02T06:33:29.533+0000] {processor.py:161} INFO - Started process (PID=54) to work on /opt/airflow/dags/__pycache__/minio_to_snowflake.py
[2025-12-02T06:33:29.535+0000] {processor.py:830} INFO - Processing file /opt/airflow/dags/__pycache__/minio_to_snowflake.py for tasks to queue
[2025-12-02T06:33:29.538+0000] {logging_mixin.py:188} INFO - [2025-12-02T06:33:29.537+0000] {dagbag.py:545} INFO - Filling up the DagBag from /opt/airflow/dags/__pycache__/minio_to_snowflake.py
[2025-12-02T06:33:30.379+0000] {processor.py:840} INFO - DAG(s) 'minio_to_snowflake' retrieved from /opt/airflow/dags/__pycache__/minio_to_snowflake.py
[2025-12-02T06:33:30.412+0000] {logging_mixin.py:188} INFO - [2025-12-02T06:33:30.411+0000] {dag.py:3089} INFO - Sync 1 DAGs
[2025-12-02T06:33:30.437+0000] {logging_mixin.py:188} INFO - [2025-12-02T06:33:30.437+0000] {dag.py:3947} INFO - Setting next_dagrun for minio_to_snowflake to 2025-12-02 06:32:00+00:00, run_after=2025-12-02 06:33:00+00:00
[2025-12-02T06:33:30.471+0000] {processor.py:183} INFO - Processing /opt/airflow/dags/__pycache__/minio_to_snowflake.py took 0.943 seconds
[2025-12-02T06:34:00.772+0000] {processor.py:161} INFO - Started process (PID=57) to work on /opt/airflow/dags/__pycache__/minio_to_snowflake.py
[2025-12-02T06:34:00.774+0000] {processor.py:830} INFO - Processing file /opt/airflow/dags/__pycache__/minio_to_snowflake.py for tasks to queue
[2025-12-02T06:34:00.777+0000] {logging_mixin.py:188} INFO - [2025-12-02T06:34:00.777+0000] {dagbag.py:545} INFO - Filling up the DagBag from /opt/airflow/dags/__pycache__/minio_to_snowflake.py
[2025-12-02T06:34:01.826+0000] {processor.py:840} INFO - DAG(s) 'minio_to_snowflake' retrieved from /opt/airflow/dags/__pycache__/minio_to_snowflake.py
[2025-12-02T06:34:01.897+0000] {logging_mixin.py:188} INFO - [2025-12-02T06:34:01.896+0000] {dag.py:3089} INFO - Sync 1 DAGs
[2025-12-02T06:34:01.963+0000] {logging_mixin.py:188} INFO - [2025-12-02T06:34:01.959+0000] {dag.py:3947} INFO - Setting next_dagrun for minio_to_snowflake to 2025-12-02 06:33:00+00:00, run_after=2025-12-02 06:34:00+00:00
[2025-12-02T06:34:02.046+0000] {processor.py:183} INFO - Processing /opt/airflow/dags/__pycache__/minio_to_snowflake.py took 1.287 seconds
[2025-12-02T06:34:32.394+0000] {processor.py:161} INFO - Started process (PID=60) to work on /opt/airflow/dags/__pycache__/minio_to_snowflake.py
[2025-12-02T06:34:32.396+0000] {processor.py:830} INFO - Processing file /opt/airflow/dags/__pycache__/minio_to_snowflake.py for tasks to queue
[2025-12-02T06:34:32.399+0000] {logging_mixin.py:188} INFO - [2025-12-02T06:34:32.398+0000] {dagbag.py:545} INFO - Filling up the DagBag from /opt/airflow/dags/__pycache__/minio_to_snowflake.py
[2025-12-02T06:34:33.397+0000] {processor.py:840} INFO - DAG(s) 'minio_to_snowflake' retrieved from /opt/airflow/dags/__pycache__/minio_to_snowflake.py
[2025-12-02T06:34:33.447+0000] {logging_mixin.py:188} INFO - [2025-12-02T06:34:33.447+0000] {dag.py:3089} INFO - Sync 1 DAGs
[2025-12-02T06:34:33.478+0000] {logging_mixin.py:188} INFO - [2025-12-02T06:34:33.478+0000] {dag.py:3947} INFO - Setting next_dagrun for minio_to_snowflake to 2025-12-02 06:33:00+00:00, run_after=2025-12-02 06:34:00+00:00
[2025-12-02T06:34:33.518+0000] {processor.py:183} INFO - Processing /opt/airflow/dags/__pycache__/minio_to_snowflake.py took 1.130 seconds
[2025-12-02T06:35:03.809+0000] {processor.py:161} INFO - Started process (PID=63) to work on /opt/airflow/dags/__pycache__/minio_to_snowflake.py
[2025-12-02T06:35:03.811+0000] {processor.py:830} INFO - Processing file /opt/airflow/dags/__pycache__/minio_to_snowflake.py for tasks to queue
[2025-12-02T06:35:03.813+0000] {logging_mixin.py:188} INFO - [2025-12-02T06:35:03.813+0000] {dagbag.py:545} INFO - Filling up the DagBag from /opt/airflow/dags/__pycache__/minio_to_snowflake.py
[2025-12-02T06:35:04.553+0000] {processor.py:840} INFO - DAG(s) 'minio_to_snowflake' retrieved from /opt/airflow/dags/__pycache__/minio_to_snowflake.py
[2025-12-02T06:35:04.578+0000] {logging_mixin.py:188} INFO - [2025-12-02T06:35:04.578+0000] {dag.py:3089} INFO - Sync 1 DAGs
[2025-12-02T06:35:04.596+0000] {logging_mixin.py:188} INFO - [2025-12-02T06:35:04.596+0000] {dag.py:3947} INFO - Setting next_dagrun for minio_to_snowflake to 2025-12-02 06:34:00+00:00, run_after=2025-12-02 06:35:00+00:00
[2025-12-02T06:35:04.620+0000] {processor.py:183} INFO - Processing /opt/airflow/dags/__pycache__/minio_to_snowflake.py took 0.816 seconds
[2025-12-02T06:35:34.906+0000] {processor.py:161} INFO - Started process (PID=66) to work on /opt/airflow/dags/__pycache__/minio_to_snowflake.py
[2025-12-02T06:35:34.907+0000] {processor.py:830} INFO - Processing file /opt/airflow/dags/__pycache__/minio_to_snowflake.py for tasks to queue
[2025-12-02T06:35:34.911+0000] {logging_mixin.py:188} INFO - [2025-12-02T06:35:34.910+0000] {dagbag.py:545} INFO - Filling up the DagBag from /opt/airflow/dags/__pycache__/minio_to_snowflake.py
[2025-12-02T06:35:35.615+0000] {processor.py:840} INFO - DAG(s) 'minio_to_snowflake' retrieved from /opt/airflow/dags/__pycache__/minio_to_snowflake.py
[2025-12-02T06:35:35.639+0000] {logging_mixin.py:188} INFO - [2025-12-02T06:35:35.639+0000] {dag.py:3089} INFO - Sync 1 DAGs
[2025-12-02T06:35:35.658+0000] {logging_mixin.py:188} INFO - [2025-12-02T06:35:35.658+0000] {dag.py:3947} INFO - Setting next_dagrun for minio_to_snowflake to 2025-12-02 06:34:00+00:00, run_after=2025-12-02 06:35:00+00:00
[2025-12-02T06:35:35.686+0000] {processor.py:183} INFO - Processing /opt/airflow/dags/__pycache__/minio_to_snowflake.py took 0.788 seconds
[2025-12-02T06:36:06.006+0000] {processor.py:161} INFO - Started process (PID=69) to work on /opt/airflow/dags/__pycache__/minio_to_snowflake.py
[2025-12-02T06:36:06.008+0000] {processor.py:830} INFO - Processing file /opt/airflow/dags/__pycache__/minio_to_snowflake.py for tasks to queue
[2025-12-02T06:36:06.011+0000] {logging_mixin.py:188} INFO - [2025-12-02T06:36:06.010+0000] {dagbag.py:545} INFO - Filling up the DagBag from /opt/airflow/dags/__pycache__/minio_to_snowflake.py
[2025-12-02T06:36:06.723+0000] {processor.py:840} INFO - DAG(s) 'minio_to_snowflake' retrieved from /opt/airflow/dags/__pycache__/minio_to_snowflake.py
[2025-12-02T06:36:06.748+0000] {logging_mixin.py:188} INFO - [2025-12-02T06:36:06.747+0000] {dag.py:3089} INFO - Sync 1 DAGs
[2025-12-02T06:36:06.768+0000] {logging_mixin.py:188} INFO - [2025-12-02T06:36:06.767+0000] {dag.py:3947} INFO - Setting next_dagrun for minio_to_snowflake to 2025-12-02 06:35:00+00:00, run_after=2025-12-02 06:36:00+00:00
[2025-12-02T06:36:06.799+0000] {processor.py:183} INFO - Processing /opt/airflow/dags/__pycache__/minio_to_snowflake.py took 0.802 seconds
[2025-12-02T06:36:37.073+0000] {processor.py:161} INFO - Started process (PID=72) to work on /opt/airflow/dags/__pycache__/minio_to_snowflake.py
[2025-12-02T06:36:37.074+0000] {processor.py:830} INFO - Processing file /opt/airflow/dags/__pycache__/minio_to_snowflake.py for tasks to queue
[2025-12-02T06:36:37.076+0000] {logging_mixin.py:188} INFO - [2025-12-02T06:36:37.076+0000] {dagbag.py:545} INFO - Filling up the DagBag from /opt/airflow/dags/__pycache__/minio_to_snowflake.py
[2025-12-02T06:36:37.794+0000] {processor.py:840} INFO - DAG(s) 'minio_to_snowflake' retrieved from /opt/airflow/dags/__pycache__/minio_to_snowflake.py
[2025-12-02T06:36:37.820+0000] {logging_mixin.py:188} INFO - [2025-12-02T06:36:37.819+0000] {dag.py:3089} INFO - Sync 1 DAGs
[2025-12-02T06:36:37.840+0000] {logging_mixin.py:188} INFO - [2025-12-02T06:36:37.840+0000] {dag.py:3947} INFO - Setting next_dagrun for minio_to_snowflake to 2025-12-02 06:35:00+00:00, run_after=2025-12-02 06:36:00+00:00
[2025-12-02T06:36:37.866+0000] {processor.py:183} INFO - Processing /opt/airflow/dags/__pycache__/minio_to_snowflake.py took 0.798 seconds
[2025-12-02T06:37:08.118+0000] {processor.py:161} INFO - Started process (PID=75) to work on /opt/airflow/dags/__pycache__/minio_to_snowflake.py
[2025-12-02T06:37:08.120+0000] {processor.py:830} INFO - Processing file /opt/airflow/dags/__pycache__/minio_to_snowflake.py for tasks to queue
[2025-12-02T06:37:08.122+0000] {logging_mixin.py:188} INFO - [2025-12-02T06:37:08.121+0000] {dagbag.py:545} INFO - Filling up the DagBag from /opt/airflow/dags/__pycache__/minio_to_snowflake.py
[2025-12-02T06:37:08.960+0000] {processor.py:840} INFO - DAG(s) 'minio_to_snowflake' retrieved from /opt/airflow/dags/__pycache__/minio_to_snowflake.py
[2025-12-02T06:37:08.986+0000] {logging_mixin.py:188} INFO - [2025-12-02T06:37:08.985+0000] {dag.py:3089} INFO - Sync 1 DAGs
[2025-12-02T06:37:09.006+0000] {logging_mixin.py:188} INFO - [2025-12-02T06:37:09.006+0000] {dag.py:3947} INFO - Setting next_dagrun for minio_to_snowflake to 2025-12-02 06:36:00+00:00, run_after=2025-12-02 06:37:00+00:00
[2025-12-02T06:37:09.031+0000] {processor.py:183} INFO - Processing /opt/airflow/dags/__pycache__/minio_to_snowflake.py took 0.919 seconds
[2025-12-02T06:37:39.269+0000] {processor.py:161} INFO - Started process (PID=78) to work on /opt/airflow/dags/__pycache__/minio_to_snowflake.py
[2025-12-02T06:37:39.271+0000] {processor.py:830} INFO - Processing file /opt/airflow/dags/__pycache__/minio_to_snowflake.py for tasks to queue
[2025-12-02T06:37:39.275+0000] {logging_mixin.py:188} INFO - [2025-12-02T06:37:39.275+0000] {dagbag.py:545} INFO - Filling up the DagBag from /opt/airflow/dags/__pycache__/minio_to_snowflake.py
[2025-12-02T06:37:40.060+0000] {processor.py:840} INFO - DAG(s) 'minio_to_snowflake' retrieved from /opt/airflow/dags/__pycache__/minio_to_snowflake.py
[2025-12-02T06:37:40.084+0000] {logging_mixin.py:188} INFO - [2025-12-02T06:37:40.083+0000] {dag.py:3089} INFO - Sync 1 DAGs
[2025-12-02T06:37:40.104+0000] {logging_mixin.py:188} INFO - [2025-12-02T06:37:40.104+0000] {dag.py:3947} INFO - Setting next_dagrun for minio_to_snowflake to 2025-12-02 06:36:00+00:00, run_after=2025-12-02 06:37:00+00:00
[2025-12-02T06:37:40.130+0000] {processor.py:183} INFO - Processing /opt/airflow/dags/__pycache__/minio_to_snowflake.py took 0.868 seconds
[2025-12-02T06:38:10.325+0000] {processor.py:161} INFO - Started process (PID=81) to work on /opt/airflow/dags/__pycache__/minio_to_snowflake.py
[2025-12-02T06:38:10.330+0000] {processor.py:830} INFO - Processing file /opt/airflow/dags/__pycache__/minio_to_snowflake.py for tasks to queue
[2025-12-02T06:38:10.357+0000] {logging_mixin.py:188} INFO - [2025-12-02T06:38:10.356+0000] {dagbag.py:545} INFO - Filling up the DagBag from /opt/airflow/dags/__pycache__/minio_to_snowflake.py
[2025-12-02T06:38:13.732+0000] {processor.py:840} INFO - DAG(s) 'minio_to_snowflake' retrieved from /opt/airflow/dags/__pycache__/minio_to_snowflake.py
[2025-12-02T06:38:13.838+0000] {logging_mixin.py:188} INFO - [2025-12-02T06:38:13.837+0000] {dag.py:3089} INFO - Sync 1 DAGs
[2025-12-02T06:38:13.949+0000] {logging_mixin.py:188} INFO - [2025-12-02T06:38:13.948+0000] {dag.py:3947} INFO - Setting next_dagrun for minio_to_snowflake to 2025-12-02 06:37:00+00:00, run_after=2025-12-02 06:38:00+00:00
[2025-12-02T06:38:14.012+0000] {processor.py:183} INFO - Processing /opt/airflow/dags/__pycache__/minio_to_snowflake.py took 3.701 seconds
[2025-12-02T06:38:44.246+0000] {processor.py:161} INFO - Started process (PID=84) to work on /opt/airflow/dags/__pycache__/minio_to_snowflake.py
[2025-12-02T06:38:44.248+0000] {processor.py:830} INFO - Processing file /opt/airflow/dags/__pycache__/minio_to_snowflake.py for tasks to queue
[2025-12-02T06:38:44.251+0000] {logging_mixin.py:188} INFO - [2025-12-02T06:38:44.251+0000] {dagbag.py:545} INFO - Filling up the DagBag from /opt/airflow/dags/__pycache__/minio_to_snowflake.py
[2025-12-02T06:38:45.229+0000] {processor.py:840} INFO - DAG(s) 'minio_to_snowflake' retrieved from /opt/airflow/dags/__pycache__/minio_to_snowflake.py
[2025-12-02T06:38:45.258+0000] {logging_mixin.py:188} INFO - [2025-12-02T06:38:45.257+0000] {dag.py:3089} INFO - Sync 1 DAGs
[2025-12-02T06:38:45.286+0000] {logging_mixin.py:188} INFO - [2025-12-02T06:38:45.286+0000] {dag.py:3947} INFO - Setting next_dagrun for minio_to_snowflake to 2025-12-02 06:37:00+00:00, run_after=2025-12-02 06:38:00+00:00
[2025-12-02T06:38:45.365+0000] {processor.py:183} INFO - Processing /opt/airflow/dags/__pycache__/minio_to_snowflake.py took 1.129 seconds
[2025-12-02T06:39:15.637+0000] {processor.py:161} INFO - Started process (PID=87) to work on /opt/airflow/dags/__pycache__/minio_to_snowflake.py
[2025-12-02T06:39:15.650+0000] {processor.py:830} INFO - Processing file /opt/airflow/dags/__pycache__/minio_to_snowflake.py for tasks to queue
[2025-12-02T06:39:15.656+0000] {logging_mixin.py:188} INFO - [2025-12-02T06:39:15.655+0000] {dagbag.py:545} INFO - Filling up the DagBag from /opt/airflow/dags/__pycache__/minio_to_snowflake.py
[2025-12-02T06:39:16.653+0000] {processor.py:840} INFO - DAG(s) 'minio_to_snowflake' retrieved from /opt/airflow/dags/__pycache__/minio_to_snowflake.py
[2025-12-02T06:39:16.681+0000] {logging_mixin.py:188} INFO - [2025-12-02T06:39:16.680+0000] {dag.py:3089} INFO - Sync 1 DAGs
[2025-12-02T06:39:16.700+0000] {logging_mixin.py:188} INFO - [2025-12-02T06:39:16.700+0000] {dag.py:3947} INFO - Setting next_dagrun for minio_to_snowflake to 2025-12-02 06:38:00+00:00, run_after=2025-12-02 06:39:00+00:00
[2025-12-02T06:39:16.729+0000] {processor.py:183} INFO - Processing /opt/airflow/dags/__pycache__/minio_to_snowflake.py took 1.110 seconds
[2025-12-02T06:39:47.069+0000] {processor.py:161} INFO - Started process (PID=90) to work on /opt/airflow/dags/__pycache__/minio_to_snowflake.py
[2025-12-02T06:39:47.070+0000] {processor.py:830} INFO - Processing file /opt/airflow/dags/__pycache__/minio_to_snowflake.py for tasks to queue
[2025-12-02T06:39:47.073+0000] {logging_mixin.py:188} INFO - [2025-12-02T06:39:47.073+0000] {dagbag.py:545} INFO - Filling up the DagBag from /opt/airflow/dags/__pycache__/minio_to_snowflake.py
[2025-12-02T06:39:47.940+0000] {processor.py:840} INFO - DAG(s) 'minio_to_snowflake' retrieved from /opt/airflow/dags/__pycache__/minio_to_snowflake.py
[2025-12-02T06:39:47.971+0000] {logging_mixin.py:188} INFO - [2025-12-02T06:39:47.970+0000] {dag.py:3089} INFO - Sync 1 DAGs
[2025-12-02T06:39:47.991+0000] {logging_mixin.py:188} INFO - [2025-12-02T06:39:47.991+0000] {dag.py:3947} INFO - Setting next_dagrun for minio_to_snowflake to 2025-12-02 06:38:00+00:00, run_after=2025-12-02 06:39:00+00:00
[2025-12-02T06:39:48.014+0000] {processor.py:183} INFO - Processing /opt/airflow/dags/__pycache__/minio_to_snowflake.py took 0.953 seconds
[2025-12-02T06:40:18.348+0000] {processor.py:161} INFO - Started process (PID=93) to work on /opt/airflow/dags/__pycache__/minio_to_snowflake.py
[2025-12-02T06:40:18.350+0000] {processor.py:830} INFO - Processing file /opt/airflow/dags/__pycache__/minio_to_snowflake.py for tasks to queue
[2025-12-02T06:40:18.353+0000] {logging_mixin.py:188} INFO - [2025-12-02T06:40:18.352+0000] {dagbag.py:545} INFO - Filling up the DagBag from /opt/airflow/dags/__pycache__/minio_to_snowflake.py
[2025-12-02T06:40:19.300+0000] {processor.py:840} INFO - DAG(s) 'minio_to_snowflake' retrieved from /opt/airflow/dags/__pycache__/minio_to_snowflake.py
[2025-12-02T06:40:19.728+0000] {logging_mixin.py:188} INFO - [2025-12-02T06:40:19.726+0000] {dag.py:3089} INFO - Sync 1 DAGs
[2025-12-02T06:40:19.985+0000] {logging_mixin.py:188} INFO - [2025-12-02T06:40:19.985+0000] {dag.py:3947} INFO - Setting next_dagrun for minio_to_snowflake to 2025-12-02 06:39:00+00:00, run_after=2025-12-02 06:40:00+00:00
[2025-12-02T06:40:20.197+0000] {processor.py:183} INFO - Processing /opt/airflow/dags/__pycache__/minio_to_snowflake.py took 1.855 seconds
[2025-12-02T06:40:50.480+0000] {processor.py:161} INFO - Started process (PID=96) to work on /opt/airflow/dags/__pycache__/minio_to_snowflake.py
[2025-12-02T06:40:50.482+0000] {processor.py:830} INFO - Processing file /opt/airflow/dags/__pycache__/minio_to_snowflake.py for tasks to queue
[2025-12-02T06:40:50.484+0000] {logging_mixin.py:188} INFO - [2025-12-02T06:40:50.483+0000] {dagbag.py:545} INFO - Filling up the DagBag from /opt/airflow/dags/__pycache__/minio_to_snowflake.py
[2025-12-02T06:40:51.325+0000] {processor.py:840} INFO - DAG(s) 'minio_to_snowflake' retrieved from /opt/airflow/dags/__pycache__/minio_to_snowflake.py
[2025-12-02T06:40:51.395+0000] {logging_mixin.py:188} INFO - [2025-12-02T06:40:51.392+0000] {dag.py:3089} INFO - Sync 1 DAGs
[2025-12-02T06:40:51.425+0000] {logging_mixin.py:188} INFO - [2025-12-02T06:40:51.425+0000] {dag.py:3947} INFO - Setting next_dagrun for minio_to_snowflake to 2025-12-02 06:39:00+00:00, run_after=2025-12-02 06:40:00+00:00
[2025-12-02T06:40:51.460+0000] {processor.py:183} INFO - Processing /opt/airflow/dags/__pycache__/minio_to_snowflake.py took 0.985 seconds
[2025-12-02T06:41:21.756+0000] {processor.py:161} INFO - Started process (PID=99) to work on /opt/airflow/dags/__pycache__/minio_to_snowflake.py
[2025-12-02T06:41:21.757+0000] {processor.py:830} INFO - Processing file /opt/airflow/dags/__pycache__/minio_to_snowflake.py for tasks to queue
[2025-12-02T06:41:21.759+0000] {logging_mixin.py:188} INFO - [2025-12-02T06:41:21.759+0000] {dagbag.py:545} INFO - Filling up the DagBag from /opt/airflow/dags/__pycache__/minio_to_snowflake.py
[2025-12-02T06:41:22.506+0000] {processor.py:840} INFO - DAG(s) 'minio_to_snowflake' retrieved from /opt/airflow/dags/__pycache__/minio_to_snowflake.py
[2025-12-02T06:41:22.532+0000] {logging_mixin.py:188} INFO - [2025-12-02T06:41:22.531+0000] {dag.py:3089} INFO - Sync 1 DAGs
[2025-12-02T06:41:22.555+0000] {logging_mixin.py:188} INFO - [2025-12-02T06:41:22.554+0000] {dag.py:3947} INFO - Setting next_dagrun for minio_to_snowflake to 2025-12-02 06:40:00+00:00, run_after=2025-12-02 06:41:00+00:00
[2025-12-02T06:41:22.592+0000] {processor.py:183} INFO - Processing /opt/airflow/dags/__pycache__/minio_to_snowflake.py took 0.846 seconds
[2025-12-02T06:41:52.965+0000] {processor.py:161} INFO - Started process (PID=102) to work on /opt/airflow/dags/__pycache__/minio_to_snowflake.py
[2025-12-02T06:41:52.966+0000] {processor.py:830} INFO - Processing file /opt/airflow/dags/__pycache__/minio_to_snowflake.py for tasks to queue
[2025-12-02T06:41:52.968+0000] {logging_mixin.py:188} INFO - [2025-12-02T06:41:52.968+0000] {dagbag.py:545} INFO - Filling up the DagBag from /opt/airflow/dags/__pycache__/minio_to_snowflake.py
[2025-12-02T06:41:54.114+0000] {processor.py:840} INFO - DAG(s) 'minio_to_snowflake' retrieved from /opt/airflow/dags/__pycache__/minio_to_snowflake.py
[2025-12-02T06:41:54.141+0000] {logging_mixin.py:188} INFO - [2025-12-02T06:41:54.141+0000] {dag.py:3089} INFO - Sync 1 DAGs
[2025-12-02T06:41:54.233+0000] {logging_mixin.py:188} INFO - [2025-12-02T06:41:54.232+0000] {dag.py:3947} INFO - Setting next_dagrun for minio_to_snowflake to 2025-12-02 06:40:00+00:00, run_after=2025-12-02 06:41:00+00:00
[2025-12-02T06:41:54.362+0000] {processor.py:183} INFO - Processing /opt/airflow/dags/__pycache__/minio_to_snowflake.py took 1.405 seconds
[2025-12-02T06:42:24.679+0000] {processor.py:161} INFO - Started process (PID=105) to work on /opt/airflow/dags/__pycache__/minio_to_snowflake.py
[2025-12-02T06:42:24.681+0000] {processor.py:830} INFO - Processing file /opt/airflow/dags/__pycache__/minio_to_snowflake.py for tasks to queue
[2025-12-02T06:42:24.684+0000] {logging_mixin.py:188} INFO - [2025-12-02T06:42:24.683+0000] {dagbag.py:545} INFO - Filling up the DagBag from /opt/airflow/dags/__pycache__/minio_to_snowflake.py
[2025-12-02T06:42:25.747+0000] {processor.py:840} INFO - DAG(s) 'minio_to_snowflake' retrieved from /opt/airflow/dags/__pycache__/minio_to_snowflake.py
[2025-12-02T06:42:25.834+0000] {logging_mixin.py:188} INFO - [2025-12-02T06:42:25.834+0000] {dag.py:3089} INFO - Sync 1 DAGs
[2025-12-02T06:42:25.887+0000] {logging_mixin.py:188} INFO - [2025-12-02T06:42:25.887+0000] {dag.py:3947} INFO - Setting next_dagrun for minio_to_snowflake to 2025-12-02 06:41:00+00:00, run_after=2025-12-02 06:42:00+00:00
[2025-12-02T06:42:25.920+0000] {processor.py:183} INFO - Processing /opt/airflow/dags/__pycache__/minio_to_snowflake.py took 1.252 seconds
