[2025-12-04T11:55:15.287+0000] {local_task_job_runner.py:120} INFO - ::group::Pre task execution logs
[2025-12-04T11:55:15.324+0000] {taskinstance.py:2076} INFO - Dependencies all met for dep_context=non-requeueable deps ti=<TaskInstance: minio_to_snowflake.load_snowflake scheduled__2025-12-04T11:54:00+00:00 [queued]>
[2025-12-04T11:55:15.337+0000] {taskinstance.py:2076} INFO - Dependencies all met for dep_context=requeueable deps ti=<TaskInstance: minio_to_snowflake.load_snowflake scheduled__2025-12-04T11:54:00+00:00 [queued]>
[2025-12-04T11:55:15.340+0000] {taskinstance.py:2306} INFO - Starting attempt 1 of 2
[2025-12-04T11:55:15.381+0000] {taskinstance.py:2330} INFO - Executing <Task(PythonOperator): load_snowflake> on 2025-12-04 11:54:00+00:00
[2025-12-04T11:55:15.407+0000] {standard_task_runner.py:90} INFO - Running: ['***', 'tasks', 'run', 'minio_to_snowflake', 'load_snowflake', 'scheduled__2025-12-04T11:54:00+00:00', '--job-id', '296', '--raw', '--subdir', 'DAGS_FOLDER/minio_to_snowflake.py', '--cfg-path', '/tmp/tmpqnocin4b']
[2025-12-04T11:55:15.424+0000] {standard_task_runner.py:91} INFO - Job 296: Subtask load_snowflake
[2025-12-04T11:55:15.423+0000] {logging_mixin.py:188} WARNING - /home/***/.local/lib/python3.12/site-packages/***/task/task_runner/standard_task_runner.py:62 DeprecationWarning: This process (pid=10009) is multi-threaded, use of fork() may lead to deadlocks in the child.
[2025-12-04T11:55:15.427+0000] {standard_task_runner.py:64} INFO - Started process 10015 to run task
[2025-12-04T11:55:15.572+0000] {task_command.py:426} INFO - Running <TaskInstance: minio_to_snowflake.load_snowflake scheduled__2025-12-04T11:54:00+00:00 [running]> on host 9f4d3c62d25a
[2025-12-04T11:55:15.824+0000] {taskinstance.py:2648} INFO - Exporting env vars: AIRFLOW_CTX_DAG_OWNER='***' AIRFLOW_CTX_DAG_ID='minio_to_snowflake' AIRFLOW_CTX_TASK_ID='load_snowflake' AIRFLOW_CTX_EXECUTION_DATE='2025-12-04T11:54:00+00:00' AIRFLOW_CTX_TRY_NUMBER='1' AIRFLOW_CTX_DAG_RUN_ID='scheduled__2025-12-04T11:54:00+00:00'
[2025-12-04T11:55:15.829+0000] {taskinstance.py:430} INFO - ::endgroup::
[2025-12-04T11:55:15.911+0000] {connection.py:408} INFO - Snowflake Connector for Python Version: 3.11.0, Python Version: 3.12.4, Platform: Linux-6.6.87.2-microsoft-standard-WSL2-x86_64-with-glibc2.36
[2025-12-04T11:55:15.914+0000] {connection.py:1258} INFO - This connection is in OCSP Fail Open Mode. TLS Certificates would be checked for validity and revocation status. Any other Certificate Revocation related exceptions or OCSP Responder failures would be disregarded in favor of connectivity.
[2025-12-04T11:55:18.041+0000] {logging_mixin.py:188} INFO - Uploaded /tmp/minio_downloads/1764839409.json to Snowflake stage
[2025-12-04T11:55:18.445+0000] {logging_mixin.py:188} INFO - Uploaded /tmp/minio_downloads/1764839419.json to Snowflake stage
[2025-12-04T11:55:18.855+0000] {logging_mixin.py:188} INFO - Uploaded /tmp/minio_downloads/1764839429.json to Snowflake stage
[2025-12-04T11:55:19.242+0000] {logging_mixin.py:188} INFO - Uploaded /tmp/minio_downloads/1764839438.json to Snowflake stage
[2025-12-04T11:55:19.680+0000] {logging_mixin.py:188} INFO - Uploaded /tmp/minio_downloads/1764839412.json to Snowflake stage
[2025-12-04T11:55:20.406+0000] {logging_mixin.py:188} INFO - Uploaded /tmp/minio_downloads/1764839422.json to Snowflake stage
[2025-12-04T11:55:21.270+0000] {logging_mixin.py:188} INFO - Uploaded /tmp/minio_downloads/1764839432.json to Snowflake stage
[2025-12-04T11:55:22.974+0000] {logging_mixin.py:188} INFO - Uploaded /tmp/minio_downloads/1764839441.json to Snowflake stage
[2025-12-04T11:55:23.271+0000] {logging_mixin.py:188} INFO - Uploaded /tmp/minio_downloads/1764839412.json to Snowflake stage
[2025-12-04T11:55:25.496+0000] {logging_mixin.py:188} INFO - Uploaded /tmp/minio_downloads/1764839421.json to Snowflake stage
[2025-12-04T11:55:26.103+0000] {logging_mixin.py:188} INFO - Uploaded /tmp/minio_downloads/1764839431.json to Snowflake stage
[2025-12-04T11:55:26.411+0000] {logging_mixin.py:188} INFO - Uploaded /tmp/minio_downloads/1764839440.json to Snowflake stage
[2025-12-04T11:55:26.849+0000] {logging_mixin.py:188} INFO - Uploaded /tmp/minio_downloads/1764839410.json to Snowflake stage
[2025-12-04T11:55:27.636+0000] {logging_mixin.py:188} INFO - Uploaded /tmp/minio_downloads/1764839420.json to Snowflake stage
[2025-12-04T11:55:27.957+0000] {logging_mixin.py:188} INFO - Uploaded /tmp/minio_downloads/1764839429.json to Snowflake stage
[2025-12-04T11:55:28.421+0000] {logging_mixin.py:188} INFO - Uploaded /tmp/minio_downloads/1764839439.json to Snowflake stage
[2025-12-04T11:55:29.962+0000] {logging_mixin.py:188} INFO - Uploaded /tmp/minio_downloads/1764839411.json to Snowflake stage
[2025-12-04T11:55:31.114+0000] {logging_mixin.py:188} INFO - Uploaded /tmp/minio_downloads/1764839421.json to Snowflake stage
[2025-12-04T11:55:31.474+0000] {logging_mixin.py:188} INFO - Uploaded /tmp/minio_downloads/1764839430.json to Snowflake stage
[2025-12-04T11:55:37.481+0000] {connectionpool.py:824} WARNING - Retrying (Retry(total=0, connect=None, read=None, redirect=None, status=None)) after connection broken by 'ProtocolError('Connection aborted.', RemoteDisconnected('Remote end closed connection without response'))': /?accelerate
[2025-12-04T11:55:46.493+0000] {storage_client.py:318} WARNING - GET with url b'https://sfc-sg-ds1-167-customer-stage.s3.amazonaws.com/?accelerate' failed for transient error: HTTPSConnectionPool(host='sfc-sg-ds1-167-customer-stage.s3.amazonaws.com', port=443): Max retries exceeded with url: /?accelerate (Caused by NewConnectionError('<snowflake.connector.vendored.urllib3.connection.HTTPSConnection object at 0x78fa8e8cf710>: Failed to establish a new connection: [Errno -3] Temporary failure in name resolution'))
[2025-12-04T11:55:46.997+0000] {logging_mixin.py:188} INFO - Uploaded /tmp/minio_downloads/1764839439.json to Snowflake stage
[2025-12-04T11:55:47.394+0000] {cursor.py:1149} INFO - Number of results in first chunk: 1
[2025-12-04T11:55:47.394+0000] {logging_mixin.py:188} INFO - COPY INTO executed
[2025-12-04T11:55:47.395+0000] {connection.py:773} INFO - closed
[2025-12-04T11:55:47.482+0000] {connection.py:779} INFO - No async queries seem to be running, deleting session
[2025-12-04T11:55:47.581+0000] {python.py:237} INFO - Done. Returned value was: None
[2025-12-04T11:55:47.584+0000] {taskinstance.py:441} INFO - ::group::Post task execution logs
[2025-12-04T11:55:47.603+0000] {taskinstance.py:1206} INFO - Marking task as SUCCESS. dag_id=minio_to_snowflake, task_id=load_snowflake, run_id=scheduled__2025-12-04T11:54:00+00:00, execution_date=20251204T115400, start_date=20251204T115515, end_date=20251204T115547
[2025-12-04T11:55:47.671+0000] {local_task_job_runner.py:243} INFO - Task exited with return code 0
[2025-12-04T11:55:47.703+0000] {taskinstance.py:3503} INFO - 0 downstream tasks scheduled from follow-on schedule check
[2025-12-04T11:55:47.711+0000] {local_task_job_runner.py:222} INFO - ::endgroup::
