[2025-12-04T11:36:12.668+0000] {local_task_job_runner.py:120} INFO - ::group::Pre task execution logs
[2025-12-04T11:36:12.702+0000] {taskinstance.py:2076} INFO - Dependencies all met for dep_context=non-requeueable deps ti=<TaskInstance: minio_to_snowflake.load_snowflake scheduled__2025-12-04T11:35:00+00:00 [queued]>
[2025-12-04T11:36:12.712+0000] {taskinstance.py:2076} INFO - Dependencies all met for dep_context=requeueable deps ti=<TaskInstance: minio_to_snowflake.load_snowflake scheduled__2025-12-04T11:35:00+00:00 [queued]>
[2025-12-04T11:36:12.713+0000] {taskinstance.py:2306} INFO - Starting attempt 1 of 2
[2025-12-04T11:36:12.729+0000] {taskinstance.py:2330} INFO - Executing <Task(PythonOperator): load_snowflake> on 2025-12-04 11:35:00+00:00
[2025-12-04T11:36:12.742+0000] {standard_task_runner.py:90} INFO - Running: ['***', 'tasks', 'run', 'minio_to_snowflake', 'load_snowflake', 'scheduled__2025-12-04T11:35:00+00:00', '--job-id', '258', '--raw', '--subdir', 'DAGS_FOLDER/minio_to_snowflake.py', '--cfg-path', '/tmp/tmpn5x3nrl_']
[2025-12-04T11:36:12.745+0000] {logging_mixin.py:188} WARNING - /home/***/.local/lib/python3.12/site-packages/***/task/task_runner/standard_task_runner.py:62 DeprecationWarning: This process (pid=8495) is multi-threaded, use of fork() may lead to deadlocks in the child.
[2025-12-04T11:36:12.746+0000] {standard_task_runner.py:91} INFO - Job 258: Subtask load_snowflake
[2025-12-04T11:36:12.746+0000] {standard_task_runner.py:64} INFO - Started process 8501 to run task
[2025-12-04T11:36:12.827+0000] {task_command.py:426} INFO - Running <TaskInstance: minio_to_snowflake.load_snowflake scheduled__2025-12-04T11:35:00+00:00 [running]> on host 9f4d3c62d25a
[2025-12-04T11:36:12.979+0000] {taskinstance.py:2648} INFO - Exporting env vars: AIRFLOW_CTX_DAG_OWNER='***' AIRFLOW_CTX_DAG_ID='minio_to_snowflake' AIRFLOW_CTX_TASK_ID='load_snowflake' AIRFLOW_CTX_EXECUTION_DATE='2025-12-04T11:35:00+00:00' AIRFLOW_CTX_TRY_NUMBER='1' AIRFLOW_CTX_DAG_RUN_ID='scheduled__2025-12-04T11:35:00+00:00'
[2025-12-04T11:36:12.981+0000] {taskinstance.py:430} INFO - ::endgroup::
[2025-12-04T11:36:13.015+0000] {connection.py:408} INFO - Snowflake Connector for Python Version: 3.11.0, Python Version: 3.12.4, Platform: Linux-6.6.87.2-microsoft-standard-WSL2-x86_64-with-glibc2.36
[2025-12-04T11:36:13.019+0000] {connection.py:1258} INFO - This connection is in OCSP Fail Open Mode. TLS Certificates would be checked for validity and revocation status. Any other Certificate Revocation related exceptions or OCSP Responder failures would be disregarded in favor of connectivity.
[2025-12-04T11:36:31.172+0000] {logging_mixin.py:188} INFO - Uploaded /tmp/minio_downloads/1764839409.json to Snowflake stage
[2025-12-04T11:36:34.036+0000] {logging_mixin.py:188} INFO - Uploaded /tmp/minio_downloads/1764839419.json to Snowflake stage
[2025-12-04T11:36:35.510+0000] {logging_mixin.py:188} INFO - Uploaded /tmp/minio_downloads/1764839429.json to Snowflake stage
[2025-12-04T11:36:36.527+0000] {logging_mixin.py:188} INFO - Uploaded /tmp/minio_downloads/1764839438.json to Snowflake stage
[2025-12-04T11:36:38.059+0000] {logging_mixin.py:188} INFO - Uploaded /tmp/minio_downloads/1764839412.json to Snowflake stage
[2025-12-04T11:36:39.048+0000] {logging_mixin.py:188} INFO - Uploaded /tmp/minio_downloads/1764839422.json to Snowflake stage
[2025-12-04T11:36:45.037+0000] {connectionpool.py:824} WARNING - Retrying (Retry(total=0, connect=None, read=None, redirect=None, status=None)) after connection broken by 'ProtocolError('Connection aborted.', RemoteDisconnected('Remote end closed connection without response'))': /?accelerate
[2025-12-04T11:36:50.059+0000] {storage_client.py:318} WARNING - GET with url b'https://sfc-sg-ds1-167-customer-stage.s3.amazonaws.com/?accelerate' failed for transient error: HTTPSConnectionPool(host='sfc-sg-ds1-167-customer-stage.s3.amazonaws.com', port=443): Max retries exceeded with url: /?accelerate (Caused by NewConnectionError('<snowflake.connector.vendored.urllib3.connection.HTTPSConnection object at 0x789aaf2df320>: Failed to establish a new connection: [Errno -2] Name or service not known'))
[2025-12-04T11:36:55.477+0000] {logging_mixin.py:188} INFO - Uploaded /tmp/minio_downloads/1764839432.json to Snowflake stage
[2025-12-04T11:36:56.483+0000] {logging_mixin.py:188} INFO - Uploaded /tmp/minio_downloads/1764839441.json to Snowflake stage
[2025-12-04T11:36:57.058+0000] {logging_mixin.py:188} INFO - Uploaded /tmp/minio_downloads/1764839412.json to Snowflake stage
[2025-12-04T11:36:59.923+0000] {logging_mixin.py:188} INFO - Uploaded /tmp/minio_downloads/1764839421.json to Snowflake stage
[2025-12-04T11:37:00.656+0000] {logging_mixin.py:188} INFO - Uploaded /tmp/minio_downloads/1764839431.json to Snowflake stage
[2025-12-04T11:37:02.043+0000] {logging_mixin.py:188} INFO - Uploaded /tmp/minio_downloads/1764839440.json to Snowflake stage
[2025-12-04T11:37:02.761+0000] {logging_mixin.py:188} INFO - Uploaded /tmp/minio_downloads/1764839410.json to Snowflake stage
[2025-12-04T11:37:03.207+0000] {logging_mixin.py:188} INFO - Uploaded /tmp/minio_downloads/1764839420.json to Snowflake stage
[2025-12-04T11:37:05.722+0000] {logging_mixin.py:188} INFO - Uploaded /tmp/minio_downloads/1764839429.json to Snowflake stage
[2025-12-04T11:37:06.383+0000] {logging_mixin.py:188} INFO - Uploaded /tmp/minio_downloads/1764839439.json to Snowflake stage
[2025-12-04T11:37:06.815+0000] {logging_mixin.py:188} INFO - Uploaded /tmp/minio_downloads/1764839411.json to Snowflake stage
[2025-12-04T11:37:07.261+0000] {logging_mixin.py:188} INFO - Uploaded /tmp/minio_downloads/1764839421.json to Snowflake stage
[2025-12-04T11:37:07.695+0000] {logging_mixin.py:188} INFO - Uploaded /tmp/minio_downloads/1764839430.json to Snowflake stage
[2025-12-04T11:37:08.136+0000] {logging_mixin.py:188} INFO - Uploaded /tmp/minio_downloads/1764839439.json to Snowflake stage
[2025-12-04T11:37:08.631+0000] {cursor.py:1149} INFO - Number of results in first chunk: 1
[2025-12-04T11:37:08.633+0000] {logging_mixin.py:188} INFO - COPY INTO executed
[2025-12-04T11:37:08.633+0000] {connection.py:773} INFO - closed
[2025-12-04T11:37:09.219+0000] {connection.py:779} INFO - No async queries seem to be running, deleting session
[2025-12-04T11:37:09.829+0000] {python.py:237} INFO - Done. Returned value was: None
[2025-12-04T11:37:09.832+0000] {taskinstance.py:441} INFO - ::group::Post task execution logs
[2025-12-04T11:37:09.851+0000] {taskinstance.py:1206} INFO - Marking task as SUCCESS. dag_id=minio_to_snowflake, task_id=load_snowflake, run_id=scheduled__2025-12-04T11:35:00+00:00, execution_date=20251204T113500, start_date=20251204T113612, end_date=20251204T113709
[2025-12-04T11:37:09.911+0000] {local_task_job_runner.py:243} INFO - Task exited with return code 0
[2025-12-04T11:37:09.941+0000] {taskinstance.py:3503} INFO - 0 downstream tasks scheduled from follow-on schedule check
[2025-12-04T11:37:09.947+0000] {local_task_job_runner.py:222} INFO - ::endgroup::
