[2025-12-04T12:28:26.428+0000] {local_task_job_runner.py:120} INFO - ::group::Pre task execution logs
[2025-12-04T12:28:26.644+0000] {taskinstance.py:2076} INFO - Dependencies all met for dep_context=non-requeueable deps ti=<TaskInstance: minio_to_snowflake.load_snowflake scheduled__2025-12-04T12:07:00+00:00 [queued]>
[2025-12-04T12:28:26.654+0000] {taskinstance.py:2076} INFO - Dependencies all met for dep_context=requeueable deps ti=<TaskInstance: minio_to_snowflake.load_snowflake scheduled__2025-12-04T12:07:00+00:00 [queued]>
[2025-12-04T12:28:26.732+0000] {taskinstance.py:2306} INFO - Starting attempt 1 of 2
[2025-12-04T12:28:27.051+0000] {taskinstance.py:2330} INFO - Executing <Task(PythonOperator): load_snowflake> on 2025-12-04 12:07:00+00:00
[2025-12-04T12:28:27.297+0000] {logging_mixin.py:188} WARNING - /home/***/.local/lib/python3.12/site-packages/***/task/task_runner/standard_task_runner.py:62 DeprecationWarning: This process (pid=11046) is multi-threaded, use of fork() may lead to deadlocks in the child.
[2025-12-04T12:28:27.372+0000] {standard_task_runner.py:64} INFO - Started process 11055 to run task
[2025-12-04T12:28:27.344+0000] {standard_task_runner.py:90} INFO - Running: ['***', 'tasks', 'run', 'minio_to_snowflake', 'load_snowflake', 'scheduled__2025-12-04T12:07:00+00:00', '--job-id', '322', '--raw', '--subdir', 'DAGS_FOLDER/minio_to_snowflake.py', '--cfg-path', '/tmp/tmp66f52fzg']
[2025-12-04T12:28:27.464+0000] {standard_task_runner.py:91} INFO - Job 322: Subtask load_snowflake
[2025-12-04T12:28:28.363+0000] {task_command.py:426} INFO - Running <TaskInstance: minio_to_snowflake.load_snowflake scheduled__2025-12-04T12:07:00+00:00 [running]> on host 9f4d3c62d25a
[2025-12-04T12:28:29.103+0000] {taskinstance.py:2648} INFO - Exporting env vars: AIRFLOW_CTX_DAG_OWNER='***' AIRFLOW_CTX_DAG_ID='minio_to_snowflake' AIRFLOW_CTX_TASK_ID='load_snowflake' AIRFLOW_CTX_EXECUTION_DATE='2025-12-04T12:07:00+00:00' AIRFLOW_CTX_TRY_NUMBER='1' AIRFLOW_CTX_DAG_RUN_ID='scheduled__2025-12-04T12:07:00+00:00'
[2025-12-04T12:28:29.105+0000] {taskinstance.py:430} INFO - ::endgroup::
[2025-12-04T12:28:29.131+0000] {connection.py:408} INFO - Snowflake Connector for Python Version: 3.11.0, Python Version: 3.12.4, Platform: Linux-6.6.87.2-microsoft-standard-WSL2-x86_64-with-glibc2.36
[2025-12-04T12:28:29.133+0000] {connection.py:1258} INFO - This connection is in OCSP Fail Open Mode. TLS Certificates would be checked for validity and revocation status. Any other Certificate Revocation related exceptions or OCSP Responder failures would be disregarded in favor of connectivity.
[2025-12-04T12:28:36.273+0000] {logging_mixin.py:188} INFO - Uploaded /tmp/minio_downloads/1764839409.json to Snowflake stage
[2025-12-04T12:28:36.760+0000] {logging_mixin.py:188} INFO - Uploaded /tmp/minio_downloads/1764839419.json to Snowflake stage
[2025-12-04T12:28:37.358+0000] {logging_mixin.py:188} INFO - Uploaded /tmp/minio_downloads/1764839429.json to Snowflake stage
[2025-12-04T12:28:37.820+0000] {logging_mixin.py:188} INFO - Uploaded /tmp/minio_downloads/1764839438.json to Snowflake stage
[2025-12-04T12:28:38.195+0000] {logging_mixin.py:188} INFO - Uploaded /tmp/minio_downloads/1764839412.json to Snowflake stage
[2025-12-04T12:28:38.549+0000] {logging_mixin.py:188} INFO - Uploaded /tmp/minio_downloads/1764839422.json to Snowflake stage
[2025-12-04T12:28:38.878+0000] {logging_mixin.py:188} INFO - Uploaded /tmp/minio_downloads/1764839432.json to Snowflake stage
