[2025-12-05T05:13:07.923+0000] {processor.py:161} INFO - Started process (PID=21) to work on /opt/airflow/dags/minio_to_snowflake.py
[2025-12-05T05:13:07.925+0000] {processor.py:830} INFO - Processing file /opt/airflow/dags/minio_to_snowflake.py for tasks to queue
[2025-12-05T05:13:07.928+0000] {logging_mixin.py:188} INFO - [2025-12-05T05:13:07.927+0000] {dagbag.py:545} INFO - Filling up the DagBag from /opt/airflow/dags/minio_to_snowflake.py
[2025-12-05T05:13:12.673+0000] {processor.py:840} INFO - DAG(s) 'minio_to_snowflake' retrieved from /opt/airflow/dags/minio_to_snowflake.py
[2025-12-05T05:13:12.798+0000] {logging_mixin.py:188} INFO - [2025-12-05T05:13:12.797+0000] {dag.py:3089} INFO - Sync 1 DAGs
[2025-12-05T05:13:12.866+0000] {logging_mixin.py:188} INFO - [2025-12-05T05:13:12.866+0000] {dag.py:3947} INFO - Setting next_dagrun for minio_to_snowflake to 2025-12-05 05:12:00+00:00, run_after=2025-12-05 05:13:00+00:00
[2025-12-05T05:13:12.916+0000] {processor.py:183} INFO - Processing /opt/airflow/dags/minio_to_snowflake.py took 5.008 seconds
[2025-12-05T05:13:43.135+0000] {processor.py:161} INFO - Started process (PID=31) to work on /opt/airflow/dags/minio_to_snowflake.py
[2025-12-05T05:13:43.137+0000] {processor.py:830} INFO - Processing file /opt/airflow/dags/minio_to_snowflake.py for tasks to queue
[2025-12-05T05:13:43.142+0000] {logging_mixin.py:188} INFO - [2025-12-05T05:13:43.141+0000] {dagbag.py:545} INFO - Filling up the DagBag from /opt/airflow/dags/minio_to_snowflake.py
[2025-12-05T05:13:44.981+0000] {processor.py:840} INFO - DAG(s) 'minio_to_snowflake' retrieved from /opt/airflow/dags/minio_to_snowflake.py
[2025-12-05T05:13:45.019+0000] {logging_mixin.py:188} INFO - [2025-12-05T05:13:45.019+0000] {dag.py:3089} INFO - Sync 1 DAGs
[2025-12-05T05:13:45.045+0000] {logging_mixin.py:188} INFO - [2025-12-05T05:13:45.045+0000] {dag.py:3947} INFO - Setting next_dagrun for minio_to_snowflake to 2025-12-05 05:12:00+00:00, run_after=2025-12-05 05:13:00+00:00
[2025-12-05T05:13:45.093+0000] {processor.py:183} INFO - Processing /opt/airflow/dags/minio_to_snowflake.py took 1.979 seconds
[2025-12-05T05:14:15.506+0000] {processor.py:161} INFO - Started process (PID=41) to work on /opt/airflow/dags/minio_to_snowflake.py
[2025-12-05T05:14:15.508+0000] {processor.py:830} INFO - Processing file /opt/airflow/dags/minio_to_snowflake.py for tasks to queue
[2025-12-05T05:14:15.511+0000] {logging_mixin.py:188} INFO - [2025-12-05T05:14:15.510+0000] {dagbag.py:545} INFO - Filling up the DagBag from /opt/airflow/dags/minio_to_snowflake.py
[2025-12-05T05:14:16.468+0000] {processor.py:840} INFO - DAG(s) 'minio_to_snowflake' retrieved from /opt/airflow/dags/minio_to_snowflake.py
[2025-12-05T05:14:16.492+0000] {logging_mixin.py:188} INFO - [2025-12-05T05:14:16.492+0000] {dag.py:3089} INFO - Sync 1 DAGs
[2025-12-05T05:14:16.515+0000] {logging_mixin.py:188} INFO - [2025-12-05T05:14:16.515+0000] {dag.py:3947} INFO - Setting next_dagrun for minio_to_snowflake to 2025-12-05 05:13:00+00:00, run_after=2025-12-05 05:14:00+00:00
[2025-12-05T05:14:16.544+0000] {processor.py:183} INFO - Processing /opt/airflow/dags/minio_to_snowflake.py took 1.047 seconds
[2025-12-05T05:14:46.736+0000] {processor.py:161} INFO - Started process (PID=45) to work on /opt/airflow/dags/minio_to_snowflake.py
[2025-12-05T05:14:46.737+0000] {processor.py:830} INFO - Processing file /opt/airflow/dags/minio_to_snowflake.py for tasks to queue
[2025-12-05T05:14:46.740+0000] {logging_mixin.py:188} INFO - [2025-12-05T05:14:46.740+0000] {dagbag.py:545} INFO - Filling up the DagBag from /opt/airflow/dags/minio_to_snowflake.py
[2025-12-05T05:14:47.987+0000] {processor.py:840} INFO - DAG(s) 'minio_to_snowflake' retrieved from /opt/airflow/dags/minio_to_snowflake.py
[2025-12-05T05:14:48.018+0000] {logging_mixin.py:188} INFO - [2025-12-05T05:14:48.017+0000] {dag.py:3089} INFO - Sync 1 DAGs
[2025-12-05T05:14:48.046+0000] {logging_mixin.py:188} INFO - [2025-12-05T05:14:48.046+0000] {dag.py:3947} INFO - Setting next_dagrun for minio_to_snowflake to 2025-12-05 05:14:00+00:00, run_after=2025-12-05 05:15:00+00:00
[2025-12-05T05:14:48.078+0000] {processor.py:183} INFO - Processing /opt/airflow/dags/minio_to_snowflake.py took 1.352 seconds
[2025-12-05T05:15:18.537+0000] {processor.py:161} INFO - Started process (PID=54) to work on /opt/airflow/dags/minio_to_snowflake.py
[2025-12-05T05:15:18.539+0000] {processor.py:830} INFO - Processing file /opt/airflow/dags/minio_to_snowflake.py for tasks to queue
[2025-12-05T05:15:18.552+0000] {logging_mixin.py:188} INFO - [2025-12-05T05:15:18.551+0000] {dagbag.py:545} INFO - Filling up the DagBag from /opt/airflow/dags/minio_to_snowflake.py
[2025-12-05T05:15:19.538+0000] {processor.py:840} INFO - DAG(s) 'minio_to_snowflake' retrieved from /opt/airflow/dags/minio_to_snowflake.py
[2025-12-05T05:15:19.561+0000] {logging_mixin.py:188} INFO - [2025-12-05T05:15:19.561+0000] {dag.py:3089} INFO - Sync 1 DAGs
[2025-12-05T05:15:19.584+0000] {logging_mixin.py:188} INFO - [2025-12-05T05:15:19.584+0000] {dag.py:3947} INFO - Setting next_dagrun for minio_to_snowflake to 2025-12-05 05:14:00+00:00, run_after=2025-12-05 05:15:00+00:00
[2025-12-05T05:15:19.609+0000] {processor.py:183} INFO - Processing /opt/airflow/dags/minio_to_snowflake.py took 1.084 seconds
[2025-12-05T05:15:49.766+0000] {processor.py:161} INFO - Started process (PID=64) to work on /opt/airflow/dags/minio_to_snowflake.py
[2025-12-05T05:15:49.770+0000] {processor.py:830} INFO - Processing file /opt/airflow/dags/minio_to_snowflake.py for tasks to queue
[2025-12-05T05:15:49.773+0000] {logging_mixin.py:188} INFO - [2025-12-05T05:15:49.772+0000] {dagbag.py:545} INFO - Filling up the DagBag from /opt/airflow/dags/minio_to_snowflake.py
[2025-12-05T05:15:50.492+0000] {processor.py:840} INFO - DAG(s) 'minio_to_snowflake' retrieved from /opt/airflow/dags/minio_to_snowflake.py
[2025-12-05T05:15:50.519+0000] {logging_mixin.py:188} INFO - [2025-12-05T05:15:50.518+0000] {dag.py:3089} INFO - Sync 1 DAGs
[2025-12-05T05:15:50.544+0000] {logging_mixin.py:188} INFO - [2025-12-05T05:15:50.543+0000] {dag.py:3947} INFO - Setting next_dagrun for minio_to_snowflake to 2025-12-05 05:15:00+00:00, run_after=2025-12-05 05:16:00+00:00
[2025-12-05T05:15:50.580+0000] {processor.py:183} INFO - Processing /opt/airflow/dags/minio_to_snowflake.py took 0.822 seconds
[2025-12-05T05:16:20.814+0000] {processor.py:161} INFO - Started process (PID=67) to work on /opt/airflow/dags/minio_to_snowflake.py
[2025-12-05T05:16:20.815+0000] {processor.py:830} INFO - Processing file /opt/airflow/dags/minio_to_snowflake.py for tasks to queue
[2025-12-05T05:16:20.818+0000] {logging_mixin.py:188} INFO - [2025-12-05T05:16:20.818+0000] {dagbag.py:545} INFO - Filling up the DagBag from /opt/airflow/dags/minio_to_snowflake.py
[2025-12-05T05:16:21.879+0000] {processor.py:840} INFO - DAG(s) 'minio_to_snowflake' retrieved from /opt/airflow/dags/minio_to_snowflake.py
[2025-12-05T05:16:21.924+0000] {logging_mixin.py:188} INFO - [2025-12-05T05:16:21.923+0000] {dag.py:3089} INFO - Sync 1 DAGs
[2025-12-05T05:16:21.964+0000] {logging_mixin.py:188} INFO - [2025-12-05T05:16:21.963+0000] {dag.py:3947} INFO - Setting next_dagrun for minio_to_snowflake to 2025-12-05 05:15:00+00:00, run_after=2025-12-05 05:16:00+00:00
[2025-12-05T05:16:22.012+0000] {processor.py:183} INFO - Processing /opt/airflow/dags/minio_to_snowflake.py took 1.205 seconds
[2025-12-05T05:16:52.269+0000] {processor.py:161} INFO - Started process (PID=77) to work on /opt/airflow/dags/minio_to_snowflake.py
[2025-12-05T05:16:52.271+0000] {processor.py:830} INFO - Processing file /opt/airflow/dags/minio_to_snowflake.py for tasks to queue
[2025-12-05T05:16:52.273+0000] {logging_mixin.py:188} INFO - [2025-12-05T05:16:52.273+0000] {dagbag.py:545} INFO - Filling up the DagBag from /opt/airflow/dags/minio_to_snowflake.py
[2025-12-05T05:16:53.084+0000] {processor.py:840} INFO - DAG(s) 'minio_to_snowflake' retrieved from /opt/airflow/dags/minio_to_snowflake.py
[2025-12-05T05:16:53.110+0000] {logging_mixin.py:188} INFO - [2025-12-05T05:16:53.109+0000] {dag.py:3089} INFO - Sync 1 DAGs
[2025-12-05T05:16:53.371+0000] {logging_mixin.py:188} INFO - [2025-12-05T05:16:53.371+0000] {dag.py:3947} INFO - Setting next_dagrun for minio_to_snowflake to 2025-12-05 05:16:00+00:00, run_after=2025-12-05 05:17:00+00:00
[2025-12-05T05:16:54.013+0000] {processor.py:183} INFO - Processing /opt/airflow/dags/minio_to_snowflake.py took 1.750 seconds
[2025-12-05T05:17:24.312+0000] {processor.py:161} INFO - Started process (PID=87) to work on /opt/airflow/dags/minio_to_snowflake.py
[2025-12-05T05:17:24.317+0000] {processor.py:830} INFO - Processing file /opt/airflow/dags/minio_to_snowflake.py for tasks to queue
[2025-12-05T05:17:24.324+0000] {logging_mixin.py:188} INFO - [2025-12-05T05:17:24.323+0000] {dagbag.py:545} INFO - Filling up the DagBag from /opt/airflow/dags/minio_to_snowflake.py
[2025-12-05T05:17:25.582+0000] {processor.py:840} INFO - DAG(s) 'minio_to_snowflake' retrieved from /opt/airflow/dags/minio_to_snowflake.py
[2025-12-05T05:17:25.625+0000] {logging_mixin.py:188} INFO - [2025-12-05T05:17:25.625+0000] {dag.py:3089} INFO - Sync 1 DAGs
[2025-12-05T05:17:25.668+0000] {logging_mixin.py:188} INFO - [2025-12-05T05:17:25.668+0000] {dag.py:3947} INFO - Setting next_dagrun for minio_to_snowflake to 2025-12-05 05:17:00+00:00, run_after=2025-12-05 05:18:00+00:00
[2025-12-05T05:17:25.696+0000] {processor.py:183} INFO - Processing /opt/airflow/dags/minio_to_snowflake.py took 1.411 seconds
[2025-12-05T05:17:55.902+0000] {processor.py:161} INFO - Started process (PID=90) to work on /opt/airflow/dags/minio_to_snowflake.py
[2025-12-05T05:17:55.905+0000] {processor.py:830} INFO - Processing file /opt/airflow/dags/minio_to_snowflake.py for tasks to queue
[2025-12-05T05:17:55.910+0000] {logging_mixin.py:188} INFO - [2025-12-05T05:17:55.909+0000] {dagbag.py:545} INFO - Filling up the DagBag from /opt/airflow/dags/minio_to_snowflake.py
[2025-12-05T05:17:56.709+0000] {processor.py:840} INFO - DAG(s) 'minio_to_snowflake' retrieved from /opt/airflow/dags/minio_to_snowflake.py
[2025-12-05T05:17:56.733+0000] {logging_mixin.py:188} INFO - [2025-12-05T05:17:56.733+0000] {dag.py:3089} INFO - Sync 1 DAGs
[2025-12-05T05:17:56.751+0000] {logging_mixin.py:188} INFO - [2025-12-05T05:17:56.751+0000] {dag.py:3947} INFO - Setting next_dagrun for minio_to_snowflake to 2025-12-05 05:17:00+00:00, run_after=2025-12-05 05:18:00+00:00
[2025-12-05T05:17:56.782+0000] {processor.py:183} INFO - Processing /opt/airflow/dags/minio_to_snowflake.py took 0.889 seconds
[2025-12-05T05:18:27.076+0000] {processor.py:161} INFO - Started process (PID=100) to work on /opt/airflow/dags/minio_to_snowflake.py
[2025-12-05T05:18:27.078+0000] {processor.py:830} INFO - Processing file /opt/airflow/dags/minio_to_snowflake.py for tasks to queue
[2025-12-05T05:18:27.081+0000] {logging_mixin.py:188} INFO - [2025-12-05T05:18:27.081+0000] {dagbag.py:545} INFO - Filling up the DagBag from /opt/airflow/dags/minio_to_snowflake.py
[2025-12-05T05:18:27.935+0000] {processor.py:840} INFO - DAG(s) 'minio_to_snowflake' retrieved from /opt/airflow/dags/minio_to_snowflake.py
[2025-12-05T05:18:27.967+0000] {logging_mixin.py:188} INFO - [2025-12-05T05:18:27.967+0000] {dag.py:3089} INFO - Sync 1 DAGs
[2025-12-05T05:18:27.997+0000] {logging_mixin.py:188} INFO - [2025-12-05T05:18:27.997+0000] {dag.py:3947} INFO - Setting next_dagrun for minio_to_snowflake to 2025-12-05 05:18:00+00:00, run_after=2025-12-05 05:19:00+00:00
[2025-12-05T05:18:28.028+0000] {processor.py:183} INFO - Processing /opt/airflow/dags/minio_to_snowflake.py took 0.961 seconds
[2025-12-05T05:18:58.365+0000] {processor.py:161} INFO - Started process (PID=103) to work on /opt/airflow/dags/minio_to_snowflake.py
[2025-12-05T05:18:58.366+0000] {processor.py:830} INFO - Processing file /opt/airflow/dags/minio_to_snowflake.py for tasks to queue
[2025-12-05T05:18:58.368+0000] {logging_mixin.py:188} INFO - [2025-12-05T05:18:58.368+0000] {dagbag.py:545} INFO - Filling up the DagBag from /opt/airflow/dags/minio_to_snowflake.py
[2025-12-05T05:18:59.643+0000] {processor.py:840} INFO - DAG(s) 'minio_to_snowflake' retrieved from /opt/airflow/dags/minio_to_snowflake.py
[2025-12-05T05:18:59.713+0000] {logging_mixin.py:188} INFO - [2025-12-05T05:18:59.712+0000] {dag.py:3089} INFO - Sync 1 DAGs
[2025-12-05T05:18:59.752+0000] {logging_mixin.py:188} INFO - [2025-12-05T05:18:59.752+0000] {dag.py:3947} INFO - Setting next_dagrun for minio_to_snowflake to 2025-12-05 05:18:00+00:00, run_after=2025-12-05 05:19:00+00:00
[2025-12-05T05:18:59.784+0000] {processor.py:183} INFO - Processing /opt/airflow/dags/minio_to_snowflake.py took 1.433 seconds
[2025-12-05T05:19:30.472+0000] {processor.py:161} INFO - Started process (PID=113) to work on /opt/airflow/dags/minio_to_snowflake.py
[2025-12-05T05:19:30.476+0000] {processor.py:830} INFO - Processing file /opt/airflow/dags/minio_to_snowflake.py for tasks to queue
[2025-12-05T05:19:30.494+0000] {logging_mixin.py:188} INFO - [2025-12-05T05:19:30.491+0000] {dagbag.py:545} INFO - Filling up the DagBag from /opt/airflow/dags/minio_to_snowflake.py
[2025-12-05T05:19:34.518+0000] {processor.py:840} INFO - DAG(s) 'minio_to_snowflake' retrieved from /opt/airflow/dags/minio_to_snowflake.py
[2025-12-05T05:19:34.685+0000] {logging_mixin.py:188} INFO - [2025-12-05T05:19:34.684+0000] {dag.py:3089} INFO - Sync 1 DAGs
[2025-12-05T05:19:34.881+0000] {logging_mixin.py:188} INFO - [2025-12-05T05:19:34.881+0000] {dag.py:3947} INFO - Setting next_dagrun for minio_to_snowflake to 2025-12-05 05:18:00+00:00, run_after=2025-12-05 05:19:00+00:00
[2025-12-05T05:19:35.082+0000] {processor.py:183} INFO - Processing /opt/airflow/dags/minio_to_snowflake.py took 4.637 seconds
