[2025-12-04T12:07:14.772+0000] {local_task_job_runner.py:120} INFO - ::group::Pre task execution logs
[2025-12-04T12:07:14.834+0000] {taskinstance.py:2076} INFO - Dependencies all met for dep_context=non-requeueable deps ti=<TaskInstance: minio_to_snowflake.load_snowflake scheduled__2025-12-04T12:06:00+00:00 [queued]>
[2025-12-04T12:07:14.846+0000] {taskinstance.py:2076} INFO - Dependencies all met for dep_context=requeueable deps ti=<TaskInstance: minio_to_snowflake.load_snowflake scheduled__2025-12-04T12:06:00+00:00 [queued]>
[2025-12-04T12:07:14.847+0000] {taskinstance.py:2306} INFO - Starting attempt 1 of 2
[2025-12-04T12:07:14.867+0000] {taskinstance.py:2330} INFO - Executing <Task(PythonOperator): load_snowflake> on 2025-12-04 12:06:00+00:00
[2025-12-04T12:07:14.890+0000] {logging_mixin.py:188} WARNING - /home/***/.local/lib/python3.12/site-packages/***/task/task_runner/standard_task_runner.py:62 DeprecationWarning: This process (pid=10966) is multi-threaded, use of fork() may lead to deadlocks in the child.
[2025-12-04T12:07:14.887+0000] {standard_task_runner.py:90} INFO - Running: ['***', 'tasks', 'run', 'minio_to_snowflake', 'load_snowflake', 'scheduled__2025-12-04T12:06:00+00:00', '--job-id', '320', '--raw', '--subdir', 'DAGS_FOLDER/minio_to_snowflake.py', '--cfg-path', '/tmp/tmpzivs9umx']
[2025-12-04T12:07:14.894+0000] {standard_task_runner.py:64} INFO - Started process 10972 to run task
[2025-12-04T12:07:14.894+0000] {standard_task_runner.py:91} INFO - Job 320: Subtask load_snowflake
[2025-12-04T12:07:15.098+0000] {task_command.py:426} INFO - Running <TaskInstance: minio_to_snowflake.load_snowflake scheduled__2025-12-04T12:06:00+00:00 [running]> on host 9f4d3c62d25a
[2025-12-04T12:07:15.351+0000] {taskinstance.py:2648} INFO - Exporting env vars: AIRFLOW_CTX_DAG_OWNER='***' AIRFLOW_CTX_DAG_ID='minio_to_snowflake' AIRFLOW_CTX_TASK_ID='load_snowflake' AIRFLOW_CTX_EXECUTION_DATE='2025-12-04T12:06:00+00:00' AIRFLOW_CTX_TRY_NUMBER='1' AIRFLOW_CTX_DAG_RUN_ID='scheduled__2025-12-04T12:06:00+00:00'
[2025-12-04T12:07:15.370+0000] {taskinstance.py:430} INFO - ::endgroup::
[2025-12-04T12:07:15.407+0000] {connection.py:408} INFO - Snowflake Connector for Python Version: 3.11.0, Python Version: 3.12.4, Platform: Linux-6.6.87.2-microsoft-standard-WSL2-x86_64-with-glibc2.36
[2025-12-04T12:07:15.409+0000] {connection.py:1258} INFO - This connection is in OCSP Fail Open Mode. TLS Certificates would be checked for validity and revocation status. Any other Certificate Revocation related exceptions or OCSP Responder failures would be disregarded in favor of connectivity.
[2025-12-04T12:07:17.636+0000] {logging_mixin.py:188} INFO - Uploaded /tmp/minio_downloads/1764839409.json to Snowflake stage
[2025-12-04T12:07:18.273+0000] {logging_mixin.py:188} INFO - Uploaded /tmp/minio_downloads/1764839419.json to Snowflake stage
[2025-12-04T12:07:18.956+0000] {logging_mixin.py:188} INFO - Uploaded /tmp/minio_downloads/1764839429.json to Snowflake stage
[2025-12-04T12:07:19.517+0000] {logging_mixin.py:188} INFO - Uploaded /tmp/minio_downloads/1764839438.json to Snowflake stage
[2025-12-04T12:07:20.284+0000] {logging_mixin.py:188} INFO - Uploaded /tmp/minio_downloads/1764839412.json to Snowflake stage
[2025-12-04T12:07:20.640+0000] {logging_mixin.py:188} INFO - Uploaded /tmp/minio_downloads/1764839422.json to Snowflake stage
[2025-12-04T12:07:21.367+0000] {logging_mixin.py:188} INFO - Uploaded /tmp/minio_downloads/1764839432.json to Snowflake stage
[2025-12-04T12:07:21.740+0000] {logging_mixin.py:188} INFO - Uploaded /tmp/minio_downloads/1764839441.json to Snowflake stage
[2025-12-04T12:07:22.081+0000] {logging_mixin.py:188} INFO - Uploaded /tmp/minio_downloads/1764839412.json to Snowflake stage
[2025-12-04T12:07:22.446+0000] {logging_mixin.py:188} INFO - Uploaded /tmp/minio_downloads/1764839421.json to Snowflake stage
[2025-12-04T12:07:22.815+0000] {logging_mixin.py:188} INFO - Uploaded /tmp/minio_downloads/1764839431.json to Snowflake stage
[2025-12-04T12:07:23.171+0000] {logging_mixin.py:188} INFO - Uploaded /tmp/minio_downloads/1764839440.json to Snowflake stage
[2025-12-04T12:07:23.518+0000] {logging_mixin.py:188} INFO - Uploaded /tmp/minio_downloads/1764839410.json to Snowflake stage
[2025-12-04T12:07:23.876+0000] {logging_mixin.py:188} INFO - Uploaded /tmp/minio_downloads/1764839420.json to Snowflake stage
[2025-12-04T12:07:24.237+0000] {logging_mixin.py:188} INFO - Uploaded /tmp/minio_downloads/1764839429.json to Snowflake stage
[2025-12-04T12:07:24.593+0000] {logging_mixin.py:188} INFO - Uploaded /tmp/minio_downloads/1764839439.json to Snowflake stage
[2025-12-04T12:07:24.952+0000] {logging_mixin.py:188} INFO - Uploaded /tmp/minio_downloads/1764839411.json to Snowflake stage
[2025-12-04T12:07:25.683+0000] {logging_mixin.py:188} INFO - Uploaded /tmp/minio_downloads/1764839421.json to Snowflake stage
[2025-12-04T12:07:26.302+0000] {logging_mixin.py:188} INFO - Uploaded /tmp/minio_downloads/1764839430.json to Snowflake stage
[2025-12-04T12:07:26.987+0000] {logging_mixin.py:188} INFO - Uploaded /tmp/minio_downloads/1764839439.json to Snowflake stage
[2025-12-04T12:07:27.381+0000] {cursor.py:1149} INFO - Number of results in first chunk: 1
[2025-12-04T12:07:27.382+0000] {logging_mixin.py:188} INFO - COPY INTO executed
[2025-12-04T12:07:27.383+0000] {connection.py:773} INFO - closed
[2025-12-04T12:07:27.490+0000] {connection.py:779} INFO - No async queries seem to be running, deleting session
[2025-12-04T12:07:27.603+0000] {python.py:237} INFO - Done. Returned value was: None
[2025-12-04T12:07:27.605+0000] {taskinstance.py:441} INFO - ::group::Post task execution logs
[2025-12-04T12:07:27.621+0000] {taskinstance.py:1206} INFO - Marking task as SUCCESS. dag_id=minio_to_snowflake, task_id=load_snowflake, run_id=scheduled__2025-12-04T12:06:00+00:00, execution_date=20251204T120600, start_date=20251204T120714, end_date=20251204T120727
[2025-12-04T12:07:27.671+0000] {local_task_job_runner.py:243} INFO - Task exited with return code 0
[2025-12-04T12:07:27.696+0000] {taskinstance.py:3503} INFO - 0 downstream tasks scheduled from follow-on schedule check
[2025-12-04T12:07:27.706+0000] {local_task_job_runner.py:222} INFO - ::endgroup::
