[2025-12-04T10:15:04.544+0000] {local_task_job_runner.py:120} INFO - ::group::Pre task execution logs
[2025-12-04T10:15:04.576+0000] {taskinstance.py:2076} INFO - Dependencies all met for dep_context=non-requeueable deps ti=<TaskInstance: minio_to_snowflake.download_minio scheduled__2025-12-04T10:14:00+00:00 [queued]>
[2025-12-04T10:15:04.586+0000] {taskinstance.py:2076} INFO - Dependencies all met for dep_context=requeueable deps ti=<TaskInstance: minio_to_snowflake.download_minio scheduled__2025-12-04T10:14:00+00:00 [queued]>
[2025-12-04T10:15:04.588+0000] {taskinstance.py:2306} INFO - Starting attempt 1 of 2
[2025-12-04T10:15:04.654+0000] {taskinstance.py:2330} INFO - Executing <Task(PythonOperator): download_minio> on 2025-12-04 10:14:00+00:00
[2025-12-04T10:15:04.667+0000] {logging_mixin.py:188} WARNING - /home/***/.local/lib/python3.12/site-packages/***/task/task_runner/standard_task_runner.py:62 DeprecationWarning: This process (pid=2001) is multi-threaded, use of fork() may lead to deadlocks in the child.
[2025-12-04T10:15:04.666+0000] {standard_task_runner.py:90} INFO - Running: ['***', 'tasks', 'run', 'minio_to_snowflake', 'download_minio', 'scheduled__2025-12-04T10:14:00+00:00', '--job-id', '95', '--raw', '--subdir', 'DAGS_FOLDER/minio_to_snowflake.py', '--cfg-path', '/tmp/tmpk2hprel1']
[2025-12-04T10:15:04.671+0000] {standard_task_runner.py:64} INFO - Started process 2007 to run task
[2025-12-04T10:15:04.671+0000] {standard_task_runner.py:91} INFO - Job 95: Subtask download_minio
[2025-12-04T10:15:04.772+0000] {task_command.py:426} INFO - Running <TaskInstance: minio_to_snowflake.download_minio scheduled__2025-12-04T10:14:00+00:00 [running]> on host 9f4d3c62d25a
[2025-12-04T10:15:04.956+0000] {taskinstance.py:2648} INFO - Exporting env vars: AIRFLOW_CTX_DAG_OWNER='***' AIRFLOW_CTX_DAG_ID='minio_to_snowflake' AIRFLOW_CTX_TASK_ID='download_minio' AIRFLOW_CTX_EXECUTION_DATE='2025-12-04T10:14:00+00:00' AIRFLOW_CTX_TRY_NUMBER='1' AIRFLOW_CTX_DAG_RUN_ID='scheduled__2025-12-04T10:14:00+00:00'
[2025-12-04T10:15:04.958+0000] {taskinstance.py:430} INFO - ::endgroup::
[2025-12-04T10:15:05.116+0000] {logging_mixin.py:188} INFO - Downloaded AAPL/1764839409.json -> /tmp/minio_downloads/1764839409.json
[2025-12-04T10:15:05.344+0000] {logging_mixin.py:188} INFO - Downloaded AAPL/1764839419.json -> /tmp/minio_downloads/1764839419.json
[2025-12-04T10:15:05.353+0000] {logging_mixin.py:188} INFO - Downloaded AAPL/1764839429.json -> /tmp/minio_downloads/1764839429.json
[2025-12-04T10:15:05.361+0000] {logging_mixin.py:188} INFO - Downloaded AAPL/1764839438.json -> /tmp/minio_downloads/1764839438.json
[2025-12-04T10:15:05.370+0000] {logging_mixin.py:188} INFO - Downloaded AMZN/1764839412.json -> /tmp/minio_downloads/1764839412.json
[2025-12-04T10:15:05.407+0000] {logging_mixin.py:188} INFO - Downloaded AMZN/1764839422.json -> /tmp/minio_downloads/1764839422.json
[2025-12-04T10:15:05.419+0000] {logging_mixin.py:188} INFO - Downloaded AMZN/1764839432.json -> /tmp/minio_downloads/1764839432.json
[2025-12-04T10:15:05.435+0000] {logging_mixin.py:188} INFO - Downloaded AMZN/1764839441.json -> /tmp/minio_downloads/1764839441.json
[2025-12-04T10:15:05.450+0000] {logging_mixin.py:188} INFO - Downloaded GOOGL/1764839412.json -> /tmp/minio_downloads/1764839412.json
[2025-12-04T10:15:05.460+0000] {logging_mixin.py:188} INFO - Downloaded GOOGL/1764839421.json -> /tmp/minio_downloads/1764839421.json
[2025-12-04T10:15:05.472+0000] {logging_mixin.py:188} INFO - Downloaded GOOGL/1764839431.json -> /tmp/minio_downloads/1764839431.json
[2025-12-04T10:15:05.480+0000] {logging_mixin.py:188} INFO - Downloaded GOOGL/1764839440.json -> /tmp/minio_downloads/1764839440.json
[2025-12-04T10:15:05.489+0000] {logging_mixin.py:188} INFO - Downloaded MSFT/1764839410.json -> /tmp/minio_downloads/1764839410.json
[2025-12-04T10:15:05.498+0000] {logging_mixin.py:188} INFO - Downloaded MSFT/1764839420.json -> /tmp/minio_downloads/1764839420.json
[2025-12-04T10:15:05.509+0000] {logging_mixin.py:188} INFO - Downloaded MSFT/1764839429.json -> /tmp/minio_downloads/1764839429.json
[2025-12-04T10:15:05.532+0000] {logging_mixin.py:188} INFO - Downloaded MSFT/1764839439.json -> /tmp/minio_downloads/1764839439.json
[2025-12-04T10:15:05.540+0000] {logging_mixin.py:188} INFO - Downloaded TSLA/1764839411.json -> /tmp/minio_downloads/1764839411.json
[2025-12-04T10:15:05.549+0000] {logging_mixin.py:188} INFO - Downloaded TSLA/1764839421.json -> /tmp/minio_downloads/1764839421.json
[2025-12-04T10:15:05.570+0000] {logging_mixin.py:188} INFO - Downloaded TSLA/1764839430.json -> /tmp/minio_downloads/1764839430.json
[2025-12-04T10:15:05.584+0000] {logging_mixin.py:188} INFO - Downloaded TSLA/1764839439.json -> /tmp/minio_downloads/1764839439.json
[2025-12-04T10:15:05.586+0000] {python.py:237} INFO - Done. Returned value was: ['/tmp/minio_downloads/1764839409.json', '/tmp/minio_downloads/1764839419.json', '/tmp/minio_downloads/1764839429.json', '/tmp/minio_downloads/1764839438.json', '/tmp/minio_downloads/1764839412.json', '/tmp/minio_downloads/1764839422.json', '/tmp/minio_downloads/1764839432.json', '/tmp/minio_downloads/1764839441.json', '/tmp/minio_downloads/1764839412.json', '/tmp/minio_downloads/1764839421.json', '/tmp/minio_downloads/1764839431.json', '/tmp/minio_downloads/1764839440.json', '/tmp/minio_downloads/1764839410.json', '/tmp/minio_downloads/1764839420.json', '/tmp/minio_downloads/1764839429.json', '/tmp/minio_downloads/1764839439.json', '/tmp/minio_downloads/1764839411.json', '/tmp/minio_downloads/1764839421.json', '/tmp/minio_downloads/1764839430.json', '/tmp/minio_downloads/1764839439.json']
[2025-12-04T10:15:05.587+0000] {taskinstance.py:441} INFO - ::group::Post task execution logs
[2025-12-04T10:15:05.687+0000] {taskinstance.py:1206} INFO - Marking task as SUCCESS. dag_id=minio_to_snowflake, task_id=download_minio, run_id=scheduled__2025-12-04T10:14:00+00:00, execution_date=20251204T101400, start_date=20251204T101504, end_date=20251204T101505
[2025-12-04T10:15:05.811+0000] {local_task_job_runner.py:243} INFO - Task exited with return code 0
[2025-12-04T10:15:05.850+0000] {taskinstance.py:3503} INFO - 1 downstream tasks scheduled from follow-on schedule check
[2025-12-04T10:15:05.996+0000] {local_task_job_runner.py:222} INFO - ::endgroup::
