[2025-12-01T17:58:17.971+0000] {local_task_job_runner.py:120} INFO - ::group::Pre task execution logs
[2025-12-01T17:58:18.032+0000] {taskinstance.py:2076} INFO - Dependencies all met for dep_context=non-requeueable deps ti=<TaskInstance: minio_to_snowflake.download_minio scheduled__2025-12-01T17:52:00+00:00 [queued]>
[2025-12-01T17:58:18.041+0000] {taskinstance.py:2076} INFO - Dependencies all met for dep_context=requeueable deps ti=<TaskInstance: minio_to_snowflake.download_minio scheduled__2025-12-01T17:52:00+00:00 [queued]>
[2025-12-01T17:58:18.046+0000] {taskinstance.py:2306} INFO - Starting attempt 2 of 2
[2025-12-01T17:58:18.072+0000] {taskinstance.py:2330} INFO - Executing <Task(PythonOperator): download_minio> on 2025-12-01 17:52:00+00:00
[2025-12-01T17:58:18.086+0000] {standard_task_runner.py:90} INFO - Running: ['***', 'tasks', 'run', 'minio_to_snowflake', 'download_minio', 'scheduled__2025-12-01T17:52:00+00:00', '--job-id', '35', '--raw', '--subdir', 'DAGS_FOLDER/MINIO_TO_SNOWFLAKE.py', '--cfg-path', '/tmp/tmpber1uhg_']
[2025-12-01T17:58:18.093+0000] {standard_task_runner.py:91} INFO - Job 35: Subtask download_minio
[2025-12-01T17:58:18.094+0000] {logging_mixin.py:188} WARNING - /home/***/.local/lib/python3.12/site-packages/***/task/task_runner/standard_task_runner.py:62 DeprecationWarning: This process (pid=460) is multi-threaded, use of fork() may lead to deadlocks in the child.
[2025-12-01T17:58:18.095+0000] {standard_task_runner.py:64} INFO - Started process 466 to run task
[2025-12-01T17:58:18.208+0000] {task_command.py:426} INFO - Running <TaskInstance: minio_to_snowflake.download_minio scheduled__2025-12-01T17:52:00+00:00 [running]> on host 0861a8fa8539
[2025-12-01T17:58:18.405+0000] {taskinstance.py:2648} INFO - Exporting env vars: AIRFLOW_CTX_DAG_OWNER='***' AIRFLOW_CTX_DAG_ID='minio_to_snowflake' AIRFLOW_CTX_TASK_ID='download_minio' AIRFLOW_CTX_EXECUTION_DATE='2025-12-01T17:52:00+00:00' AIRFLOW_CTX_TRY_NUMBER='2' AIRFLOW_CTX_DAG_RUN_ID='scheduled__2025-12-01T17:52:00+00:00'
[2025-12-01T17:58:18.408+0000] {taskinstance.py:430} INFO - ::endgroup::
[2025-12-01T17:58:18.655+0000] {taskinstance.py:441} INFO - ::group::Post task execution logs
[2025-12-01T17:58:18.658+0000] {taskinstance.py:2905} ERROR - Task failed with exception
Traceback (most recent call last):
  File "/home/airflow/.local/lib/python3.12/site-packages/airflow/models/taskinstance.py", line 465, in _execute_task
    result = _execute_callable(context=context, **execute_callable_kwargs)
             ^^^^^^^^^^^^^^^^^^^^^^^^^^^^^^^^^^^^^^^^^^^^^^^^^^^^^^^^^^^^^
  File "/home/airflow/.local/lib/python3.12/site-packages/airflow/models/taskinstance.py", line 432, in _execute_callable
    return execute_callable(context=context, **execute_callable_kwargs)
           ^^^^^^^^^^^^^^^^^^^^^^^^^^^^^^^^^^^^^^^^^^^^^^^^^^^^^^^^^^^^
  File "/home/airflow/.local/lib/python3.12/site-packages/airflow/models/baseoperator.py", line 401, in wrapper
    return func(self, *args, **kwargs)
           ^^^^^^^^^^^^^^^^^^^^^^^^^^^
  File "/home/airflow/.local/lib/python3.12/site-packages/airflow/operators/python.py", line 235, in execute
    return_value = self.execute_callable()
                   ^^^^^^^^^^^^^^^^^^^^^^^
  File "/home/airflow/.local/lib/python3.12/site-packages/airflow/operators/python.py", line 252, in execute_callable
    return self.python_callable(*self.op_args, **self.op_kwargs)
           ^^^^^^^^^^^^^^^^^^^^^^^^^^^^^^^^^^^^^^^^^^^^^^^^^^^^^
  File "/opt/airflow/dags/MINIO_TO_SNOWFLAKE.py", line 57, in download_from_minio
    objects = s3.list_objects_v2(Bucket=BUCKET).get("Contents", [])
              ^^^^^^^^^^^^^^^^^^^^^^^^^^^^^^^^^
  File "/home/airflow/.local/lib/python3.12/site-packages/botocore/client.py", line 565, in _api_call
    return self._make_api_call(operation_name, kwargs)
           ^^^^^^^^^^^^^^^^^^^^^^^^^^^^^^^^^^^^^^^^^^^
  File "/home/airflow/.local/lib/python3.12/site-packages/botocore/client.py", line 1021, in _make_api_call
    raise error_class(parsed_response, operation_name)
botocore.errorfactory.NoSuchBucket: An error occurred (NoSuchBucket) when calling the ListObjectsV2 operation: The specified bucket does not exist
[2025-12-01T17:58:18.692+0000] {taskinstance.py:1206} INFO - Marking task as FAILED. dag_id=minio_to_snowflake, task_id=download_minio, run_id=scheduled__2025-12-01T17:52:00+00:00, execution_date=20251201T175200, start_date=20251201T175818, end_date=20251201T175818
[2025-12-01T17:58:18.726+0000] {standard_task_runner.py:110} ERROR - Failed to execute job 35 for task download_minio (An error occurred (NoSuchBucket) when calling the ListObjectsV2 operation: The specified bucket does not exist; 466)
[2025-12-01T17:58:18.764+0000] {local_task_job_runner.py:243} INFO - Task exited with return code 1
[2025-12-01T17:58:18.795+0000] {taskinstance.py:3503} INFO - 0 downstream tasks scheduled from follow-on schedule check
[2025-12-01T17:58:18.806+0000] {local_task_job_runner.py:222} INFO - ::endgroup::
